running develop
/usr/lib/python3/dist-packages/setuptools/command/easy_install.py:158: EasyInstallDeprecationWarning: easy_install command is deprecated. Use build and pip and other standards-based tools.
  warnings.warn(
/usr/lib/python3/dist-packages/setuptools/command/install.py:34: SetuptoolsDeprecationWarning: setup.py install is deprecated. Use build and pip and other standards-based tools.
  warnings.warn(
running egg_info
creating crazyflie_flight_path.egg-info
writing crazyflie_flight_path.egg-info/PKG-INFO
writing dependency_links to crazyflie_flight_path.egg-info/dependency_links.txt
writing entry points to crazyflie_flight_path.egg-info/entry_points.txt
writing requirements to crazyflie_flight_path.egg-info/requires.txt
writing top-level names to crazyflie_flight_path.egg-info/top_level.txt
writing manifest file 'crazyflie_flight_path.egg-info/SOURCES.txt'
reading manifest file 'crazyflie_flight_path.egg-info/SOURCES.txt'
writing manifest file 'crazyflie_flight_path.egg-info/SOURCES.txt'
running build_ext
Creating /home/aurelio/verrueckter_schwarm/ros2_ws/install/crazyflie_flight_path/lib/python3.10/site-packages/crazyflie-flight-path.egg-link (link to .)
Installing flight_path script to /home/aurelio/verrueckter_schwarm/ros2_ws/install/crazyflie_flight_path/lib/crazyflie_flight_path

Installed /home/aurelio/verrueckter_schwarm/ros2_ws/build/crazyflie_flight_path
running install_data
creating /home/aurelio/verrueckter_schwarm/ros2_ws/install/crazyflie_flight_path/share/ament_index
creating /home/aurelio/verrueckter_schwarm/ros2_ws/install/crazyflie_flight_path/share/ament_index/resource_index
creating /home/aurelio/verrueckter_schwarm/ros2_ws/install/crazyflie_flight_path/share/ament_index/resource_index/packages
copying resource/crazyflie_flight_path -> /home/aurelio/verrueckter_schwarm/ros2_ws/install/crazyflie_flight_path/share/ament_index/resource_index/packages
copying package.xml -> /home/aurelio/verrueckter_schwarm/ros2_ws/install/crazyflie_flight_path/share/crazyflie_flight_path
