[0.133s] Invoking command in '/home/aurelio/verrueckter_schwarm/ros2_ws/build/motion_capture_tracking': CMAKE_PREFIX_PATH=/home/aurelio/verrueckter_schwarm/ros2_ws/install/motion_capture_tracking_interfaces:/home/aurelio/verrueckter_schwarm/ros2_ws/install/motion_capture_tracking:/home/aurelio/verrueckter_schwarm/ros2_ws/install/crazyflie:/home/aurelio/verrueckter_schwarm/ros2_ws/install/crazyflie_sim:/home/aurelio/verrueckter_schwarm/ros2_ws/install/crazyflie_examples:/home/aurelio/verrueckter_schwarm/ros2_ws/install/crazyflie_interfaces:/home/aurelio/verrueckter_schwarm/ros2_ws/install/crazyflie_flight_path:/home/aurelio/verrueckter_schwarm/ros2_ws/install/crazyflie_py:/opt/ros/humble /usr/bin/cmake --build /home/aurelio/verrueckter_schwarm/ros2_ws/build/motion_capture_tracking -- -j4 -l4
[0.369s] [  8%] Built target quat
[0.463s] [ 16%] Built target qualisys_cpp_sdk
[0.470s] [ 19%] Built target librigidbodytracker
[0.532s] [ 66%] Built target vrpn
[0.539s] [ 83%] Built target ViconDataStreamSDK_CPP
[0.628s] [ 96%] Built target libmotioncapture
[0.707s] [100%] Built target motion_capture_tracking_node
[0.770s] Invoked command in '/home/aurelio/verrueckter_schwarm/ros2_ws/build/motion_capture_tracking' returned '0': CMAKE_PREFIX_PATH=/home/aurelio/verrueckter_schwarm/ros2_ws/install/motion_capture_tracking_interfaces:/home/aurelio/verrueckter_schwarm/ros2_ws/install/motion_capture_tracking:/home/aurelio/verrueckter_schwarm/ros2_ws/install/crazyflie:/home/aurelio/verrueckter_schwarm/ros2_ws/install/crazyflie_sim:/home/aurelio/verrueckter_schwarm/ros2_ws/install/crazyflie_examples:/home/aurelio/verrueckter_schwarm/ros2_ws/install/crazyflie_interfaces:/home/aurelio/verrueckter_schwarm/ros2_ws/install/crazyflie_flight_path:/home/aurelio/verrueckter_schwarm/ros2_ws/install/crazyflie_py:/opt/ros/humble /usr/bin/cmake --build /home/aurelio/verrueckter_schwarm/ros2_ws/build/motion_capture_tracking -- -j4 -l4
[0.918s] Invoking command in '/home/aurelio/verrueckter_schwarm/ros2_ws/build/motion_capture_tracking': CMAKE_PREFIX_PATH=/home/aurelio/verrueckter_schwarm/ros2_ws/install/motion_capture_tracking_interfaces:/home/aurelio/verrueckter_schwarm/ros2_ws/install/motion_capture_tracking:/home/aurelio/verrueckter_schwarm/ros2_ws/install/crazyflie:/home/aurelio/verrueckter_schwarm/ros2_ws/install/crazyflie_sim:/home/aurelio/verrueckter_schwarm/ros2_ws/install/crazyflie_examples:/home/aurelio/verrueckter_schwarm/ros2_ws/install/crazyflie_interfaces:/home/aurelio/verrueckter_schwarm/ros2_ws/install/crazyflie_flight_path:/home/aurelio/verrueckter_schwarm/ros2_ws/install/crazyflie_py:/opt/ros/humble /usr/bin/cmake --install /home/aurelio/verrueckter_schwarm/ros2_ws/build/motion_capture_tracking
[0.932s] -- Install configuration: ""
[0.936s] -- Execute custom install script
[0.938s] -- Up-to-date symlink: /home/aurelio/verrueckter_schwarm/ros2_ws/install/motion_capture_tracking/lib/motion_capture_tracking/motion_capture_tracking_node
[0.941s] -- Up-to-date symlink: /home/aurelio/verrueckter_schwarm/ros2_ws/install/motion_capture_tracking/share/motion_capture_tracking//launch/launch.py
[0.943s] -- Up-to-date symlink: /home/aurelio/verrueckter_schwarm/ros2_ws/install/motion_capture_tracking/share/motion_capture_tracking//launch/node.launch
[0.946s] -- Up-to-date symlink: /home/aurelio/verrueckter_schwarm/ros2_ws/install/motion_capture_tracking/share/motion_capture_tracking//config/cfg.yaml
[0.946s] -- Up-to-date symlink: /home/aurelio/verrueckter_schwarm/ros2_ws/install/motion_capture_tracking/share/motion_capture_tracking//config/rviz.rviz
[0.947s] -- Up-to-date symlink: /home/aurelio/verrueckter_schwarm/ros2_ws/install/motion_capture_tracking/share/ament_index/resource_index/package_run_dependencies/motion_capture_tracking
[0.947s] -- Up-to-date symlink: /home/aurelio/verrueckter_schwarm/ros2_ws/install/motion_capture_tracking/share/ament_index/resource_index/parent_prefix_path/motion_capture_tracking
[0.948s] -- Up-to-date symlink: /home/aurelio/verrueckter_schwarm/ros2_ws/install/motion_capture_tracking/share/motion_capture_tracking/environment/ament_prefix_path.sh
[0.948s] -- Up-to-date symlink: /home/aurelio/verrueckter_schwarm/ros2_ws/install/motion_capture_tracking/share/motion_capture_tracking/environment/ament_prefix_path.dsv
[0.953s] -- Up-to-date symlink: /home/aurelio/verrueckter_schwarm/ros2_ws/install/motion_capture_tracking/share/motion_capture_tracking/environment/path.sh
[0.953s] -- Up-to-date symlink: /home/aurelio/verrueckter_schwarm/ros2_ws/install/motion_capture_tracking/share/motion_capture_tracking/environment/path.dsv
[0.954s] -- Up-to-date symlink: /home/aurelio/verrueckter_schwarm/ros2_ws/install/motion_capture_tracking/share/motion_capture_tracking/local_setup.bash
[0.954s] -- Up-to-date symlink: /home/aurelio/verrueckter_schwarm/ros2_ws/install/motion_capture_tracking/share/motion_capture_tracking/local_setup.sh
[0.956s] -- Up-to-date symlink: /home/aurelio/verrueckter_schwarm/ros2_ws/install/motion_capture_tracking/share/motion_capture_tracking/local_setup.zsh
[0.956s] -- Up-to-date symlink: /home/aurelio/verrueckter_schwarm/ros2_ws/install/motion_capture_tracking/share/motion_capture_tracking/local_setup.dsv
[0.956s] -- Symlinking: /home/aurelio/verrueckter_schwarm/ros2_ws/install/motion_capture_tracking/share/motion_capture_tracking/package.dsv
[0.975s] -- Up-to-date symlink: /home/aurelio/verrueckter_schwarm/ros2_ws/install/motion_capture_tracking/share/ament_index/resource_index/packages/motion_capture_tracking
[0.976s] -- Up-to-date symlink: /home/aurelio/verrueckter_schwarm/ros2_ws/install/motion_capture_tracking/share/motion_capture_tracking/cmake/motion_capture_trackingConfig.cmake
[0.981s] -- Up-to-date symlink: /home/aurelio/verrueckter_schwarm/ros2_ws/install/motion_capture_tracking/share/motion_capture_tracking/cmake/motion_capture_trackingConfig-version.cmake
[0.982s] -- Up-to-date symlink: /home/aurelio/verrueckter_schwarm/ros2_ws/install/motion_capture_tracking/share/motion_capture_tracking/package.xml
[0.982s] Invoked command in '/home/aurelio/verrueckter_schwarm/ros2_ws/build/motion_capture_tracking' returned '0': CMAKE_PREFIX_PATH=/home/aurelio/verrueckter_schwarm/ros2_ws/install/motion_capture_tracking_interfaces:/home/aurelio/verrueckter_schwarm/ros2_ws/install/motion_capture_tracking:/home/aurelio/verrueckter_schwarm/ros2_ws/install/crazyflie:/home/aurelio/verrueckter_schwarm/ros2_ws/install/crazyflie_sim:/home/aurelio/verrueckter_schwarm/ros2_ws/install/crazyflie_examples:/home/aurelio/verrueckter_schwarm/ros2_ws/install/crazyflie_interfaces:/home/aurelio/verrueckter_schwarm/ros2_ws/install/crazyflie_flight_path:/home/aurelio/verrueckter_schwarm/ros2_ws/install/crazyflie_py:/opt/ros/humble /usr/bin/cmake --install /home/aurelio/verrueckter_schwarm/ros2_ws/build/motion_capture_tracking
