[0.212s] Invoking command in '/home/aurelio/verrueckter_schwarm/ros2_ws/build/crazyflie_examples': AMENT_PREFIX_PATH=/home/aurelio/verrueckter_schwarm/ros2_ws/install/crazyflie_py:/home/aurelio/verrueckter_schwarm/ros2_ws/install/motion_capture_tracking:/home/aurelio/verrueckter_schwarm/ros2_ws/install/crazyflie:/home/aurelio/verrueckter_schwarm/ros2_ws/install/motion_capture_tracking_interfaces:/home/aurelio/verrueckter_schwarm/ros2_ws/install/crazyflie_sim:/home/aurelio/verrueckter_schwarm/ros2_ws/install/crazyflie_examples:/home/aurelio/verrueckter_schwarm/ros2_ws/install/crazyflie_interfaces:/opt/ros/humble CMAKE_PREFIX_PATH=/home/aurelio/verrueckter_schwarm/ros2_ws/install/crazyflie_interfaces:/home/aurelio/verrueckter_schwarm/ros2_ws/install/motion_capture_tracking:/home/aurelio/verrueckter_schwarm/ros2_ws/install/crazyflie:/home/aurelio/verrueckter_schwarm/ros2_ws/install/motion_capture_tracking_interfaces:/home/aurelio/verrueckter_schwarm/ros2_ws/install/crazyflie_sim:/home/aurelio/verrueckter_schwarm/ros2_ws/install/crazyflie_examples:/home/aurelio/verrueckter_schwarm/ros2_ws/install/crazyflie_py:/opt/ros/humble LD_LIBRARY_PATH=/home/aurelio/verrueckter_schwarm/ros2_ws/install/crazyflie_interfaces/lib:/home/aurelio/verrueckter_schwarm/ros2_ws/install/motion_capture_tracking_interfaces/lib:/opt/ros/humble/opt/rviz_ogre_vendor/lib:/opt/ros/humble/lib/x86_64-linux-gnu:/opt/ros/humble/lib PYTHONPATH=/home/aurelio/verrueckter_schwarm/ros2_ws/build/crazyflie_py:/home/aurelio/verrueckter_schwarm/ros2_ws/install/crazyflie_py/lib/python3.10/site-packages:/home/aurelio/verrueckter_schwarm/ros2_ws/install/motion_capture_tracking_interfaces/local/lib/python3.10/dist-packages:/home/aurelio/verrueckter_schwarm/ros2_ws/install/crazyflie_sim/local/lib/python3.10/dist-packages:/home/aurelio/verrueckter_schwarm/ros2_ws/install/crazyflie_examples/local/lib/python3.10/dist-packages:/home/aurelio/verrueckter_schwarm/ros2_ws/install/crazyflie_interfaces/local/lib/python3.10/dist-packages:/opt/ros/humble/lib/python3.10/site-packages:/opt/ros/humble/local/lib/python3.10/dist-packages /usr/bin/cmake --build /home/aurelio/verrueckter_schwarm/ros2_ws/build/crazyflie_examples -- -j4 -l4
[0.323s] Built target ament_cmake_python_symlink_crazyflie_examples
[0.336s] Built target ament_cmake_python_symlink_crazyflie_examples_setup
[0.943s] running egg_info
[0.946s] writing crazyflie_examples.egg-info/PKG-INFO
[0.948s] writing dependency_links to crazyflie_examples.egg-info/dependency_links.txt
[0.950s] writing entry points to crazyflie_examples.egg-info/entry_points.txt
[0.953s] writing top-level names to crazyflie_examples.egg-info/top_level.txt
[0.961s] reading manifest file 'crazyflie_examples.egg-info/SOURCES.txt'
[0.964s] writing manifest file 'crazyflie_examples.egg-info/SOURCES.txt'
[1.021s] running install_scripts
[1.029s] /usr/lib/python3/dist-packages/setuptools/command/install.py:34: SetuptoolsDeprecationWarning: setup.py install is deprecated. Use build and pip and other standards-based tools.
[1.029s]   warnings.warn(
[1.036s] Built target ament_cmake_python_build_crazyflie_examples_egg
[1.094s] running egg_info
[1.097s] writing crazyflie_examples.egg-info/PKG-INFO
[1.097s] writing dependency_links to crazyflie_examples.egg-info/dependency_links.txt
[1.097s] writing entry points to crazyflie_examples.egg-info/entry_points.txt
[1.098s] writing top-level names to crazyflie_examples.egg-info/top_level.txt
[1.101s] reading manifest file 'crazyflie_examples.egg-info/SOURCES.txt'
[1.103s] writing manifest file 'crazyflie_examples.egg-info/SOURCES.txt'
[1.105s] Installing cmd_full_state script to scripts
[1.106s] Installing figure8 script to scripts
[1.106s] Installing hello_world script to scripts
[1.106s] Installing multi_trajectory script to scripts
[1.106s] Installing nice_hover script to scripts
[1.107s] Installing set_param script to scripts
[1.181s] Built target ament_cmake_python_build_crazyflie_examples_scripts
[1.215s] Invoked command in '/home/aurelio/verrueckter_schwarm/ros2_ws/build/crazyflie_examples' returned '0': AMENT_PREFIX_PATH=/home/aurelio/verrueckter_schwarm/ros2_ws/install/crazyflie_py:/home/aurelio/verrueckter_schwarm/ros2_ws/install/motion_capture_tracking:/home/aurelio/verrueckter_schwarm/ros2_ws/install/crazyflie:/home/aurelio/verrueckter_schwarm/ros2_ws/install/motion_capture_tracking_interfaces:/home/aurelio/verrueckter_schwarm/ros2_ws/install/crazyflie_sim:/home/aurelio/verrueckter_schwarm/ros2_ws/install/crazyflie_examples:/home/aurelio/verrueckter_schwarm/ros2_ws/install/crazyflie_interfaces:/opt/ros/humble CMAKE_PREFIX_PATH=/home/aurelio/verrueckter_schwarm/ros2_ws/install/crazyflie_interfaces:/home/aurelio/verrueckter_schwarm/ros2_ws/install/motion_capture_tracking:/home/aurelio/verrueckter_schwarm/ros2_ws/install/crazyflie:/home/aurelio/verrueckter_schwarm/ros2_ws/install/motion_capture_tracking_interfaces:/home/aurelio/verrueckter_schwarm/ros2_ws/install/crazyflie_sim:/home/aurelio/verrueckter_schwarm/ros2_ws/install/crazyflie_examples:/home/aurelio/verrueckter_schwarm/ros2_ws/install/crazyflie_py:/opt/ros/humble LD_LIBRARY_PATH=/home/aurelio/verrueckter_schwarm/ros2_ws/install/crazyflie_interfaces/lib:/home/aurelio/verrueckter_schwarm/ros2_ws/install/motion_capture_tracking_interfaces/lib:/opt/ros/humble/opt/rviz_ogre_vendor/lib:/opt/ros/humble/lib/x86_64-linux-gnu:/opt/ros/humble/lib PYTHONPATH=/home/aurelio/verrueckter_schwarm/ros2_ws/build/crazyflie_py:/home/aurelio/verrueckter_schwarm/ros2_ws/install/crazyflie_py/lib/python3.10/site-packages:/home/aurelio/verrueckter_schwarm/ros2_ws/install/motion_capture_tracking_interfaces/local/lib/python3.10/dist-packages:/home/aurelio/verrueckter_schwarm/ros2_ws/install/crazyflie_sim/local/lib/python3.10/dist-packages:/home/aurelio/verrueckter_schwarm/ros2_ws/install/crazyflie_examples/local/lib/python3.10/dist-packages:/home/aurelio/verrueckter_schwarm/ros2_ws/install/crazyflie_interfaces/local/lib/python3.10/dist-packages:/opt/ros/humble/lib/python3.10/site-packages:/opt/ros/humble/local/lib/python3.10/dist-packages /usr/bin/cmake --build /home/aurelio/verrueckter_schwarm/ros2_ws/build/crazyflie_examples -- -j4 -l4
[1.311s] Invoking command in '/home/aurelio/verrueckter_schwarm/ros2_ws/build/crazyflie_examples': AMENT_PREFIX_PATH=/home/aurelio/verrueckter_schwarm/ros2_ws/install/crazyflie_py:/home/aurelio/verrueckter_schwarm/ros2_ws/install/motion_capture_tracking:/home/aurelio/verrueckter_schwarm/ros2_ws/install/crazyflie:/home/aurelio/verrueckter_schwarm/ros2_ws/install/motion_capture_tracking_interfaces:/home/aurelio/verrueckter_schwarm/ros2_ws/install/crazyflie_sim:/home/aurelio/verrueckter_schwarm/ros2_ws/install/crazyflie_examples:/home/aurelio/verrueckter_schwarm/ros2_ws/install/crazyflie_interfaces:/opt/ros/humble CMAKE_PREFIX_PATH=/home/aurelio/verrueckter_schwarm/ros2_ws/install/crazyflie_interfaces:/home/aurelio/verrueckter_schwarm/ros2_ws/install/motion_capture_tracking:/home/aurelio/verrueckter_schwarm/ros2_ws/install/crazyflie:/home/aurelio/verrueckter_schwarm/ros2_ws/install/motion_capture_tracking_interfaces:/home/aurelio/verrueckter_schwarm/ros2_ws/install/crazyflie_sim:/home/aurelio/verrueckter_schwarm/ros2_ws/install/crazyflie_examples:/home/aurelio/verrueckter_schwarm/ros2_ws/install/crazyflie_py:/opt/ros/humble LD_LIBRARY_PATH=/home/aurelio/verrueckter_schwarm/ros2_ws/install/crazyflie_interfaces/lib:/home/aurelio/verrueckter_schwarm/ros2_ws/install/motion_capture_tracking_interfaces/lib:/opt/ros/humble/opt/rviz_ogre_vendor/lib:/opt/ros/humble/lib/x86_64-linux-gnu:/opt/ros/humble/lib PYTHONPATH=/home/aurelio/verrueckter_schwarm/ros2_ws/build/crazyflie_py:/home/aurelio/verrueckter_schwarm/ros2_ws/install/crazyflie_py/lib/python3.10/site-packages:/home/aurelio/verrueckter_schwarm/ros2_ws/install/motion_capture_tracking_interfaces/local/lib/python3.10/dist-packages:/home/aurelio/verrueckter_schwarm/ros2_ws/install/crazyflie_sim/local/lib/python3.10/dist-packages:/home/aurelio/verrueckter_schwarm/ros2_ws/install/crazyflie_examples/local/lib/python3.10/dist-packages:/home/aurelio/verrueckter_schwarm/ros2_ws/install/crazyflie_interfaces/local/lib/python3.10/dist-packages:/opt/ros/humble/lib/python3.10/site-packages:/opt/ros/humble/local/lib/python3.10/dist-packages /usr/bin/cmake --install /home/aurelio/verrueckter_schwarm/ros2_ws/build/crazyflie_examples
[1.329s] -- Install configuration: ""
[1.332s] -- Execute custom install script
[1.334s] -- Up-to-date symlink: /home/aurelio/verrueckter_schwarm/ros2_ws/install/crazyflie_examples/share/crazyflie_examples/environment/pythonpath.sh
[1.335s] -- Up-to-date symlink: /home/aurelio/verrueckter_schwarm/ros2_ws/install/crazyflie_examples/share/crazyflie_examples/environment/pythonpath.dsv
[1.337s] -- Up-to-date symlink: /home/aurelio/verrueckter_schwarm/ros2_ws/install/crazyflie_examples/local/lib/python3.10/dist-packages/crazyflie_examples-2.0.0-py3.10.egg-info/PKG-INFO
[1.337s] -- Up-to-date symlink: /home/aurelio/verrueckter_schwarm/ros2_ws/install/crazyflie_examples/local/lib/python3.10/dist-packages/crazyflie_examples-2.0.0-py3.10.egg-info/SOURCES.txt
[1.338s] -- Up-to-date symlink: /home/aurelio/verrueckter_schwarm/ros2_ws/install/crazyflie_examples/local/lib/python3.10/dist-packages/crazyflie_examples-2.0.0-py3.10.egg-info/dependency_links.txt
[1.338s] -- Up-to-date symlink: /home/aurelio/verrueckter_schwarm/ros2_ws/install/crazyflie_examples/local/lib/python3.10/dist-packages/crazyflie_examples-2.0.0-py3.10.egg-info/entry_points.txt
[1.338s] -- Up-to-date symlink: /home/aurelio/verrueckter_schwarm/ros2_ws/install/crazyflie_examples/local/lib/python3.10/dist-packages/crazyflie_examples-2.0.0-py3.10.egg-info/top_level.txt
[1.338s] -- Up-to-date symlink: /home/aurelio/verrueckter_schwarm/ros2_ws/install/crazyflie_examples/lib/crazyflie_examples//cmd_full_state
[1.339s] -- Up-to-date symlink: /home/aurelio/verrueckter_schwarm/ros2_ws/install/crazyflie_examples/lib/crazyflie_examples//figure8
[1.342s] -- Up-to-date symlink: /home/aurelio/verrueckter_schwarm/ros2_ws/install/crazyflie_examples/lib/crazyflie_examples//hello_world
[1.342s] -- Up-to-date symlink: /home/aurelio/verrueckter_schwarm/ros2_ws/install/crazyflie_examples/lib/crazyflie_examples//multi_trajectory
[1.343s] -- Up-to-date symlink: /home/aurelio/verrueckter_schwarm/ros2_ws/install/crazyflie_examples/lib/crazyflie_examples//nice_hover
[1.343s] -- Up-to-date symlink: /home/aurelio/verrueckter_schwarm/ros2_ws/install/crazyflie_examples/lib/crazyflie_examples//set_param
[1.343s] -- Up-to-date symlink: /home/aurelio/verrueckter_schwarm/ros2_ws/install/crazyflie_examples/local/lib/python3.10/dist-packages/crazyflie_examples/__init__.py
[1.343s] -- Up-to-date symlink: /home/aurelio/verrueckter_schwarm/ros2_ws/install/crazyflie_examples/local/lib/python3.10/dist-packages/crazyflie_examples/cmd_full_state.py
[1.343s] -- Up-to-date symlink: /home/aurelio/verrueckter_schwarm/ros2_ws/install/crazyflie_examples/local/lib/python3.10/dist-packages/crazyflie_examples/data/figure8.csv
[1.344s] -- Up-to-date symlink: /home/aurelio/verrueckter_schwarm/ros2_ws/install/crazyflie_examples/local/lib/python3.10/dist-packages/crazyflie_examples/data/multi_trajectory/traj0.csv
[1.344s] -- Up-to-date symlink: /home/aurelio/verrueckter_schwarm/ros2_ws/install/crazyflie_examples/local/lib/python3.10/dist-packages/crazyflie_examples/data/multi_trajectory/traj1.csv
[1.344s] -- Up-to-date symlink: /home/aurelio/verrueckter_schwarm/ros2_ws/install/crazyflie_examples/local/lib/python3.10/dist-packages/crazyflie_examples/figure8.py
[1.345s] -- Up-to-date symlink: /home/aurelio/verrueckter_schwarm/ros2_ws/install/crazyflie_examples/local/lib/python3.10/dist-packages/crazyflie_examples/hello_world.py
[1.345s] -- Symlinking: /home/aurelio/verrueckter_schwarm/ros2_ws/install/crazyflie_examples/local/lib/python3.10/dist-packages/crazyflie_examples/hello_world_multi.py
[1.365s] -- Up-to-date symlink: /home/aurelio/verrueckter_schwarm/ros2_ws/install/crazyflie_examples/local/lib/python3.10/dist-packages/crazyflie_examples/multi_trajectory.py
[1.365s] -- Up-to-date symlink: /home/aurelio/verrueckter_schwarm/ros2_ws/install/crazyflie_examples/local/lib/python3.10/dist-packages/crazyflie_examples/nice_hover.py
[1.365s] -- Up-to-date symlink: /home/aurelio/verrueckter_schwarm/ros2_ws/install/crazyflie_examples/local/lib/python3.10/dist-packages/crazyflie_examples/set_param.py
[1.366s] -- Up-to-date symlink: /home/aurelio/verrueckter_schwarm/ros2_ws/install/crazyflie_examples/share/crazyflie_examples//config/nav2_params.yaml
[1.367s] -- Up-to-date symlink: /home/aurelio/verrueckter_schwarm/ros2_ws/install/crazyflie_examples/share/crazyflie_examples//config/nav2_view.rviz
[1.367s] -- Up-to-date symlink: /home/aurelio/verrueckter_schwarm/ros2_ws/install/crazyflie_examples/share/crazyflie_examples//data/map.data
[1.368s] -- Up-to-date symlink: /home/aurelio/verrueckter_schwarm/ros2_ws/install/crazyflie_examples/share/crazyflie_examples//data/map.pgm
[1.368s] -- Up-to-date symlink: /home/aurelio/verrueckter_schwarm/ros2_ws/install/crazyflie_examples/share/crazyflie_examples//data/map.posegraph
[1.368s] -- Up-to-date symlink: /home/aurelio/verrueckter_schwarm/ros2_ws/install/crazyflie_examples/share/crazyflie_examples//data/map.yaml
[1.369s] -- Up-to-date symlink: /home/aurelio/verrueckter_schwarm/ros2_ws/install/crazyflie_examples/share/crazyflie_examples//launch/keyboard_velmux_launch.py
[1.369s] -- Up-to-date symlink: /home/aurelio/verrueckter_schwarm/ros2_ws/install/crazyflie_examples/share/crazyflie_examples//launch/multiranger_mapping_launch.py
[1.370s] -- Up-to-date symlink: /home/aurelio/verrueckter_schwarm/ros2_ws/install/crazyflie_examples/share/crazyflie_examples//launch/multiranger_nav2_launch.py
[1.370s] -- Up-to-date symlink: /home/aurelio/verrueckter_schwarm/ros2_ws/install/crazyflie_examples/share/ament_index/resource_index/package_run_dependencies/crazyflie_examples
[1.370s] -- Up-to-date symlink: /home/aurelio/verrueckter_schwarm/ros2_ws/install/crazyflie_examples/share/ament_index/resource_index/parent_prefix_path/crazyflie_examples
[1.371s] -- Up-to-date symlink: /home/aurelio/verrueckter_schwarm/ros2_ws/install/crazyflie_examples/share/crazyflie_examples/environment/ament_prefix_path.sh
[1.371s] -- Up-to-date symlink: /home/aurelio/verrueckter_schwarm/ros2_ws/install/crazyflie_examples/share/crazyflie_examples/environment/ament_prefix_path.dsv
[1.372s] -- Up-to-date symlink: /home/aurelio/verrueckter_schwarm/ros2_ws/install/crazyflie_examples/share/crazyflie_examples/environment/path.sh
[1.372s] -- Up-to-date symlink: /home/aurelio/verrueckter_schwarm/ros2_ws/install/crazyflie_examples/share/crazyflie_examples/environment/path.dsv
[1.373s] -- Up-to-date symlink: /home/aurelio/verrueckter_schwarm/ros2_ws/install/crazyflie_examples/share/crazyflie_examples/local_setup.bash
[1.373s] -- Up-to-date symlink: /home/aurelio/verrueckter_schwarm/ros2_ws/install/crazyflie_examples/share/crazyflie_examples/local_setup.sh
[1.373s] -- Up-to-date symlink: /home/aurelio/verrueckter_schwarm/ros2_ws/install/crazyflie_examples/share/crazyflie_examples/local_setup.zsh
[1.373s] -- Up-to-date symlink: /home/aurelio/verrueckter_schwarm/ros2_ws/install/crazyflie_examples/share/crazyflie_examples/local_setup.dsv
[1.374s] -- Symlinking: /home/aurelio/verrueckter_schwarm/ros2_ws/install/crazyflie_examples/share/crazyflie_examples/package.dsv
[1.388s] -- Up-to-date symlink: /home/aurelio/verrueckter_schwarm/ros2_ws/install/crazyflie_examples/share/ament_index/resource_index/packages/crazyflie_examples
[1.388s] -- Up-to-date symlink: /home/aurelio/verrueckter_schwarm/ros2_ws/install/crazyflie_examples/share/crazyflie_examples/cmake/crazyflie_examplesConfig.cmake
[1.389s] -- Up-to-date symlink: /home/aurelio/verrueckter_schwarm/ros2_ws/install/crazyflie_examples/share/crazyflie_examples/cmake/crazyflie_examplesConfig-version.cmake
[1.389s] -- Up-to-date symlink: /home/aurelio/verrueckter_schwarm/ros2_ws/install/crazyflie_examples/share/crazyflie_examples/package.xml
[1.462s] Listing '/home/aurelio/verrueckter_schwarm/ros2_ws/install/crazyflie_examples/local/lib/python3.10/dist-packages/crazyflie_examples'...
[1.462s] Listing '/home/aurelio/verrueckter_schwarm/ros2_ws/install/crazyflie_examples/local/lib/python3.10/dist-packages/crazyflie_examples/data'...
[1.462s] Listing '/home/aurelio/verrueckter_schwarm/ros2_ws/install/crazyflie_examples/local/lib/python3.10/dist-packages/crazyflie_examples/data/multi_trajectory'...
[1.463s] Compiling '/home/aurelio/verrueckter_schwarm/ros2_ws/install/crazyflie_examples/local/lib/python3.10/dist-packages/crazyflie_examples/hello_world_multi.py'...
[1.478s] Invoked command in '/home/aurelio/verrueckter_schwarm/ros2_ws/build/crazyflie_examples' returned '0': AMENT_PREFIX_PATH=/home/aurelio/verrueckter_schwarm/ros2_ws/install/crazyflie_py:/home/aurelio/verrueckter_schwarm/ros2_ws/install/motion_capture_tracking:/home/aurelio/verrueckter_schwarm/ros2_ws/install/crazyflie:/home/aurelio/verrueckter_schwarm/ros2_ws/install/motion_capture_tracking_interfaces:/home/aurelio/verrueckter_schwarm/ros2_ws/install/crazyflie_sim:/home/aurelio/verrueckter_schwarm/ros2_ws/install/crazyflie_examples:/home/aurelio/verrueckter_schwarm/ros2_ws/install/crazyflie_interfaces:/opt/ros/humble CMAKE_PREFIX_PATH=/home/aurelio/verrueckter_schwarm/ros2_ws/install/crazyflie_interfaces:/home/aurelio/verrueckter_schwarm/ros2_ws/install/motion_capture_tracking:/home/aurelio/verrueckter_schwarm/ros2_ws/install/crazyflie:/home/aurelio/verrueckter_schwarm/ros2_ws/install/motion_capture_tracking_interfaces:/home/aurelio/verrueckter_schwarm/ros2_ws/install/crazyflie_sim:/home/aurelio/verrueckter_schwarm/ros2_ws/install/crazyflie_examples:/home/aurelio/verrueckter_schwarm/ros2_ws/install/crazyflie_py:/opt/ros/humble LD_LIBRARY_PATH=/home/aurelio/verrueckter_schwarm/ros2_ws/install/crazyflie_interfaces/lib:/home/aurelio/verrueckter_schwarm/ros2_ws/install/motion_capture_tracking_interfaces/lib:/opt/ros/humble/opt/rviz_ogre_vendor/lib:/opt/ros/humble/lib/x86_64-linux-gnu:/opt/ros/humble/lib PYTHONPATH=/home/aurelio/verrueckter_schwarm/ros2_ws/build/crazyflie_py:/home/aurelio/verrueckter_schwarm/ros2_ws/install/crazyflie_py/lib/python3.10/site-packages:/home/aurelio/verrueckter_schwarm/ros2_ws/install/motion_capture_tracking_interfaces/local/lib/python3.10/dist-packages:/home/aurelio/verrueckter_schwarm/ros2_ws/install/crazyflie_sim/local/lib/python3.10/dist-packages:/home/aurelio/verrueckter_schwarm/ros2_ws/install/crazyflie_examples/local/lib/python3.10/dist-packages:/home/aurelio/verrueckter_schwarm/ros2_ws/install/crazyflie_interfaces/local/lib/python3.10/dist-packages:/opt/ros/humble/lib/python3.10/site-packages:/opt/ros/humble/local/lib/python3.10/dist-packages /usr/bin/cmake --install /home/aurelio/verrueckter_schwarm/ros2_ws/build/crazyflie_examples
