[0.129s] Invoking command in '/home/aurelio/verrueckter_schwarm/ros2_ws/build/motion_capture_tracking_interfaces': CMAKE_PREFIX_PATH=${CMAKE_PREFIX_PATH}:/home/aurelio/verrueckter_schwarm/ros2_ws/install/crazyflie_flight_path:/home/aurelio/verrueckter_schwarm/ros2_ws/install/crazyflie_py:/opt/ros/humble /usr/bin/cmake --build /home/aurelio/verrueckter_schwarm/ros2_ws/build/motion_capture_tracking_interfaces -- -j4 -l4
[0.247s] [  2%] Built target motion_capture_tracking_interfaces__cpp
[0.255s] [  2%] Built target ament_cmake_python_symlink_motion_capture_tracking_interfaces
[0.278s] [ 12%] Built target motion_capture_tracking_interfaces__rosidl_generator_c
[0.351s] [ 23%] Built target motion_capture_tracking_interfaces__rosidl_typesupport_cpp
[0.371s] [ 33%] Built target motion_capture_tracking_interfaces__rosidl_typesupport_introspection_cpp
[0.399s] [ 43%] Built target motion_capture_tracking_interfaces__rosidl_typesupport_fastrtps_cpp
[0.473s] [ 53%] Built target motion_capture_tracking_interfaces__rosidl_typesupport_fastrtps_c
[0.496s] [ 64%] Built target motion_capture_tracking_interfaces__rosidl_typesupport_introspection_c
[0.514s] [ 74%] Built target motion_capture_tracking_interfaces__rosidl_typesupport_c
[0.582s] [ 74%] Built target motion_capture_tracking_interfaces
[0.634s] [ 76%] Built target motion_capture_tracking_interfaces__py
[0.743s] [ 84%] Built target motion_capture_tracking_interfaces__rosidl_generator_py
[0.844s] [ 89%] Built target motion_capture_tracking_interfaces__rosidl_typesupport_introspection_c__pyext
[0.879s] [ 94%] Built target motion_capture_tracking_interfaces__rosidl_typesupport_fastrtps_c__pyext
[0.887s] [100%] Built target motion_capture_tracking_interfaces__rosidl_typesupport_c__pyext
[1.083s] running egg_info
[1.085s] writing motion_capture_tracking_interfaces.egg-info/PKG-INFO
[1.085s] writing dependency_links to motion_capture_tracking_interfaces.egg-info/dependency_links.txt
[1.086s] writing top-level names to motion_capture_tracking_interfaces.egg-info/top_level.txt
[1.089s] reading manifest file 'motion_capture_tracking_interfaces.egg-info/SOURCES.txt'
[1.091s] writing manifest file 'motion_capture_tracking_interfaces.egg-info/SOURCES.txt'
[1.135s] [100%] Built target ament_cmake_python_build_motion_capture_tracking_interfaces_egg
[1.157s] Invoked command in '/home/aurelio/verrueckter_schwarm/ros2_ws/build/motion_capture_tracking_interfaces' returned '0': CMAKE_PREFIX_PATH=${CMAKE_PREFIX_PATH}:/home/aurelio/verrueckter_schwarm/ros2_ws/install/crazyflie_flight_path:/home/aurelio/verrueckter_schwarm/ros2_ws/install/crazyflie_py:/opt/ros/humble /usr/bin/cmake --build /home/aurelio/verrueckter_schwarm/ros2_ws/build/motion_capture_tracking_interfaces -- -j4 -l4
[1.323s] Invoking command in '/home/aurelio/verrueckter_schwarm/ros2_ws/build/motion_capture_tracking_interfaces': CMAKE_PREFIX_PATH=${CMAKE_PREFIX_PATH}:/home/aurelio/verrueckter_schwarm/ros2_ws/install/crazyflie_flight_path:/home/aurelio/verrueckter_schwarm/ros2_ws/install/crazyflie_py:/opt/ros/humble /usr/bin/cmake --install /home/aurelio/verrueckter_schwarm/ros2_ws/build/motion_capture_tracking_interfaces
[1.337s] -- Install configuration: ""
[1.338s] -- Execute custom install script
[1.339s] -- Up-to-date symlink: /home/aurelio/verrueckter_schwarm/ros2_ws/install/motion_capture_tracking_interfaces/share/ament_index/resource_index/rosidl_interfaces/motion_capture_tracking_interfaces
[1.340s] -- Up-to-date symlink: /home/aurelio/verrueckter_schwarm/ros2_ws/install/motion_capture_tracking_interfaces/include/motion_capture_tracking_interfaces/motion_capture_tracking_interfaces/msg/detail/named_pose__functions.h
[1.340s] -- Up-to-date symlink: /home/aurelio/verrueckter_schwarm/ros2_ws/install/motion_capture_tracking_interfaces/include/motion_capture_tracking_interfaces/motion_capture_tracking_interfaces/msg/detail/named_pose__struct.h
[1.341s] -- Up-to-date symlink: /home/aurelio/verrueckter_schwarm/ros2_ws/install/motion_capture_tracking_interfaces/include/motion_capture_tracking_interfaces/motion_capture_tracking_interfaces/msg/detail/named_pose__type_support.h
[1.341s] -- Up-to-date symlink: /home/aurelio/verrueckter_schwarm/ros2_ws/install/motion_capture_tracking_interfaces/include/motion_capture_tracking_interfaces/motion_capture_tracking_interfaces/msg/detail/named_pose_array__functions.h
[1.341s] -- Up-to-date symlink: /home/aurelio/verrueckter_schwarm/ros2_ws/install/motion_capture_tracking_interfaces/include/motion_capture_tracking_interfaces/motion_capture_tracking_interfaces/msg/detail/named_pose_array__struct.h
[1.342s] -- Up-to-date symlink: /home/aurelio/verrueckter_schwarm/ros2_ws/install/motion_capture_tracking_interfaces/include/motion_capture_tracking_interfaces/motion_capture_tracking_interfaces/msg/detail/named_pose_array__type_support.h
[1.342s] -- Up-to-date symlink: /home/aurelio/verrueckter_schwarm/ros2_ws/install/motion_capture_tracking_interfaces/include/motion_capture_tracking_interfaces/motion_capture_tracking_interfaces/msg/named_pose.h
[1.342s] -- Up-to-date symlink: /home/aurelio/verrueckter_schwarm/ros2_ws/install/motion_capture_tracking_interfaces/include/motion_capture_tracking_interfaces/motion_capture_tracking_interfaces/msg/named_pose_array.h
[1.343s] -- Up-to-date symlink: /home/aurelio/verrueckter_schwarm/ros2_ws/install/motion_capture_tracking_interfaces/include/motion_capture_tracking_interfaces/motion_capture_tracking_interfaces/msg/rosidl_generator_c__visibility_control.h
[1.343s] -- Up-to-date symlink: /home/aurelio/verrueckter_schwarm/ros2_ws/install/motion_capture_tracking_interfaces/share/motion_capture_tracking_interfaces/environment/library_path.sh
[1.343s] -- Up-to-date symlink: /home/aurelio/verrueckter_schwarm/ros2_ws/install/motion_capture_tracking_interfaces/share/motion_capture_tracking_interfaces/environment/library_path.dsv
[1.345s] -- Up-to-date symlink: /home/aurelio/verrueckter_schwarm/ros2_ws/install/motion_capture_tracking_interfaces/include/motion_capture_tracking_interfaces/motion_capture_tracking_interfaces/msg/detail/named_pose__rosidl_typesupport_fastrtps_c.h
[1.345s] -- Up-to-date symlink: /home/aurelio/verrueckter_schwarm/ros2_ws/install/motion_capture_tracking_interfaces/include/motion_capture_tracking_interfaces/motion_capture_tracking_interfaces/msg/detail/named_pose_array__rosidl_typesupport_fastrtps_c.h
[1.345s] -- Up-to-date symlink: /home/aurelio/verrueckter_schwarm/ros2_ws/install/motion_capture_tracking_interfaces/include/motion_capture_tracking_interfaces/motion_capture_tracking_interfaces/msg/rosidl_typesupport_fastrtps_c__visibility_control.h
[1.346s] -- Up-to-date symlink: /home/aurelio/verrueckter_schwarm/ros2_ws/install/motion_capture_tracking_interfaces/include/motion_capture_tracking_interfaces/motion_capture_tracking_interfaces/msg/detail/named_pose__builder.hpp
[1.347s] -- Up-to-date symlink: /home/aurelio/verrueckter_schwarm/ros2_ws/install/motion_capture_tracking_interfaces/include/motion_capture_tracking_interfaces/motion_capture_tracking_interfaces/msg/detail/named_pose__struct.hpp
[1.347s] -- Up-to-date symlink: /home/aurelio/verrueckter_schwarm/ros2_ws/install/motion_capture_tracking_interfaces/include/motion_capture_tracking_interfaces/motion_capture_tracking_interfaces/msg/detail/named_pose__traits.hpp
[1.347s] -- Up-to-date symlink: /home/aurelio/verrueckter_schwarm/ros2_ws/install/motion_capture_tracking_interfaces/include/motion_capture_tracking_interfaces/motion_capture_tracking_interfaces/msg/detail/named_pose_array__builder.hpp
[1.348s] -- Up-to-date symlink: /home/aurelio/verrueckter_schwarm/ros2_ws/install/motion_capture_tracking_interfaces/include/motion_capture_tracking_interfaces/motion_capture_tracking_interfaces/msg/detail/named_pose_array__struct.hpp
[1.348s] -- Up-to-date symlink: /home/aurelio/verrueckter_schwarm/ros2_ws/install/motion_capture_tracking_interfaces/include/motion_capture_tracking_interfaces/motion_capture_tracking_interfaces/msg/detail/named_pose_array__traits.hpp
[1.348s] -- Up-to-date symlink: /home/aurelio/verrueckter_schwarm/ros2_ws/install/motion_capture_tracking_interfaces/include/motion_capture_tracking_interfaces/motion_capture_tracking_interfaces/msg/named_pose.hpp
[1.349s] -- Up-to-date symlink: /home/aurelio/verrueckter_schwarm/ros2_ws/install/motion_capture_tracking_interfaces/include/motion_capture_tracking_interfaces/motion_capture_tracking_interfaces/msg/named_pose_array.hpp
[1.350s] -- Up-to-date symlink: /home/aurelio/verrueckter_schwarm/ros2_ws/install/motion_capture_tracking_interfaces/include/motion_capture_tracking_interfaces/motion_capture_tracking_interfaces/msg/detail/named_pose__rosidl_typesupport_fastrtps_cpp.hpp
[1.350s] -- Up-to-date symlink: /home/aurelio/verrueckter_schwarm/ros2_ws/install/motion_capture_tracking_interfaces/include/motion_capture_tracking_interfaces/motion_capture_tracking_interfaces/msg/detail/named_pose_array__rosidl_typesupport_fastrtps_cpp.hpp
[1.350s] -- Up-to-date symlink: /home/aurelio/verrueckter_schwarm/ros2_ws/install/motion_capture_tracking_interfaces/include/motion_capture_tracking_interfaces/motion_capture_tracking_interfaces/msg/rosidl_typesupport_fastrtps_cpp__visibility_control.h
[1.351s] -- Up-to-date symlink: /home/aurelio/verrueckter_schwarm/ros2_ws/install/motion_capture_tracking_interfaces/include/motion_capture_tracking_interfaces/motion_capture_tracking_interfaces/msg/detail/named_pose__rosidl_typesupport_introspection_c.h
[1.352s] -- Up-to-date symlink: /home/aurelio/verrueckter_schwarm/ros2_ws/install/motion_capture_tracking_interfaces/include/motion_capture_tracking_interfaces/motion_capture_tracking_interfaces/msg/detail/named_pose_array__rosidl_typesupport_introspection_c.h
[1.352s] -- Up-to-date symlink: /home/aurelio/verrueckter_schwarm/ros2_ws/install/motion_capture_tracking_interfaces/include/motion_capture_tracking_interfaces/motion_capture_tracking_interfaces/msg/rosidl_typesupport_introspection_c__visibility_control.h
[1.352s] -- Up-to-date symlink: /home/aurelio/verrueckter_schwarm/ros2_ws/install/motion_capture_tracking_interfaces/include/motion_capture_tracking_interfaces/motion_capture_tracking_interfaces/msg/detail/named_pose__rosidl_typesupport_introspection_cpp.hpp
[1.353s] -- Up-to-date symlink: /home/aurelio/verrueckter_schwarm/ros2_ws/install/motion_capture_tracking_interfaces/include/motion_capture_tracking_interfaces/motion_capture_tracking_interfaces/msg/detail/named_pose_array__rosidl_typesupport_introspection_cpp.hpp
[1.353s] -- Up-to-date symlink: /home/aurelio/verrueckter_schwarm/ros2_ws/install/motion_capture_tracking_interfaces/share/motion_capture_tracking_interfaces/environment/pythonpath.sh
[1.354s] -- Up-to-date symlink: /home/aurelio/verrueckter_schwarm/ros2_ws/install/motion_capture_tracking_interfaces/share/motion_capture_tracking_interfaces/environment/pythonpath.dsv
[1.355s] -- Up-to-date symlink: /home/aurelio/verrueckter_schwarm/ros2_ws/install/motion_capture_tracking_interfaces/local/lib/python3.10/dist-packages/motion_capture_tracking_interfaces-1.0.0-py3.10.egg-info/PKG-INFO
[1.355s] -- Up-to-date symlink: /home/aurelio/verrueckter_schwarm/ros2_ws/install/motion_capture_tracking_interfaces/local/lib/python3.10/dist-packages/motion_capture_tracking_interfaces-1.0.0-py3.10.egg-info/SOURCES.txt
[1.355s] -- Up-to-date symlink: /home/aurelio/verrueckter_schwarm/ros2_ws/install/motion_capture_tracking_interfaces/local/lib/python3.10/dist-packages/motion_capture_tracking_interfaces-1.0.0-py3.10.egg-info/dependency_links.txt
[1.356s] -- Up-to-date symlink: /home/aurelio/verrueckter_schwarm/ros2_ws/install/motion_capture_tracking_interfaces/local/lib/python3.10/dist-packages/motion_capture_tracking_interfaces-1.0.0-py3.10.egg-info/top_level.txt
[1.357s] -- Up-to-date symlink: /home/aurelio/verrueckter_schwarm/ros2_ws/install/motion_capture_tracking_interfaces/local/lib/python3.10/dist-packages/motion_capture_tracking_interfaces/__init__.py
[1.357s] -- Up-to-date symlink: /home/aurelio/verrueckter_schwarm/ros2_ws/install/motion_capture_tracking_interfaces/local/lib/python3.10/dist-packages/motion_capture_tracking_interfaces/_motion_capture_tracking_interfaces_s.ep.rosidl_typesupport_c.c
[1.358s] -- Up-to-date symlink: /home/aurelio/verrueckter_schwarm/ros2_ws/install/motion_capture_tracking_interfaces/local/lib/python3.10/dist-packages/motion_capture_tracking_interfaces/_motion_capture_tracking_interfaces_s.ep.rosidl_typesupport_fastrtps_c.c
[1.358s] -- Up-to-date symlink: /home/aurelio/verrueckter_schwarm/ros2_ws/install/motion_capture_tracking_interfaces/local/lib/python3.10/dist-packages/motion_capture_tracking_interfaces/_motion_capture_tracking_interfaces_s.ep.rosidl_typesupport_introspection_c.c
[1.358s] -- Up-to-date symlink: /home/aurelio/verrueckter_schwarm/ros2_ws/install/motion_capture_tracking_interfaces/local/lib/python3.10/dist-packages/motion_capture_tracking_interfaces/libmotion_capture_tracking_interfaces__rosidl_generator_py.so
[1.359s] -- Up-to-date symlink: /home/aurelio/verrueckter_schwarm/ros2_ws/install/motion_capture_tracking_interfaces/local/lib/python3.10/dist-packages/motion_capture_tracking_interfaces/motion_capture_tracking_interfaces_s__rosidl_typesupport_c.cpython-310-x86_64-linux-gnu.so
[1.361s] -- Up-to-date symlink: /home/aurelio/verrueckter_schwarm/ros2_ws/install/motion_capture_tracking_interfaces/local/lib/python3.10/dist-packages/motion_capture_tracking_interfaces/motion_capture_tracking_interfaces_s__rosidl_typesupport_fastrtps_c.cpython-310-x86_64-linux-gnu.so
[1.361s] -- Up-to-date symlink: /home/aurelio/verrueckter_schwarm/ros2_ws/install/motion_capture_tracking_interfaces/local/lib/python3.10/dist-packages/motion_capture_tracking_interfaces/motion_capture_tracking_interfaces_s__rosidl_typesupport_introspection_c.cpython-310-x86_64-linux-gnu.so
[1.361s] -- Up-to-date symlink: /home/aurelio/verrueckter_schwarm/ros2_ws/install/motion_capture_tracking_interfaces/local/lib/python3.10/dist-packages/motion_capture_tracking_interfaces/msg/__init__.py
[1.362s] -- Up-to-date symlink: /home/aurelio/verrueckter_schwarm/ros2_ws/install/motion_capture_tracking_interfaces/local/lib/python3.10/dist-packages/motion_capture_tracking_interfaces/msg/_named_pose.py
[1.362s] -- Up-to-date symlink: /home/aurelio/verrueckter_schwarm/ros2_ws/install/motion_capture_tracking_interfaces/local/lib/python3.10/dist-packages/motion_capture_tracking_interfaces/msg/_named_pose_array.py
[1.362s] -- Up-to-date symlink: /home/aurelio/verrueckter_schwarm/ros2_ws/install/motion_capture_tracking_interfaces/local/lib/python3.10/dist-packages/motion_capture_tracking_interfaces/msg/_named_pose_array_s.c
[1.363s] -- Up-to-date symlink: /home/aurelio/verrueckter_schwarm/ros2_ws/install/motion_capture_tracking_interfaces/local/lib/python3.10/dist-packages/motion_capture_tracking_interfaces/msg/_named_pose_s.c
[1.363s] -- Up-to-date symlink: /home/aurelio/verrueckter_schwarm/ros2_ws/install/motion_capture_tracking_interfaces/local/lib/python3.10/dist-packages/motion_capture_tracking_interfaces/motion_capture_tracking_interfaces_s__rosidl_typesupport_fastrtps_c.cpython-310-x86_64-linux-gnu.so
[1.363s] -- Up-to-date symlink: /home/aurelio/verrueckter_schwarm/ros2_ws/install/motion_capture_tracking_interfaces/local/lib/python3.10/dist-packages/motion_capture_tracking_interfaces/motion_capture_tracking_interfaces_s__rosidl_typesupport_introspection_c.cpython-310-x86_64-linux-gnu.so
[1.364s] -- Up-to-date symlink: /home/aurelio/verrueckter_schwarm/ros2_ws/install/motion_capture_tracking_interfaces/local/lib/python3.10/dist-packages/motion_capture_tracking_interfaces/motion_capture_tracking_interfaces_s__rosidl_typesupport_c.cpython-310-x86_64-linux-gnu.so
[1.364s] -- Up-to-date symlink: /home/aurelio/verrueckter_schwarm/ros2_ws/install/motion_capture_tracking_interfaces/share/motion_capture_tracking_interfaces/msg/NamedPose.idl
[1.365s] -- Up-to-date symlink: /home/aurelio/verrueckter_schwarm/ros2_ws/install/motion_capture_tracking_interfaces/share/motion_capture_tracking_interfaces/msg/NamedPoseArray.idl
[1.365s] -- Up-to-date symlink: /home/aurelio/verrueckter_schwarm/ros2_ws/install/motion_capture_tracking_interfaces/share/motion_capture_tracking_interfaces/msg/NamedPose.msg
[1.365s] -- Up-to-date symlink: /home/aurelio/verrueckter_schwarm/ros2_ws/install/motion_capture_tracking_interfaces/share/motion_capture_tracking_interfaces/msg/NamedPoseArray.msg
[1.366s] -- Up-to-date symlink: /home/aurelio/verrueckter_schwarm/ros2_ws/install/motion_capture_tracking_interfaces/share/ament_index/resource_index/package_run_dependencies/motion_capture_tracking_interfaces
[1.366s] -- Up-to-date symlink: /home/aurelio/verrueckter_schwarm/ros2_ws/install/motion_capture_tracking_interfaces/share/ament_index/resource_index/parent_prefix_path/motion_capture_tracking_interfaces
[1.366s] -- Up-to-date symlink: /home/aurelio/verrueckter_schwarm/ros2_ws/install/motion_capture_tracking_interfaces/share/motion_capture_tracking_interfaces/environment/ament_prefix_path.sh
[1.367s] -- Up-to-date symlink: /home/aurelio/verrueckter_schwarm/ros2_ws/install/motion_capture_tracking_interfaces/share/motion_capture_tracking_interfaces/environment/ament_prefix_path.dsv
[1.367s] -- Up-to-date symlink: /home/aurelio/verrueckter_schwarm/ros2_ws/install/motion_capture_tracking_interfaces/share/motion_capture_tracking_interfaces/environment/path.sh
[1.367s] -- Up-to-date symlink: /home/aurelio/verrueckter_schwarm/ros2_ws/install/motion_capture_tracking_interfaces/share/motion_capture_tracking_interfaces/environment/path.dsv
[1.368s] -- Up-to-date symlink: /home/aurelio/verrueckter_schwarm/ros2_ws/install/motion_capture_tracking_interfaces/share/motion_capture_tracking_interfaces/local_setup.bash
[1.368s] -- Up-to-date symlink: /home/aurelio/verrueckter_schwarm/ros2_ws/install/motion_capture_tracking_interfaces/share/motion_capture_tracking_interfaces/local_setup.sh
[1.369s] -- Up-to-date symlink: /home/aurelio/verrueckter_schwarm/ros2_ws/install/motion_capture_tracking_interfaces/share/motion_capture_tracking_interfaces/local_setup.zsh
[1.369s] -- Up-to-date symlink: /home/aurelio/verrueckter_schwarm/ros2_ws/install/motion_capture_tracking_interfaces/share/motion_capture_tracking_interfaces/local_setup.dsv
[1.369s] -- Symlinking: /home/aurelio/verrueckter_schwarm/ros2_ws/install/motion_capture_tracking_interfaces/share/motion_capture_tracking_interfaces/package.dsv
[1.390s] -- Up-to-date symlink: /home/aurelio/verrueckter_schwarm/ros2_ws/install/motion_capture_tracking_interfaces/share/ament_index/resource_index/packages/motion_capture_tracking_interfaces
[1.390s] -- Up-to-date symlink: /home/aurelio/verrueckter_schwarm/ros2_ws/install/motion_capture_tracking_interfaces/share/motion_capture_tracking_interfaces/cmake/rosidl_cmake-extras.cmake
[1.391s] -- Up-to-date symlink: /home/aurelio/verrueckter_schwarm/ros2_ws/install/motion_capture_tracking_interfaces/share/motion_capture_tracking_interfaces/cmake/ament_cmake_export_dependencies-extras.cmake
[1.392s] -- Up-to-date symlink: /home/aurelio/verrueckter_schwarm/ros2_ws/install/motion_capture_tracking_interfaces/share/motion_capture_tracking_interfaces/cmake/ament_cmake_export_include_directories-extras.cmake
[1.392s] -- Up-to-date symlink: /home/aurelio/verrueckter_schwarm/ros2_ws/install/motion_capture_tracking_interfaces/share/motion_capture_tracking_interfaces/cmake/ament_cmake_export_libraries-extras.cmake
[1.393s] -- Up-to-date symlink: /home/aurelio/verrueckter_schwarm/ros2_ws/install/motion_capture_tracking_interfaces/share/motion_capture_tracking_interfaces/cmake/ament_cmake_export_targets-extras.cmake
[1.393s] -- Up-to-date symlink: /home/aurelio/verrueckter_schwarm/ros2_ws/install/motion_capture_tracking_interfaces/share/motion_capture_tracking_interfaces/cmake/rosidl_cmake_export_typesupport_targets-extras.cmake
[1.394s] -- Up-to-date symlink: /home/aurelio/verrueckter_schwarm/ros2_ws/install/motion_capture_tracking_interfaces/share/motion_capture_tracking_interfaces/cmake/rosidl_cmake_export_typesupport_libraries-extras.cmake
[1.395s] -- Up-to-date symlink: /home/aurelio/verrueckter_schwarm/ros2_ws/install/motion_capture_tracking_interfaces/share/motion_capture_tracking_interfaces/cmake/motion_capture_tracking_interfacesConfig.cmake
[1.395s] -- Up-to-date symlink: /home/aurelio/verrueckter_schwarm/ros2_ws/install/motion_capture_tracking_interfaces/share/motion_capture_tracking_interfaces/cmake/motion_capture_tracking_interfacesConfig-version.cmake
[1.396s] -- Up-to-date symlink: /home/aurelio/verrueckter_schwarm/ros2_ws/install/motion_capture_tracking_interfaces/share/motion_capture_tracking_interfaces/package.xml
[1.396s] -- Up-to-date: /home/aurelio/verrueckter_schwarm/ros2_ws/install/motion_capture_tracking_interfaces/lib/libmotion_capture_tracking_interfaces__rosidl_generator_c.so
[1.397s] -- Up-to-date: /home/aurelio/verrueckter_schwarm/ros2_ws/install/motion_capture_tracking_interfaces/lib/libmotion_capture_tracking_interfaces__rosidl_typesupport_fastrtps_c.so
[1.398s] -- Up-to-date: /home/aurelio/verrueckter_schwarm/ros2_ws/install/motion_capture_tracking_interfaces/lib/libmotion_capture_tracking_interfaces__rosidl_typesupport_fastrtps_cpp.so
[1.399s] -- Up-to-date: /home/aurelio/verrueckter_schwarm/ros2_ws/install/motion_capture_tracking_interfaces/lib/libmotion_capture_tracking_interfaces__rosidl_typesupport_introspection_c.so
[1.400s] -- Up-to-date: /home/aurelio/verrueckter_schwarm/ros2_ws/install/motion_capture_tracking_interfaces/lib/libmotion_capture_tracking_interfaces__rosidl_typesupport_c.so
[1.401s] -- Up-to-date: /home/aurelio/verrueckter_schwarm/ros2_ws/install/motion_capture_tracking_interfaces/lib/libmotion_capture_tracking_interfaces__rosidl_typesupport_introspection_cpp.so
[1.402s] -- Up-to-date: /home/aurelio/verrueckter_schwarm/ros2_ws/install/motion_capture_tracking_interfaces/lib/libmotion_capture_tracking_interfaces__rosidl_typesupport_cpp.so
[1.481s] Listing '/home/aurelio/verrueckter_schwarm/ros2_ws/install/motion_capture_tracking_interfaces/local/lib/python3.10/dist-packages/motion_capture_tracking_interfaces'...
[1.481s] Listing '/home/aurelio/verrueckter_schwarm/ros2_ws/install/motion_capture_tracking_interfaces/local/lib/python3.10/dist-packages/motion_capture_tracking_interfaces/msg'...
[1.490s] -- Up-to-date: /home/aurelio/verrueckter_schwarm/ros2_ws/install/motion_capture_tracking_interfaces/lib/libmotion_capture_tracking_interfaces__rosidl_generator_py.so
[1.490s] -- Up-to-date: /home/aurelio/verrueckter_schwarm/ros2_ws/install/motion_capture_tracking_interfaces/share/motion_capture_tracking_interfaces/cmake/export_motion_capture_tracking_interfaces__rosidl_generator_cExport.cmake
[1.491s] -- Up-to-date: /home/aurelio/verrueckter_schwarm/ros2_ws/install/motion_capture_tracking_interfaces/share/motion_capture_tracking_interfaces/cmake/export_motion_capture_tracking_interfaces__rosidl_generator_cExport-noconfig.cmake
[1.492s] -- Up-to-date: /home/aurelio/verrueckter_schwarm/ros2_ws/install/motion_capture_tracking_interfaces/share/motion_capture_tracking_interfaces/cmake/export_motion_capture_tracking_interfaces__rosidl_typesupport_fastrtps_cExport.cmake
[1.492s] -- Up-to-date: /home/aurelio/verrueckter_schwarm/ros2_ws/install/motion_capture_tracking_interfaces/share/motion_capture_tracking_interfaces/cmake/export_motion_capture_tracking_interfaces__rosidl_typesupport_fastrtps_cExport-noconfig.cmake
[1.493s] -- Up-to-date: /home/aurelio/verrueckter_schwarm/ros2_ws/install/motion_capture_tracking_interfaces/share/motion_capture_tracking_interfaces/cmake/export_motion_capture_tracking_interfaces__rosidl_generator_cppExport.cmake
[1.493s] -- Up-to-date: /home/aurelio/verrueckter_schwarm/ros2_ws/install/motion_capture_tracking_interfaces/share/motion_capture_tracking_interfaces/cmake/export_motion_capture_tracking_interfaces__rosidl_typesupport_fastrtps_cppExport.cmake
[1.493s] -- Up-to-date: /home/aurelio/verrueckter_schwarm/ros2_ws/install/motion_capture_tracking_interfaces/share/motion_capture_tracking_interfaces/cmake/export_motion_capture_tracking_interfaces__rosidl_typesupport_fastrtps_cppExport-noconfig.cmake
[1.493s] -- Up-to-date: /home/aurelio/verrueckter_schwarm/ros2_ws/install/motion_capture_tracking_interfaces/share/motion_capture_tracking_interfaces/cmake/motion_capture_tracking_interfaces__rosidl_typesupport_introspection_cExport.cmake
[1.494s] -- Up-to-date: /home/aurelio/verrueckter_schwarm/ros2_ws/install/motion_capture_tracking_interfaces/share/motion_capture_tracking_interfaces/cmake/motion_capture_tracking_interfaces__rosidl_typesupport_introspection_cExport-noconfig.cmake
[1.494s] -- Up-to-date: /home/aurelio/verrueckter_schwarm/ros2_ws/install/motion_capture_tracking_interfaces/share/motion_capture_tracking_interfaces/cmake/motion_capture_tracking_interfaces__rosidl_typesupport_cExport.cmake
[1.494s] -- Up-to-date: /home/aurelio/verrueckter_schwarm/ros2_ws/install/motion_capture_tracking_interfaces/share/motion_capture_tracking_interfaces/cmake/motion_capture_tracking_interfaces__rosidl_typesupport_cExport-noconfig.cmake
[1.494s] -- Up-to-date: /home/aurelio/verrueckter_schwarm/ros2_ws/install/motion_capture_tracking_interfaces/share/motion_capture_tracking_interfaces/cmake/motion_capture_tracking_interfaces__rosidl_typesupport_introspection_cppExport.cmake
[1.495s] -- Up-to-date: /home/aurelio/verrueckter_schwarm/ros2_ws/install/motion_capture_tracking_interfaces/share/motion_capture_tracking_interfaces/cmake/motion_capture_tracking_interfaces__rosidl_typesupport_introspection_cppExport-noconfig.cmake
[1.495s] -- Up-to-date: /home/aurelio/verrueckter_schwarm/ros2_ws/install/motion_capture_tracking_interfaces/share/motion_capture_tracking_interfaces/cmake/motion_capture_tracking_interfaces__rosidl_typesupport_cppExport.cmake
[1.495s] -- Up-to-date: /home/aurelio/verrueckter_schwarm/ros2_ws/install/motion_capture_tracking_interfaces/share/motion_capture_tracking_interfaces/cmake/motion_capture_tracking_interfaces__rosidl_typesupport_cppExport-noconfig.cmake
[1.496s] -- Up-to-date: /home/aurelio/verrueckter_schwarm/ros2_ws/install/motion_capture_tracking_interfaces/share/motion_capture_tracking_interfaces/cmake/export_motion_capture_tracking_interfaces__rosidl_generator_pyExport.cmake
[1.498s] -- Up-to-date: /home/aurelio/verrueckter_schwarm/ros2_ws/install/motion_capture_tracking_interfaces/share/motion_capture_tracking_interfaces/cmake/export_motion_capture_tracking_interfaces__rosidl_generator_pyExport-noconfig.cmake
[1.499s] Invoked command in '/home/aurelio/verrueckter_schwarm/ros2_ws/build/motion_capture_tracking_interfaces' returned '0': CMAKE_PREFIX_PATH=${CMAKE_PREFIX_PATH}:/home/aurelio/verrueckter_schwarm/ros2_ws/install/crazyflie_flight_path:/home/aurelio/verrueckter_schwarm/ros2_ws/install/crazyflie_py:/opt/ros/humble /usr/bin/cmake --install /home/aurelio/verrueckter_schwarm/ros2_ws/build/motion_capture_tracking_interfaces
