[1.092s] Invoking command in '/home/aurelio/verrueckter_schwarm/ros2_ws/build/crazyflie_sim': CMAKE_PREFIX_PATH=/home/aurelio/verrueckter_schwarm/ros2_ws/install/crazyflie_interfaces:/home/aurelio/verrueckter_schwarm/ros2_ws/install/motion_capture_tracking:/home/aurelio/verrueckter_schwarm/ros2_ws/install/crazyflie:/home/aurelio/verrueckter_schwarm/ros2_ws/install/motion_capture_tracking_interfaces:/home/aurelio/verrueckter_schwarm/ros2_ws/install/crazyflie_sim:/home/aurelio/verrueckter_schwarm/ros2_ws/install/crazyflie_examples:/home/aurelio/verrueckter_schwarm/ros2_ws/install/crazyflie_flight_path:/home/aurelio/verrueckter_schwarm/ros2_ws/install/crazyflie_py:/opt/ros/humble LD_LIBRARY_PATH=/home/aurelio/verrueckter_schwarm/ros2_ws/install/crazyflie_interfaces/lib:/home/aurelio/verrueckter_schwarm/ros2_ws/install/motion_capture_tracking_interfaces/lib:/opt/ros/humble/opt/rviz_ogre_vendor/lib:/opt/ros/humble/lib/x86_64-linux-gnu:/opt/ros/humble/lib /usr/bin/cmake --build /home/aurelio/verrueckter_schwarm/ros2_ws/build/crazyflie_sim -- -j4 -l4
[1.277s] Built target ament_cmake_python_symlink_crazyflie_sim
[1.294s] Built target ament_cmake_python_symlink_crazyflie_sim_setup
[2.317s] running egg_info
[2.319s] writing crazyflie_sim.egg-info/PKG-INFO
[2.319s] writing dependency_links to crazyflie_sim.egg-info/dependency_links.txt
[2.319s] writing entry points to crazyflie_sim.egg-info/entry_points.txt
[2.320s] writing top-level names to crazyflie_sim.egg-info/top_level.txt
[2.325s] reading manifest file 'crazyflie_sim.egg-info/SOURCES.txt'
[2.327s] writing manifest file 'crazyflie_sim.egg-info/SOURCES.txt'
[2.394s] Built target ament_cmake_python_build_crazyflie_sim_egg
[2.782s] running install_scripts
[2.799s] /usr/lib/python3/dist-packages/setuptools/command/install.py:34: SetuptoolsDeprecationWarning: setup.py install is deprecated. Use build and pip and other standards-based tools.
[2.799s]   warnings.warn(
[2.891s] running egg_info
[2.899s] writing crazyflie_sim.egg-info/PKG-INFO
[2.899s] writing dependency_links to crazyflie_sim.egg-info/dependency_links.txt
[2.899s] writing entry points to crazyflie_sim.egg-info/entry_points.txt
[2.903s] writing top-level names to crazyflie_sim.egg-info/top_level.txt
[2.909s] reading manifest file 'crazyflie_sim.egg-info/SOURCES.txt'
[2.912s] writing manifest file 'crazyflie_sim.egg-info/SOURCES.txt'
[2.919s] Installing crazyflie_server script to scripts
[3.016s] Built target ament_cmake_python_build_crazyflie_sim_scripts
[3.053s] Invoked command in '/home/aurelio/verrueckter_schwarm/ros2_ws/build/crazyflie_sim' returned '0': CMAKE_PREFIX_PATH=/home/aurelio/verrueckter_schwarm/ros2_ws/install/crazyflie_interfaces:/home/aurelio/verrueckter_schwarm/ros2_ws/install/motion_capture_tracking:/home/aurelio/verrueckter_schwarm/ros2_ws/install/crazyflie:/home/aurelio/verrueckter_schwarm/ros2_ws/install/motion_capture_tracking_interfaces:/home/aurelio/verrueckter_schwarm/ros2_ws/install/crazyflie_sim:/home/aurelio/verrueckter_schwarm/ros2_ws/install/crazyflie_examples:/home/aurelio/verrueckter_schwarm/ros2_ws/install/crazyflie_flight_path:/home/aurelio/verrueckter_schwarm/ros2_ws/install/crazyflie_py:/opt/ros/humble LD_LIBRARY_PATH=/home/aurelio/verrueckter_schwarm/ros2_ws/install/crazyflie_interfaces/lib:/home/aurelio/verrueckter_schwarm/ros2_ws/install/motion_capture_tracking_interfaces/lib:/opt/ros/humble/opt/rviz_ogre_vendor/lib:/opt/ros/humble/lib/x86_64-linux-gnu:/opt/ros/humble/lib /usr/bin/cmake --build /home/aurelio/verrueckter_schwarm/ros2_ws/build/crazyflie_sim -- -j4 -l4
[3.112s] Invoking command in '/home/aurelio/verrueckter_schwarm/ros2_ws/build/crazyflie_sim': CMAKE_PREFIX_PATH=/home/aurelio/verrueckter_schwarm/ros2_ws/install/crazyflie_interfaces:/home/aurelio/verrueckter_schwarm/ros2_ws/install/motion_capture_tracking:/home/aurelio/verrueckter_schwarm/ros2_ws/install/crazyflie:/home/aurelio/verrueckter_schwarm/ros2_ws/install/motion_capture_tracking_interfaces:/home/aurelio/verrueckter_schwarm/ros2_ws/install/crazyflie_sim:/home/aurelio/verrueckter_schwarm/ros2_ws/install/crazyflie_examples:/home/aurelio/verrueckter_schwarm/ros2_ws/install/crazyflie_flight_path:/home/aurelio/verrueckter_schwarm/ros2_ws/install/crazyflie_py:/opt/ros/humble LD_LIBRARY_PATH=/home/aurelio/verrueckter_schwarm/ros2_ws/install/crazyflie_interfaces/lib:/home/aurelio/verrueckter_schwarm/ros2_ws/install/motion_capture_tracking_interfaces/lib:/opt/ros/humble/opt/rviz_ogre_vendor/lib:/opt/ros/humble/lib/x86_64-linux-gnu:/opt/ros/humble/lib /usr/bin/cmake --install /home/aurelio/verrueckter_schwarm/ros2_ws/build/crazyflie_sim
[3.131s] -- Install configuration: ""
[3.133s] -- Execute custom install script
[3.134s] -- Up-to-date symlink: /home/aurelio/verrueckter_schwarm/ros2_ws/install/crazyflie_sim/share/crazyflie_sim/environment/pythonpath.sh
[3.135s] -- Up-to-date symlink: /home/aurelio/verrueckter_schwarm/ros2_ws/install/crazyflie_sim/share/crazyflie_sim/environment/pythonpath.dsv
[3.136s] -- Up-to-date symlink: /home/aurelio/verrueckter_schwarm/ros2_ws/install/crazyflie_sim/local/lib/python3.10/dist-packages/crazyflie_sim-2.0.0-py3.10.egg-info/PKG-INFO
[3.137s] -- Up-to-date symlink: /home/aurelio/verrueckter_schwarm/ros2_ws/install/crazyflie_sim/local/lib/python3.10/dist-packages/crazyflie_sim-2.0.0-py3.10.egg-info/SOURCES.txt
[3.143s] -- Up-to-date symlink: /home/aurelio/verrueckter_schwarm/ros2_ws/install/crazyflie_sim/local/lib/python3.10/dist-packages/crazyflie_sim-2.0.0-py3.10.egg-info/dependency_links.txt
[3.143s] -- Up-to-date symlink: /home/aurelio/verrueckter_schwarm/ros2_ws/install/crazyflie_sim/local/lib/python3.10/dist-packages/crazyflie_sim-2.0.0-py3.10.egg-info/entry_points.txt
[3.143s] -- Up-to-date symlink: /home/aurelio/verrueckter_schwarm/ros2_ws/install/crazyflie_sim/local/lib/python3.10/dist-packages/crazyflie_sim-2.0.0-py3.10.egg-info/top_level.txt
[3.144s] -- Up-to-date symlink: /home/aurelio/verrueckter_schwarm/ros2_ws/install/crazyflie_sim/lib/crazyflie_sim//crazyflie_server
[3.144s] -- Up-to-date symlink: /home/aurelio/verrueckter_schwarm/ros2_ws/install/crazyflie_sim/local/lib/python3.10/dist-packages/crazyflie_sim/__init__.py
[3.144s] -- Up-to-date symlink: /home/aurelio/verrueckter_schwarm/ros2_ws/install/crazyflie_sim/local/lib/python3.10/dist-packages/crazyflie_sim/backend/none.py
[3.144s] -- Up-to-date symlink: /home/aurelio/verrueckter_schwarm/ros2_ws/install/crazyflie_sim/local/lib/python3.10/dist-packages/crazyflie_sim/backend/np.py
[3.145s] -- Up-to-date symlink: /home/aurelio/verrueckter_schwarm/ros2_ws/install/crazyflie_sim/local/lib/python3.10/dist-packages/crazyflie_sim/crazyflie_server.py
[3.145s] -- Up-to-date symlink: /home/aurelio/verrueckter_schwarm/ros2_ws/install/crazyflie_sim/local/lib/python3.10/dist-packages/crazyflie_sim/crazyflie_sil.py
[3.145s] -- Up-to-date symlink: /home/aurelio/verrueckter_schwarm/ros2_ws/install/crazyflie_sim/local/lib/python3.10/dist-packages/crazyflie_sim/sim_data_types.py
[3.145s] -- Up-to-date symlink: /home/aurelio/verrueckter_schwarm/ros2_ws/install/crazyflie_sim/local/lib/python3.10/dist-packages/crazyflie_sim/visualization/README.md
[3.146s] -- Up-to-date symlink: /home/aurelio/verrueckter_schwarm/ros2_ws/install/crazyflie_sim/local/lib/python3.10/dist-packages/crazyflie_sim/visualization/blender.py
[3.146s] -- Up-to-date symlink: /home/aurelio/verrueckter_schwarm/ros2_ws/install/crazyflie_sim/local/lib/python3.10/dist-packages/crazyflie_sim/visualization/data/README.md
[3.146s] -- Up-to-date symlink: /home/aurelio/verrueckter_schwarm/ros2_ws/install/crazyflie_sim/local/lib/python3.10/dist-packages/crazyflie_sim/visualization/data/env/abandoned_greenhouse.jpg
[3.146s] -- Up-to-date symlink: /home/aurelio/verrueckter_schwarm/ros2_ws/install/crazyflie_sim/local/lib/python3.10/dist-packages/crazyflie_sim/visualization/data/env/aerodynamics_workshop.jpg
[3.147s] -- Up-to-date symlink: /home/aurelio/verrueckter_schwarm/ros2_ws/install/crazyflie_sim/local/lib/python3.10/dist-packages/crazyflie_sim/visualization/data/env/aviation_museum.jpg
[3.147s] -- Up-to-date symlink: /home/aurelio/verrueckter_schwarm/ros2_ws/install/crazyflie_sim/local/lib/python3.10/dist-packages/crazyflie_sim/visualization/data/env/crosswalk.jpg
[3.148s] -- Up-to-date symlink: /home/aurelio/verrueckter_schwarm/ros2_ws/install/crazyflie_sim/local/lib/python3.10/dist-packages/crazyflie_sim/visualization/data/env/derelict_overpass.jpg
[3.149s] -- Up-to-date symlink: /home/aurelio/verrueckter_schwarm/ros2_ws/install/crazyflie_sim/local/lib/python3.10/dist-packages/crazyflie_sim/visualization/data/env/env.jpg
[3.150s] -- Up-to-date symlink: /home/aurelio/verrueckter_schwarm/ros2_ws/install/crazyflie_sim/local/lib/python3.10/dist-packages/crazyflie_sim/visualization/data/env/lago_disola.jpg
[3.151s] -- Up-to-date symlink: /home/aurelio/verrueckter_schwarm/ros2_ws/install/crazyflie_sim/local/lib/python3.10/dist-packages/crazyflie_sim/visualization/data/env/lake_pier.jpg
[3.152s] -- Up-to-date symlink: /home/aurelio/verrueckter_schwarm/ros2_ws/install/crazyflie_sim/local/lib/python3.10/dist-packages/crazyflie_sim/visualization/data/env/machine_shop.jpg
[3.153s] -- Up-to-date symlink: /home/aurelio/verrueckter_schwarm/ros2_ws/install/crazyflie_sim/local/lib/python3.10/dist-packages/crazyflie_sim/visualization/data/env/museumplein.jpg
[3.154s] -- Up-to-date symlink: /home/aurelio/verrueckter_schwarm/ros2_ws/install/crazyflie_sim/local/lib/python3.10/dist-packages/crazyflie_sim/visualization/data/env/peppermint_powerplant.jpg
[3.155s] -- Up-to-date symlink: /home/aurelio/verrueckter_schwarm/ros2_ws/install/crazyflie_sim/local/lib/python3.10/dist-packages/crazyflie_sim/visualization/data/env/studio_garden.jpg
[3.156s] -- Up-to-date symlink: /home/aurelio/verrueckter_schwarm/ros2_ws/install/crazyflie_sim/local/lib/python3.10/dist-packages/crazyflie_sim/visualization/data/model/cf.mtl
[3.156s] -- Up-to-date symlink: /home/aurelio/verrueckter_schwarm/ros2_ws/install/crazyflie_sim/local/lib/python3.10/dist-packages/crazyflie_sim/visualization/data/model/cf.obj
[3.156s] -- Up-to-date symlink: /home/aurelio/verrueckter_schwarm/ros2_ws/install/crazyflie_sim/local/lib/python3.10/dist-packages/crazyflie_sim/visualization/pdf.py
[3.157s] -- Up-to-date symlink: /home/aurelio/verrueckter_schwarm/ros2_ws/install/crazyflie_sim/local/lib/python3.10/dist-packages/crazyflie_sim/visualization/record_states.py
[3.157s] -- Up-to-date symlink: /home/aurelio/verrueckter_schwarm/ros2_ws/install/crazyflie_sim/local/lib/python3.10/dist-packages/crazyflie_sim/visualization/rviz.py
[3.157s] -- Up-to-date symlink: /home/aurelio/verrueckter_schwarm/ros2_ws/install/crazyflie_sim/share/ament_index/resource_index/package_run_dependencies/crazyflie_sim
[3.157s] -- Up-to-date symlink: /home/aurelio/verrueckter_schwarm/ros2_ws/install/crazyflie_sim/share/ament_index/resource_index/parent_prefix_path/crazyflie_sim
[3.157s] -- Up-to-date symlink: /home/aurelio/verrueckter_schwarm/ros2_ws/install/crazyflie_sim/share/crazyflie_sim/environment/ament_prefix_path.sh
[3.158s] -- Up-to-date symlink: /home/aurelio/verrueckter_schwarm/ros2_ws/install/crazyflie_sim/share/crazyflie_sim/environment/ament_prefix_path.dsv
[3.158s] -- Up-to-date symlink: /home/aurelio/verrueckter_schwarm/ros2_ws/install/crazyflie_sim/share/crazyflie_sim/environment/path.sh
[3.158s] -- Up-to-date symlink: /home/aurelio/verrueckter_schwarm/ros2_ws/install/crazyflie_sim/share/crazyflie_sim/environment/path.dsv
[3.158s] -- Up-to-date symlink: /home/aurelio/verrueckter_schwarm/ros2_ws/install/crazyflie_sim/share/crazyflie_sim/local_setup.bash
[3.158s] -- Up-to-date symlink: /home/aurelio/verrueckter_schwarm/ros2_ws/install/crazyflie_sim/share/crazyflie_sim/local_setup.sh
[3.159s] -- Up-to-date symlink: /home/aurelio/verrueckter_schwarm/ros2_ws/install/crazyflie_sim/share/crazyflie_sim/local_setup.zsh
[3.159s] -- Up-to-date symlink: /home/aurelio/verrueckter_schwarm/ros2_ws/install/crazyflie_sim/share/crazyflie_sim/local_setup.dsv
[3.159s] -- Symlinking: /home/aurelio/verrueckter_schwarm/ros2_ws/install/crazyflie_sim/share/crazyflie_sim/package.dsv
[3.176s] -- Up-to-date symlink: /home/aurelio/verrueckter_schwarm/ros2_ws/install/crazyflie_sim/share/ament_index/resource_index/packages/crazyflie_sim
[3.177s] -- Up-to-date symlink: /home/aurelio/verrueckter_schwarm/ros2_ws/install/crazyflie_sim/share/crazyflie_sim/cmake/crazyflie_simConfig.cmake
[3.177s] -- Up-to-date symlink: /home/aurelio/verrueckter_schwarm/ros2_ws/install/crazyflie_sim/share/crazyflie_sim/cmake/crazyflie_simConfig-version.cmake
[3.178s] -- Up-to-date symlink: /home/aurelio/verrueckter_schwarm/ros2_ws/install/crazyflie_sim/share/crazyflie_sim/package.xml
[3.268s] Listing '/home/aurelio/verrueckter_schwarm/ros2_ws/install/crazyflie_sim/local/lib/python3.10/dist-packages/crazyflie_sim'...
[3.269s] Listing '/home/aurelio/verrueckter_schwarm/ros2_ws/install/crazyflie_sim/local/lib/python3.10/dist-packages/crazyflie_sim/backend'...
[3.269s] Listing '/home/aurelio/verrueckter_schwarm/ros2_ws/install/crazyflie_sim/local/lib/python3.10/dist-packages/crazyflie_sim/visualization'...
[3.269s] Listing '/home/aurelio/verrueckter_schwarm/ros2_ws/install/crazyflie_sim/local/lib/python3.10/dist-packages/crazyflie_sim/visualization/data'...
[3.269s] Listing '/home/aurelio/verrueckter_schwarm/ros2_ws/install/crazyflie_sim/local/lib/python3.10/dist-packages/crazyflie_sim/visualization/data/env'...
[3.269s] Listing '/home/aurelio/verrueckter_schwarm/ros2_ws/install/crazyflie_sim/local/lib/python3.10/dist-packages/crazyflie_sim/visualization/data/model'...
[3.423s] Invoked command in '/home/aurelio/verrueckter_schwarm/ros2_ws/build/crazyflie_sim' returned '0': CMAKE_PREFIX_PATH=/home/aurelio/verrueckter_schwarm/ros2_ws/install/crazyflie_interfaces:/home/aurelio/verrueckter_schwarm/ros2_ws/install/motion_capture_tracking:/home/aurelio/verrueckter_schwarm/ros2_ws/install/crazyflie:/home/aurelio/verrueckter_schwarm/ros2_ws/install/motion_capture_tracking_interfaces:/home/aurelio/verrueckter_schwarm/ros2_ws/install/crazyflie_sim:/home/aurelio/verrueckter_schwarm/ros2_ws/install/crazyflie_examples:/home/aurelio/verrueckter_schwarm/ros2_ws/install/crazyflie_flight_path:/home/aurelio/verrueckter_schwarm/ros2_ws/install/crazyflie_py:/opt/ros/humble LD_LIBRARY_PATH=/home/aurelio/verrueckter_schwarm/ros2_ws/install/crazyflie_interfaces/lib:/home/aurelio/verrueckter_schwarm/ros2_ws/install/motion_capture_tracking_interfaces/lib:/opt/ros/humble/opt/rviz_ogre_vendor/lib:/opt/ros/humble/lib/x86_64-linux-gnu:/opt/ros/humble/lib /usr/bin/cmake --install /home/aurelio/verrueckter_schwarm/ros2_ws/build/crazyflie_sim
