Built target ament_cmake_python_symlink_crazyflie_examples_setup
Built target ament_cmake_python_symlink_crazyflie_examples
running egg_info
writing crazyflie_examples.egg-info/PKG-INFO
writing dependency_links to crazyflie_examples.egg-info/dependency_links.txt
writing entry points to crazyflie_examples.egg-info/entry_points.txt
writing top-level names to crazyflie_examples.egg-info/top_level.txt
reading manifest file 'crazyflie_examples.egg-info/SOURCES.txt'
writing manifest file 'crazyflie_examples.egg-info/SOURCES.txt'
running install_scripts
Built target ament_cmake_python_build_crazyflie_examples_egg
running egg_info
writing crazyflie_examples.egg-info/PKG-INFO
writing dependency_links to crazyflie_examples.egg-info/dependency_links.txt
writing entry points to crazyflie_examples.egg-info/entry_points.txt
writing top-level names to crazyflie_examples.egg-info/top_level.txt
reading manifest file 'crazyflie_examples.egg-info/SOURCES.txt'
writing manifest file 'crazyflie_examples.egg-info/SOURCES.txt'
Installing cmd_full_state script to scripts
Installing figure8 script to scripts
Installing hello_world script to scripts
Installing multi_trajectory script to scripts
Installing nice_hover script to scripts
Installing set_param script to scripts
Built target ament_cmake_python_build_crazyflie_examples_scripts
