[0.240s] Invoking command in '/home/aurelio/verrueckter_schwarm/ros2_ws/build/crazyflie_examples': AMENT_PREFIX_PATH=/home/aurelio/verrueckter_schwarm/ros2_ws/install/crazyflie_py:/home/aurelio/verrueckter_schwarm/ros2_ws/install/crazyflie_flight_path:/home/aurelio/verrueckter_schwarm/ros2_ws/install/motion_capture_tracking:/home/aurelio/verrueckter_schwarm/ros2_ws/install/crazyflie:/home/aurelio/verrueckter_schwarm/ros2_ws/install/motion_capture_tracking_interfaces:/home/aurelio/verrueckter_schwarm/ros2_ws/install/crazyflie_sim:/home/aurelio/verrueckter_schwarm/ros2_ws/install/crazyflie_examples:/home/aurelio/verrueckter_schwarm/ros2_ws/install/crazyflie_interfaces:/opt/ros/humble CMAKE_PREFIX_PATH=/home/aurelio/verrueckter_schwarm/ros2_ws/install/crazyflie_interfaces:/home/aurelio/verrueckter_schwarm/ros2_ws/install/motion_capture_tracking:/home/aurelio/verrueckter_schwarm/ros2_ws/install/crazyflie:/home/aurelio/verrueckter_schwarm/ros2_ws/install/motion_capture_tracking_interfaces:/home/aurelio/verrueckter_schwarm/ros2_ws/install/crazyflie_sim:/home/aurelio/verrueckter_schwarm/ros2_ws/install/crazyflie_examples:/home/aurelio/verrueckter_schwarm/ros2_ws/install/crazyflie_flight_path:/home/aurelio/verrueckter_schwarm/ros2_ws/install/crazyflie_py:/opt/ros/humble LD_LIBRARY_PATH=/home/aurelio/verrueckter_schwarm/ros2_ws/install/crazyflie_interfaces/lib:/home/aurelio/verrueckter_schwarm/ros2_ws/install/motion_capture_tracking_interfaces/lib:/opt/ros/humble/opt/rviz_ogre_vendor/lib:/opt/ros/humble/lib/x86_64-linux-gnu:/opt/ros/humble/lib PYTHONPATH=/home/aurelio/verrueckter_schwarm/ros2_ws/build/crazyflie_py:/home/aurelio/verrueckter_schwarm/ros2_ws/install/crazyflie_py/lib/python3.10/site-packages:/home/aurelio/verrueckter_schwarm/ros2_ws/build/crazyflie_flight_path:/home/aurelio/verrueckter_schwarm/ros2_ws/install/crazyflie_flight_path/lib/python3.10/site-packages:/home/aurelio/verrueckter_schwarm/ros2_ws/install/motion_capture_tracking_interfaces/local/lib/python3.10/dist-packages:/home/aurelio/verrueckter_schwarm/ros2_ws/install/crazyflie_sim/local/lib/python3.10/dist-packages:/home/aurelio/verrueckter_schwarm/ros2_ws/install/crazyflie_examples/local/lib/python3.10/dist-packages:/home/aurelio/verrueckter_schwarm/ros2_ws/install/crazyflie_interfaces/local/lib/python3.10/dist-packages:/opt/ros/humble/lib/python3.10/site-packages:/opt/ros/humble/local/lib/python3.10/dist-packages /usr/bin/cmake --build /home/aurelio/verrueckter_schwarm/ros2_ws/build/crazyflie_examples -- -j4 -l4
[0.358s] Built target ament_cmake_python_symlink_crazyflie_examples_setup
[0.362s] Built target ament_cmake_python_symlink_crazyflie_examples
[1.112s] running egg_info
[1.116s] writing crazyflie_examples.egg-info/PKG-INFO
[1.116s] writing dependency_links to crazyflie_examples.egg-info/dependency_links.txt
[1.116s] writing entry points to crazyflie_examples.egg-info/entry_points.txt
[1.117s] writing top-level names to crazyflie_examples.egg-info/top_level.txt
[1.121s] reading manifest file 'crazyflie_examples.egg-info/SOURCES.txt'
[1.123s] writing manifest file 'crazyflie_examples.egg-info/SOURCES.txt'
[1.145s] running install_scripts
[1.151s] /usr/lib/python3/dist-packages/setuptools/command/install.py:34: SetuptoolsDeprecationWarning: setup.py install is deprecated. Use build and pip and other standards-based tools.
[1.152s]   warnings.warn(
[1.189s] Built target ament_cmake_python_build_crazyflie_examples_egg
[1.210s] running egg_info
[1.213s] writing crazyflie_examples.egg-info/PKG-INFO
[1.215s] writing dependency_links to crazyflie_examples.egg-info/dependency_links.txt
[1.215s] writing entry points to crazyflie_examples.egg-info/entry_points.txt
[1.216s] writing top-level names to crazyflie_examples.egg-info/top_level.txt
[1.217s] reading manifest file 'crazyflie_examples.egg-info/SOURCES.txt'
[1.219s] writing manifest file 'crazyflie_examples.egg-info/SOURCES.txt'
[1.228s] Installing cmd_full_state script to scripts
[1.228s] Installing figure8 script to scripts
[1.229s] Installing hello_world script to scripts
[1.229s] Installing multi_trajectory script to scripts
[1.229s] Installing nice_hover script to scripts
[1.229s] Installing set_param script to scripts
[1.293s] Built target ament_cmake_python_build_crazyflie_examples_scripts
