[1.023s] Invoking command in '/home/aurelio/verrueckter_schwarm/ros2_ws/build/crazyflie_sim': CMAKE_PREFIX_PATH=/home/aurelio/verrueckter_schwarm/ros2_ws/install/crazyflie_interfaces:/home/aurelio/verrueckter_schwarm/ros2_ws/install/motion_capture_tracking:/home/aurelio/verrueckter_schwarm/ros2_ws/install/crazyflie:/home/aurelio/verrueckter_schwarm/ros2_ws/install/motion_capture_tracking_interfaces:/home/aurelio/verrueckter_schwarm/ros2_ws/install/crazyflie_sim:/home/aurelio/verrueckter_schwarm/ros2_ws/install/crazyflie_examples:/home/aurelio/verrueckter_schwarm/ros2_ws/install/crazyflie_py:/opt/ros/humble LD_LIBRARY_PATH=/home/aurelio/verrueckter_schwarm/ros2_ws/install/crazyflie_interfaces/lib:/home/aurelio/verrueckter_schwarm/ros2_ws/install/motion_capture_tracking_interfaces/lib:/opt/ros/humble/opt/rviz_ogre_vendor/lib:/opt/ros/humble/lib/x86_64-linux-gnu:/opt/ros/humble/lib /usr/bin/cmake --build /home/aurelio/verrueckter_schwarm/ros2_ws/build/crazyflie_sim -- -j4 -l4
[1.205s] Built target ament_cmake_python_symlink_crazyflie_sim_setup
[1.233s] Built target ament_cmake_python_symlink_crazyflie_sim
[2.240s] running install_scripts
[2.248s] /usr/lib/python3/dist-packages/setuptools/command/install.py:34: SetuptoolsDeprecationWarning: setup.py install is deprecated. Use build and pip and other standards-based tools.
[2.249s]   warnings.warn(
[2.337s] running egg_info
[2.341s] writing crazyflie_sim.egg-info/PKG-INFO
[2.342s] writing dependency_links to crazyflie_sim.egg-info/dependency_links.txt
[2.342s] writing entry points to crazyflie_sim.egg-info/entry_points.txt
[2.342s] writing top-level names to crazyflie_sim.egg-info/top_level.txt
[2.347s] reading manifest file 'crazyflie_sim.egg-info/SOURCES.txt'
[2.350s] writing manifest file 'crazyflie_sim.egg-info/SOURCES.txt'
[2.353s] Installing crazyflie_server script to scripts
[2.447s] running egg_info
[2.449s] writing crazyflie_sim.egg-info/PKG-INFO
[2.450s] writing dependency_links to crazyflie_sim.egg-info/dependency_links.txt
[2.450s] writing entry points to crazyflie_sim.egg-info/entry_points.txt
[2.451s] writing top-level names to crazyflie_sim.egg-info/top_level.txt
[2.457s] reading manifest file 'crazyflie_sim.egg-info/SOURCES.txt'
[2.459s] writing manifest file 'crazyflie_sim.egg-info/SOURCES.txt'
[2.465s] Built target ament_cmake_python_build_crazyflie_sim_scripts
[2.532s] Built target ament_cmake_python_build_crazyflie_sim_egg
[2.561s] Invoked command in '/home/aurelio/verrueckter_schwarm/ros2_ws/build/crazyflie_sim' returned '0': CMAKE_PREFIX_PATH=/home/aurelio/verrueckter_schwarm/ros2_ws/install/crazyflie_interfaces:/home/aurelio/verrueckter_schwarm/ros2_ws/install/motion_capture_tracking:/home/aurelio/verrueckter_schwarm/ros2_ws/install/crazyflie:/home/aurelio/verrueckter_schwarm/ros2_ws/install/motion_capture_tracking_interfaces:/home/aurelio/verrueckter_schwarm/ros2_ws/install/crazyflie_sim:/home/aurelio/verrueckter_schwarm/ros2_ws/install/crazyflie_examples:/home/aurelio/verrueckter_schwarm/ros2_ws/install/crazyflie_py:/opt/ros/humble LD_LIBRARY_PATH=/home/aurelio/verrueckter_schwarm/ros2_ws/install/crazyflie_interfaces/lib:/home/aurelio/verrueckter_schwarm/ros2_ws/install/motion_capture_tracking_interfaces/lib:/opt/ros/humble/opt/rviz_ogre_vendor/lib:/opt/ros/humble/lib/x86_64-linux-gnu:/opt/ros/humble/lib /usr/bin/cmake --build /home/aurelio/verrueckter_schwarm/ros2_ws/build/crazyflie_sim -- -j4 -l4
[2.647s] Invoking command in '/home/aurelio/verrueckter_schwarm/ros2_ws/build/crazyflie_sim': CMAKE_PREFIX_PATH=/home/aurelio/verrueckter_schwarm/ros2_ws/install/crazyflie_interfaces:/home/aurelio/verrueckter_schwarm/ros2_ws/install/motion_capture_tracking:/home/aurelio/verrueckter_schwarm/ros2_ws/install/crazyflie:/home/aurelio/verrueckter_schwarm/ros2_ws/install/motion_capture_tracking_interfaces:/home/aurelio/verrueckter_schwarm/ros2_ws/install/crazyflie_sim:/home/aurelio/verrueckter_schwarm/ros2_ws/install/crazyflie_examples:/home/aurelio/verrueckter_schwarm/ros2_ws/install/crazyflie_py:/opt/ros/humble LD_LIBRARY_PATH=/home/aurelio/verrueckter_schwarm/ros2_ws/install/crazyflie_interfaces/lib:/home/aurelio/verrueckter_schwarm/ros2_ws/install/motion_capture_tracking_interfaces/lib:/opt/ros/humble/opt/rviz_ogre_vendor/lib:/opt/ros/humble/lib/x86_64-linux-gnu:/opt/ros/humble/lib /usr/bin/cmake --install /home/aurelio/verrueckter_schwarm/ros2_ws/build/crazyflie_sim
[2.669s] -- Install configuration: ""
[2.669s] -- Execute custom install script
[2.670s] -- Up-to-date symlink: /home/aurelio/verrueckter_schwarm/ros2_ws/install/crazyflie_sim/share/crazyflie_sim/environment/pythonpath.sh
[2.670s] -- Up-to-date symlink: /home/aurelio/verrueckter_schwarm/ros2_ws/install/crazyflie_sim/share/crazyflie_sim/environment/pythonpath.dsv
[2.672s] -- Up-to-date symlink: /home/aurelio/verrueckter_schwarm/ros2_ws/install/crazyflie_sim/local/lib/python3.10/dist-packages/crazyflie_sim-2.0.0-py3.10.egg-info/PKG-INFO
[2.672s] -- Up-to-date symlink: /home/aurelio/verrueckter_schwarm/ros2_ws/install/crazyflie_sim/local/lib/python3.10/dist-packages/crazyflie_sim-2.0.0-py3.10.egg-info/SOURCES.txt
[2.673s] -- Up-to-date symlink: /home/aurelio/verrueckter_schwarm/ros2_ws/install/crazyflie_sim/local/lib/python3.10/dist-packages/crazyflie_sim-2.0.0-py3.10.egg-info/dependency_links.txt
[2.673s] -- Up-to-date symlink: /home/aurelio/verrueckter_schwarm/ros2_ws/install/crazyflie_sim/local/lib/python3.10/dist-packages/crazyflie_sim-2.0.0-py3.10.egg-info/entry_points.txt
[2.673s] -- Up-to-date symlink: /home/aurelio/verrueckter_schwarm/ros2_ws/install/crazyflie_sim/local/lib/python3.10/dist-packages/crazyflie_sim-2.0.0-py3.10.egg-info/top_level.txt
[2.673s] -- Up-to-date symlink: /home/aurelio/verrueckter_schwarm/ros2_ws/install/crazyflie_sim/lib/crazyflie_sim//crazyflie_server
[2.675s] -- Up-to-date symlink: /home/aurelio/verrueckter_schwarm/ros2_ws/install/crazyflie_sim/local/lib/python3.10/dist-packages/crazyflie_sim/__init__.py
[2.675s] -- Up-to-date symlink: /home/aurelio/verrueckter_schwarm/ros2_ws/install/crazyflie_sim/local/lib/python3.10/dist-packages/crazyflie_sim/backend/none.py
[2.676s] -- Up-to-date symlink: /home/aurelio/verrueckter_schwarm/ros2_ws/install/crazyflie_sim/local/lib/python3.10/dist-packages/crazyflie_sim/backend/np.py
[2.682s] -- Up-to-date symlink: /home/aurelio/verrueckter_schwarm/ros2_ws/install/crazyflie_sim/local/lib/python3.10/dist-packages/crazyflie_sim/crazyflie_server.py
[2.682s] -- Up-to-date symlink: /home/aurelio/verrueckter_schwarm/ros2_ws/install/crazyflie_sim/local/lib/python3.10/dist-packages/crazyflie_sim/crazyflie_sil.py
[2.682s] -- Up-to-date symlink: /home/aurelio/verrueckter_schwarm/ros2_ws/install/crazyflie_sim/local/lib/python3.10/dist-packages/crazyflie_sim/sim_data_types.py
[2.683s] -- Up-to-date symlink: /home/aurelio/verrueckter_schwarm/ros2_ws/install/crazyflie_sim/local/lib/python3.10/dist-packages/crazyflie_sim/visualization/README.md
[2.683s] -- Up-to-date symlink: /home/aurelio/verrueckter_schwarm/ros2_ws/install/crazyflie_sim/local/lib/python3.10/dist-packages/crazyflie_sim/visualization/blender.py
[2.683s] -- Up-to-date symlink: /home/aurelio/verrueckter_schwarm/ros2_ws/install/crazyflie_sim/local/lib/python3.10/dist-packages/crazyflie_sim/visualization/data/README.md
[2.683s] -- Up-to-date symlink: /home/aurelio/verrueckter_schwarm/ros2_ws/install/crazyflie_sim/local/lib/python3.10/dist-packages/crazyflie_sim/visualization/data/env/abandoned_greenhouse.jpg
[2.683s] -- Up-to-date symlink: /home/aurelio/verrueckter_schwarm/ros2_ws/install/crazyflie_sim/local/lib/python3.10/dist-packages/crazyflie_sim/visualization/data/env/aerodynamics_workshop.jpg
[2.684s] -- Up-to-date symlink: /home/aurelio/verrueckter_schwarm/ros2_ws/install/crazyflie_sim/local/lib/python3.10/dist-packages/crazyflie_sim/visualization/data/env/aviation_museum.jpg
[2.684s] -- Up-to-date symlink: /home/aurelio/verrueckter_schwarm/ros2_ws/install/crazyflie_sim/local/lib/python3.10/dist-packages/crazyflie_sim/visualization/data/env/crosswalk.jpg
[2.684s] -- Up-to-date symlink: /home/aurelio/verrueckter_schwarm/ros2_ws/install/crazyflie_sim/local/lib/python3.10/dist-packages/crazyflie_sim/visualization/data/env/derelict_overpass.jpg
[2.684s] -- Up-to-date symlink: /home/aurelio/verrueckter_schwarm/ros2_ws/install/crazyflie_sim/local/lib/python3.10/dist-packages/crazyflie_sim/visualization/data/env/env.jpg
[2.684s] -- Up-to-date symlink: /home/aurelio/verrueckter_schwarm/ros2_ws/install/crazyflie_sim/local/lib/python3.10/dist-packages/crazyflie_sim/visualization/data/env/lago_disola.jpg
[2.685s] -- Up-to-date symlink: /home/aurelio/verrueckter_schwarm/ros2_ws/install/crazyflie_sim/local/lib/python3.10/dist-packages/crazyflie_sim/visualization/data/env/lake_pier.jpg
[2.685s] -- Up-to-date symlink: /home/aurelio/verrueckter_schwarm/ros2_ws/install/crazyflie_sim/local/lib/python3.10/dist-packages/crazyflie_sim/visualization/data/env/machine_shop.jpg
[2.685s] -- Up-to-date symlink: /home/aurelio/verrueckter_schwarm/ros2_ws/install/crazyflie_sim/local/lib/python3.10/dist-packages/crazyflie_sim/visualization/data/env/museumplein.jpg
[2.685s] -- Up-to-date symlink: /home/aurelio/verrueckter_schwarm/ros2_ws/install/crazyflie_sim/local/lib/python3.10/dist-packages/crazyflie_sim/visualization/data/env/peppermint_powerplant.jpg
[2.686s] -- Up-to-date symlink: /home/aurelio/verrueckter_schwarm/ros2_ws/install/crazyflie_sim/local/lib/python3.10/dist-packages/crazyflie_sim/visualization/data/env/studio_garden.jpg
[2.686s] -- Up-to-date symlink: /home/aurelio/verrueckter_schwarm/ros2_ws/install/crazyflie_sim/local/lib/python3.10/dist-packages/crazyflie_sim/visualization/data/model/cf.mtl
[2.686s] -- Up-to-date symlink: /home/aurelio/verrueckter_schwarm/ros2_ws/install/crazyflie_sim/local/lib/python3.10/dist-packages/crazyflie_sim/visualization/data/model/cf.obj
[2.687s] -- Up-to-date symlink: /home/aurelio/verrueckter_schwarm/ros2_ws/install/crazyflie_sim/local/lib/python3.10/dist-packages/crazyflie_sim/visualization/pdf.py
[2.687s] -- Up-to-date symlink: /home/aurelio/verrueckter_schwarm/ros2_ws/install/crazyflie_sim/local/lib/python3.10/dist-packages/crazyflie_sim/visualization/record_states.py
[2.687s] -- Up-to-date symlink: /home/aurelio/verrueckter_schwarm/ros2_ws/install/crazyflie_sim/local/lib/python3.10/dist-packages/crazyflie_sim/visualization/rviz.py
[2.687s] -- Up-to-date symlink: /home/aurelio/verrueckter_schwarm/ros2_ws/install/crazyflie_sim/share/ament_index/resource_index/package_run_dependencies/crazyflie_sim
[2.687s] -- Up-to-date symlink: /home/aurelio/verrueckter_schwarm/ros2_ws/install/crazyflie_sim/share/ament_index/resource_index/parent_prefix_path/crazyflie_sim
[2.688s] -- Up-to-date symlink: /home/aurelio/verrueckter_schwarm/ros2_ws/install/crazyflie_sim/share/crazyflie_sim/environment/ament_prefix_path.sh
[2.688s] -- Up-to-date symlink: /home/aurelio/verrueckter_schwarm/ros2_ws/install/crazyflie_sim/share/crazyflie_sim/environment/ament_prefix_path.dsv
[2.688s] -- Up-to-date symlink: /home/aurelio/verrueckter_schwarm/ros2_ws/install/crazyflie_sim/share/crazyflie_sim/environment/path.sh
[2.688s] -- Up-to-date symlink: /home/aurelio/verrueckter_schwarm/ros2_ws/install/crazyflie_sim/share/crazyflie_sim/environment/path.dsv
[2.689s] -- Up-to-date symlink: /home/aurelio/verrueckter_schwarm/ros2_ws/install/crazyflie_sim/share/crazyflie_sim/local_setup.bash
[2.689s] -- Up-to-date symlink: /home/aurelio/verrueckter_schwarm/ros2_ws/install/crazyflie_sim/share/crazyflie_sim/local_setup.sh
[2.700s] -- Up-to-date symlink: /home/aurelio/verrueckter_schwarm/ros2_ws/install/crazyflie_sim/share/crazyflie_sim/local_setup.zsh
[2.701s] -- Up-to-date symlink: /home/aurelio/verrueckter_schwarm/ros2_ws/install/crazyflie_sim/share/crazyflie_sim/local_setup.dsv
[2.701s] -- Symlinking: /home/aurelio/verrueckter_schwarm/ros2_ws/install/crazyflie_sim/share/crazyflie_sim/package.dsv
[2.753s] -- Up-to-date symlink: /home/aurelio/verrueckter_schwarm/ros2_ws/install/crazyflie_sim/share/ament_index/resource_index/packages/crazyflie_sim
[2.753s] -- Up-to-date symlink: /home/aurelio/verrueckter_schwarm/ros2_ws/install/crazyflie_sim/share/crazyflie_sim/cmake/crazyflie_simConfig.cmake
[2.753s] -- Up-to-date symlink: /home/aurelio/verrueckter_schwarm/ros2_ws/install/crazyflie_sim/share/crazyflie_sim/cmake/crazyflie_simConfig-version.cmake
[2.754s] -- Up-to-date symlink: /home/aurelio/verrueckter_schwarm/ros2_ws/install/crazyflie_sim/share/crazyflie_sim/package.xml
[2.875s] Listing '/home/aurelio/verrueckter_schwarm/ros2_ws/install/crazyflie_sim/local/lib/python3.10/dist-packages/crazyflie_sim'...
[2.875s] Listing '/home/aurelio/verrueckter_schwarm/ros2_ws/install/crazyflie_sim/local/lib/python3.10/dist-packages/crazyflie_sim/backend'...
[2.875s] Listing '/home/aurelio/verrueckter_schwarm/ros2_ws/install/crazyflie_sim/local/lib/python3.10/dist-packages/crazyflie_sim/visualization'...
[2.875s] Listing '/home/aurelio/verrueckter_schwarm/ros2_ws/install/crazyflie_sim/local/lib/python3.10/dist-packages/crazyflie_sim/visualization/data'...
[2.876s] Listing '/home/aurelio/verrueckter_schwarm/ros2_ws/install/crazyflie_sim/local/lib/python3.10/dist-packages/crazyflie_sim/visualization/data/env'...
[2.876s] Listing '/home/aurelio/verrueckter_schwarm/ros2_ws/install/crazyflie_sim/local/lib/python3.10/dist-packages/crazyflie_sim/visualization/data/model'...
[2.972s] Invoked command in '/home/aurelio/verrueckter_schwarm/ros2_ws/build/crazyflie_sim' returned '0': CMAKE_PREFIX_PATH=/home/aurelio/verrueckter_schwarm/ros2_ws/install/crazyflie_interfaces:/home/aurelio/verrueckter_schwarm/ros2_ws/install/motion_capture_tracking:/home/aurelio/verrueckter_schwarm/ros2_ws/install/crazyflie:/home/aurelio/verrueckter_schwarm/ros2_ws/install/motion_capture_tracking_interfaces:/home/aurelio/verrueckter_schwarm/ros2_ws/install/crazyflie_sim:/home/aurelio/verrueckter_schwarm/ros2_ws/install/crazyflie_examples:/home/aurelio/verrueckter_schwarm/ros2_ws/install/crazyflie_py:/opt/ros/humble LD_LIBRARY_PATH=/home/aurelio/verrueckter_schwarm/ros2_ws/install/crazyflie_interfaces/lib:/home/aurelio/verrueckter_schwarm/ros2_ws/install/motion_capture_tracking_interfaces/lib:/opt/ros/humble/opt/rviz_ogre_vendor/lib:/opt/ros/humble/lib/x86_64-linux-gnu:/opt/ros/humble/lib /usr/bin/cmake --install /home/aurelio/verrueckter_schwarm/ros2_ws/build/crazyflie_sim
