[0.160s] Invoking command in '/home/aurelio/verrueckter_schwarm/ros2_ws/build/crazyflie_flight_path': AMENT_PREFIX_PATH=/home/aurelio/verrueckter_schwarm/ros2_ws/install/crazyflie_py:/home/aurelio/verrueckter_schwarm/ros2_ws/install/crazyflie_flight_path:/home/aurelio/verrueckter_schwarm/ros2_ws/install/motion_capture_tracking:/home/aurelio/verrueckter_schwarm/ros2_ws/install/crazyflie:/home/aurelio/verrueckter_schwarm/ros2_ws/install/motion_capture_tracking_interfaces:/home/aurelio/verrueckter_schwarm/ros2_ws/install/crazyflie_sim:/home/aurelio/verrueckter_schwarm/ros2_ws/install/crazyflie_examples:/home/aurelio/verrueckter_schwarm/ros2_ws/install/crazyflie_interfaces:/opt/ros/humble CMAKE_PREFIX_PATH=/home/aurelio/verrueckter_schwarm/ros2_ws/install/crazyflie_interfaces:/home/aurelio/verrueckter_schwarm/ros2_ws/install/crazyflie_flight_path:/home/aurelio/verrueckter_schwarm/ros2_ws/install/motion_capture_tracking:/home/aurelio/verrueckter_schwarm/ros2_ws/install/crazyflie:/home/aurelio/verrueckter_schwarm/ros2_ws/install/motion_capture_tracking_interfaces:/home/aurelio/verrueckter_schwarm/ros2_ws/install/crazyflie_sim:/home/aurelio/verrueckter_schwarm/ros2_ws/install/crazyflie_examples:/home/aurelio/verrueckter_schwarm/ros2_ws/install/crazyflie_py:/opt/ros/humble LD_LIBRARY_PATH=/home/aurelio/verrueckter_schwarm/ros2_ws/install/crazyflie_interfaces/lib:/home/aurelio/verrueckter_schwarm/ros2_ws/install/motion_capture_tracking_interfaces/lib:/opt/ros/humble/opt/rviz_ogre_vendor/lib:/opt/ros/humble/lib/x86_64-linux-gnu:/opt/ros/humble/lib PYTHONPATH=/home/aurelio/verrueckter_schwarm/ros2_ws/build/crazyflie_py:/home/aurelio/verrueckter_schwarm/ros2_ws/install/crazyflie_py/lib/python3.10/site-packages:/home/aurelio/verrueckter_schwarm/ros2_ws/install/crazyflie_flight_path/local/lib/python3.10/dist-packages:/home/aurelio/verrueckter_schwarm/ros2_ws/install/crazyflie_flight_path/lib/python3.10/site-packages:/home/aurelio/verrueckter_schwarm/ros2_ws/install/motion_capture_tracking_interfaces/local/lib/python3.10/dist-packages:/home/aurelio/verrueckter_schwarm/ros2_ws/install/crazyflie_sim/local/lib/python3.10/dist-packages:/home/aurelio/verrueckter_schwarm/ros2_ws/install/crazyflie_examples/local/lib/python3.10/dist-packages:/home/aurelio/verrueckter_schwarm/ros2_ws/install/crazyflie_interfaces/local/lib/python3.10/dist-packages:/opt/ros/humble/lib/python3.10/site-packages:/opt/ros/humble/local/lib/python3.10/dist-packages /usr/bin/cmake --build /home/aurelio/verrueckter_schwarm/ros2_ws/build/crazyflie_flight_path -- -j4 -l4
[0.288s] Built target ament_cmake_python_symlink_crazyflie_flight_path_setup
[0.305s] Built target ament_cmake_python_symlink_crazyflie_flight_path
[1.135s] running egg_info
[1.138s] writing crazyflie_flight_path.egg-info/PKG-INFO
[1.138s] writing dependency_links to crazyflie_flight_path.egg-info/dependency_links.txt
[1.139s] writing entry points to crazyflie_flight_path.egg-info/entry_points.txt
[1.140s] writing top-level names to crazyflie_flight_path.egg-info/top_level.txt
[1.147s] reading manifest file 'crazyflie_flight_path.egg-info/SOURCES.txt'
[1.149s] writing manifest file 'crazyflie_flight_path.egg-info/SOURCES.txt'
[1.253s] Built target ament_cmake_python_build_crazyflie_flight_path_egg
[1.496s] running install_scripts
[1.504s] /usr/lib/python3/dist-packages/setuptools/command/install.py:34: SetuptoolsDeprecationWarning: setup.py install is deprecated. Use build and pip and other standards-based tools.
[1.504s]   warnings.warn(
[1.576s] running egg_info
[1.581s] writing crazyflie_flight_path.egg-info/PKG-INFO
[1.583s] writing dependency_links to crazyflie_flight_path.egg-info/dependency_links.txt
[1.584s] writing entry points to crazyflie_flight_path.egg-info/entry_points.txt
[1.586s] writing top-level names to crazyflie_flight_path.egg-info/top_level.txt
[1.591s] reading manifest file 'crazyflie_flight_path.egg-info/SOURCES.txt'
[1.595s] writing manifest file 'crazyflie_flight_path.egg-info/SOURCES.txt'
[1.612s] Installing flight_path script to scripts
[1.612s] Installing waypoint_mission_cmdPosition script to scripts
[1.613s] Installing waypoint_mission_goTo script to scripts
[1.765s] Built target ament_cmake_python_build_crazyflie_flight_path_scripts
[1.810s] Invoked command in '/home/aurelio/verrueckter_schwarm/ros2_ws/build/crazyflie_flight_path' returned '0': AMENT_PREFIX_PATH=/home/aurelio/verrueckter_schwarm/ros2_ws/install/crazyflie_py:/home/aurelio/verrueckter_schwarm/ros2_ws/install/crazyflie_flight_path:/home/aurelio/verrueckter_schwarm/ros2_ws/install/motion_capture_tracking:/home/aurelio/verrueckter_schwarm/ros2_ws/install/crazyflie:/home/aurelio/verrueckter_schwarm/ros2_ws/install/motion_capture_tracking_interfaces:/home/aurelio/verrueckter_schwarm/ros2_ws/install/crazyflie_sim:/home/aurelio/verrueckter_schwarm/ros2_ws/install/crazyflie_examples:/home/aurelio/verrueckter_schwarm/ros2_ws/install/crazyflie_interfaces:/opt/ros/humble CMAKE_PREFIX_PATH=/home/aurelio/verrueckter_schwarm/ros2_ws/install/crazyflie_interfaces:/home/aurelio/verrueckter_schwarm/ros2_ws/install/crazyflie_flight_path:/home/aurelio/verrueckter_schwarm/ros2_ws/install/motion_capture_tracking:/home/aurelio/verrueckter_schwarm/ros2_ws/install/crazyflie:/home/aurelio/verrueckter_schwarm/ros2_ws/install/motion_capture_tracking_interfaces:/home/aurelio/verrueckter_schwarm/ros2_ws/install/crazyflie_sim:/home/aurelio/verrueckter_schwarm/ros2_ws/install/crazyflie_examples:/home/aurelio/verrueckter_schwarm/ros2_ws/install/crazyflie_py:/opt/ros/humble LD_LIBRARY_PATH=/home/aurelio/verrueckter_schwarm/ros2_ws/install/crazyflie_interfaces/lib:/home/aurelio/verrueckter_schwarm/ros2_ws/install/motion_capture_tracking_interfaces/lib:/opt/ros/humble/opt/rviz_ogre_vendor/lib:/opt/ros/humble/lib/x86_64-linux-gnu:/opt/ros/humble/lib PYTHONPATH=/home/aurelio/verrueckter_schwarm/ros2_ws/build/crazyflie_py:/home/aurelio/verrueckter_schwarm/ros2_ws/install/crazyflie_py/lib/python3.10/site-packages:/home/aurelio/verrueckter_schwarm/ros2_ws/install/crazyflie_flight_path/local/lib/python3.10/dist-packages:/home/aurelio/verrueckter_schwarm/ros2_ws/install/crazyflie_flight_path/lib/python3.10/site-packages:/home/aurelio/verrueckter_schwarm/ros2_ws/install/motion_capture_tracking_interfaces/local/lib/python3.10/dist-packages:/home/aurelio/verrueckter_schwarm/ros2_ws/install/crazyflie_sim/local/lib/python3.10/dist-packages:/home/aurelio/verrueckter_schwarm/ros2_ws/install/crazyflie_examples/local/lib/python3.10/dist-packages:/home/aurelio/verrueckter_schwarm/ros2_ws/install/crazyflie_interfaces/local/lib/python3.10/dist-packages:/opt/ros/humble/lib/python3.10/site-packages:/opt/ros/humble/local/lib/python3.10/dist-packages /usr/bin/cmake --build /home/aurelio/verrueckter_schwarm/ros2_ws/build/crazyflie_flight_path -- -j4 -l4
[2.183s] Invoking command in '/home/aurelio/verrueckter_schwarm/ros2_ws/build/crazyflie_flight_path': AMENT_PREFIX_PATH=/home/aurelio/verrueckter_schwarm/ros2_ws/install/crazyflie_py:/home/aurelio/verrueckter_schwarm/ros2_ws/install/crazyflie_flight_path:/home/aurelio/verrueckter_schwarm/ros2_ws/install/motion_capture_tracking:/home/aurelio/verrueckter_schwarm/ros2_ws/install/crazyflie:/home/aurelio/verrueckter_schwarm/ros2_ws/install/motion_capture_tracking_interfaces:/home/aurelio/verrueckter_schwarm/ros2_ws/install/crazyflie_sim:/home/aurelio/verrueckter_schwarm/ros2_ws/install/crazyflie_examples:/home/aurelio/verrueckter_schwarm/ros2_ws/install/crazyflie_interfaces:/opt/ros/humble CMAKE_PREFIX_PATH=/home/aurelio/verrueckter_schwarm/ros2_ws/install/crazyflie_interfaces:/home/aurelio/verrueckter_schwarm/ros2_ws/install/crazyflie_flight_path:/home/aurelio/verrueckter_schwarm/ros2_ws/install/motion_capture_tracking:/home/aurelio/verrueckter_schwarm/ros2_ws/install/crazyflie:/home/aurelio/verrueckter_schwarm/ros2_ws/install/motion_capture_tracking_interfaces:/home/aurelio/verrueckter_schwarm/ros2_ws/install/crazyflie_sim:/home/aurelio/verrueckter_schwarm/ros2_ws/install/crazyflie_examples:/home/aurelio/verrueckter_schwarm/ros2_ws/install/crazyflie_py:/opt/ros/humble LD_LIBRARY_PATH=/home/aurelio/verrueckter_schwarm/ros2_ws/install/crazyflie_interfaces/lib:/home/aurelio/verrueckter_schwarm/ros2_ws/install/motion_capture_tracking_interfaces/lib:/opt/ros/humble/opt/rviz_ogre_vendor/lib:/opt/ros/humble/lib/x86_64-linux-gnu:/opt/ros/humble/lib PYTHONPATH=/home/aurelio/verrueckter_schwarm/ros2_ws/build/crazyflie_py:/home/aurelio/verrueckter_schwarm/ros2_ws/install/crazyflie_py/lib/python3.10/site-packages:/home/aurelio/verrueckter_schwarm/ros2_ws/install/crazyflie_flight_path/local/lib/python3.10/dist-packages:/home/aurelio/verrueckter_schwarm/ros2_ws/install/crazyflie_flight_path/lib/python3.10/site-packages:/home/aurelio/verrueckter_schwarm/ros2_ws/install/motion_capture_tracking_interfaces/local/lib/python3.10/dist-packages:/home/aurelio/verrueckter_schwarm/ros2_ws/install/crazyflie_sim/local/lib/python3.10/dist-packages:/home/aurelio/verrueckter_schwarm/ros2_ws/install/crazyflie_examples/local/lib/python3.10/dist-packages:/home/aurelio/verrueckter_schwarm/ros2_ws/install/crazyflie_interfaces/local/lib/python3.10/dist-packages:/opt/ros/humble/lib/python3.10/site-packages:/opt/ros/humble/local/lib/python3.10/dist-packages /usr/bin/cmake --install /home/aurelio/verrueckter_schwarm/ros2_ws/build/crazyflie_flight_path
[2.252s] -- Install configuration: ""
[2.262s] -- Execute custom install script
[2.272s] -- Up-to-date symlink: /home/aurelio/verrueckter_schwarm/ros2_ws/install/crazyflie_flight_path/share/crazyflie_flight_path/environment/pythonpath.sh
[2.275s] -- Up-to-date symlink: /home/aurelio/verrueckter_schwarm/ros2_ws/install/crazyflie_flight_path/share/crazyflie_flight_path/environment/pythonpath.dsv
[2.277s] -- Up-to-date symlink: /home/aurelio/verrueckter_schwarm/ros2_ws/install/crazyflie_flight_path/local/lib/python3.10/dist-packages/crazyflie_flight_path-0.0.0-py3.10.egg-info/PKG-INFO
[2.280s] -- Up-to-date symlink: /home/aurelio/verrueckter_schwarm/ros2_ws/install/crazyflie_flight_path/local/lib/python3.10/dist-packages/crazyflie_flight_path-0.0.0-py3.10.egg-info/SOURCES.txt
[2.282s] -- Up-to-date symlink: /home/aurelio/verrueckter_schwarm/ros2_ws/install/crazyflie_flight_path/local/lib/python3.10/dist-packages/crazyflie_flight_path-0.0.0-py3.10.egg-info/dependency_links.txt
[2.284s] -- Up-to-date symlink: /home/aurelio/verrueckter_schwarm/ros2_ws/install/crazyflie_flight_path/local/lib/python3.10/dist-packages/crazyflie_flight_path-0.0.0-py3.10.egg-info/entry_points.txt
[2.285s] -- Up-to-date symlink: /home/aurelio/verrueckter_schwarm/ros2_ws/install/crazyflie_flight_path/local/lib/python3.10/dist-packages/crazyflie_flight_path-0.0.0-py3.10.egg-info/top_level.txt
[2.285s] -- Up-to-date symlink: /home/aurelio/verrueckter_schwarm/ros2_ws/install/crazyflie_flight_path/lib/crazyflie_flight_path//flight_path
[2.286s] -- Up-to-date symlink: /home/aurelio/verrueckter_schwarm/ros2_ws/install/crazyflie_flight_path/lib/crazyflie_flight_path//waypoint_mission
[2.286s] -- Symlinking: /home/aurelio/verrueckter_schwarm/ros2_ws/install/crazyflie_flight_path/lib/crazyflie_flight_path//waypoint_mission_cmdPosition
[2.307s] -- Symlinking: /home/aurelio/verrueckter_schwarm/ros2_ws/install/crazyflie_flight_path/lib/crazyflie_flight_path//waypoint_mission_goTo
[2.342s] -- Up-to-date symlink: /home/aurelio/verrueckter_schwarm/ros2_ws/install/crazyflie_flight_path/local/lib/python3.10/dist-packages/crazyflie_flight_path/__init__.py
[2.343s] -- Up-to-date symlink: /home/aurelio/verrueckter_schwarm/ros2_ws/install/crazyflie_flight_path/local/lib/python3.10/dist-packages/crazyflie_flight_path/flight_path.py
[2.343s] -- Symlinking: /home/aurelio/verrueckter_schwarm/ros2_ws/install/crazyflie_flight_path/local/lib/python3.10/dist-packages/crazyflie_flight_path/waypoint_mission_cmdPosition.py
[2.363s] -- Symlinking: /home/aurelio/verrueckter_schwarm/ros2_ws/install/crazyflie_flight_path/local/lib/python3.10/dist-packages/crazyflie_flight_path/waypoint_mission_goTo.py
[2.385s] -- Up-to-date symlink: /home/aurelio/verrueckter_schwarm/ros2_ws/install/crazyflie_flight_path/share/crazyflie_flight_path//data/figure8.csv
[2.388s] -- Up-to-date symlink: /home/aurelio/verrueckter_schwarm/ros2_ws/install/crazyflie_flight_path/share/ament_index/resource_index/package_run_dependencies/crazyflie_flight_path
[2.389s] -- Up-to-date symlink: /home/aurelio/verrueckter_schwarm/ros2_ws/install/crazyflie_flight_path/share/ament_index/resource_index/parent_prefix_path/crazyflie_flight_path
[2.389s] -- Up-to-date symlink: /home/aurelio/verrueckter_schwarm/ros2_ws/install/crazyflie_flight_path/share/crazyflie_flight_path/environment/ament_prefix_path.sh
[2.389s] -- Up-to-date symlink: /home/aurelio/verrueckter_schwarm/ros2_ws/install/crazyflie_flight_path/share/crazyflie_flight_path/environment/ament_prefix_path.dsv
[2.389s] -- Up-to-date symlink: /home/aurelio/verrueckter_schwarm/ros2_ws/install/crazyflie_flight_path/share/crazyflie_flight_path/environment/path.sh
[2.389s] -- Up-to-date symlink: /home/aurelio/verrueckter_schwarm/ros2_ws/install/crazyflie_flight_path/share/crazyflie_flight_path/environment/path.dsv
[2.390s] -- Up-to-date symlink: /home/aurelio/verrueckter_schwarm/ros2_ws/install/crazyflie_flight_path/share/crazyflie_flight_path/local_setup.bash
[2.390s] -- Up-to-date symlink: /home/aurelio/verrueckter_schwarm/ros2_ws/install/crazyflie_flight_path/share/crazyflie_flight_path/local_setup.sh
[2.390s] -- Up-to-date symlink: /home/aurelio/verrueckter_schwarm/ros2_ws/install/crazyflie_flight_path/share/crazyflie_flight_path/local_setup.zsh
[2.390s] -- Up-to-date symlink: /home/aurelio/verrueckter_schwarm/ros2_ws/install/crazyflie_flight_path/share/crazyflie_flight_path/local_setup.dsv
[2.390s] -- Symlinking: /home/aurelio/verrueckter_schwarm/ros2_ws/install/crazyflie_flight_path/share/crazyflie_flight_path/package.dsv
[2.441s] -- Up-to-date symlink: /home/aurelio/verrueckter_schwarm/ros2_ws/install/crazyflie_flight_path/share/ament_index/resource_index/packages/crazyflie_flight_path
[2.442s] -- Up-to-date symlink: /home/aurelio/verrueckter_schwarm/ros2_ws/install/crazyflie_flight_path/share/crazyflie_flight_path/cmake/crazyflie_flight_pathConfig.cmake
[2.442s] -- Up-to-date symlink: /home/aurelio/verrueckter_schwarm/ros2_ws/install/crazyflie_flight_path/share/crazyflie_flight_path/cmake/crazyflie_flight_pathConfig-version.cmake
[2.442s] -- Up-to-date symlink: /home/aurelio/verrueckter_schwarm/ros2_ws/install/crazyflie_flight_path/share/crazyflie_flight_path/package.xml
[2.557s] Listing '/home/aurelio/verrueckter_schwarm/ros2_ws/install/crazyflie_flight_path/local/lib/python3.10/dist-packages/crazyflie_flight_path'...
[2.557s] Listing '/home/aurelio/verrueckter_schwarm/ros2_ws/install/crazyflie_flight_path/local/lib/python3.10/dist-packages/crazyflie_flight_path/data'...
[2.557s] Compiling '/home/aurelio/verrueckter_schwarm/ros2_ws/install/crazyflie_flight_path/local/lib/python3.10/dist-packages/crazyflie_flight_path/waypoint_mission_cmdPosition.py'...
[2.557s] Compiling '/home/aurelio/verrueckter_schwarm/ros2_ws/install/crazyflie_flight_path/local/lib/python3.10/dist-packages/crazyflie_flight_path/waypoint_mission_goTo.py'...
[2.612s] Invoked command in '/home/aurelio/verrueckter_schwarm/ros2_ws/build/crazyflie_flight_path' returned '0': AMENT_PREFIX_PATH=/home/aurelio/verrueckter_schwarm/ros2_ws/install/crazyflie_py:/home/aurelio/verrueckter_schwarm/ros2_ws/install/crazyflie_flight_path:/home/aurelio/verrueckter_schwarm/ros2_ws/install/motion_capture_tracking:/home/aurelio/verrueckter_schwarm/ros2_ws/install/crazyflie:/home/aurelio/verrueckter_schwarm/ros2_ws/install/motion_capture_tracking_interfaces:/home/aurelio/verrueckter_schwarm/ros2_ws/install/crazyflie_sim:/home/aurelio/verrueckter_schwarm/ros2_ws/install/crazyflie_examples:/home/aurelio/verrueckter_schwarm/ros2_ws/install/crazyflie_interfaces:/opt/ros/humble CMAKE_PREFIX_PATH=/home/aurelio/verrueckter_schwarm/ros2_ws/install/crazyflie_interfaces:/home/aurelio/verrueckter_schwarm/ros2_ws/install/crazyflie_flight_path:/home/aurelio/verrueckter_schwarm/ros2_ws/install/motion_capture_tracking:/home/aurelio/verrueckter_schwarm/ros2_ws/install/crazyflie:/home/aurelio/verrueckter_schwarm/ros2_ws/install/motion_capture_tracking_interfaces:/home/aurelio/verrueckter_schwarm/ros2_ws/install/crazyflie_sim:/home/aurelio/verrueckter_schwarm/ros2_ws/install/crazyflie_examples:/home/aurelio/verrueckter_schwarm/ros2_ws/install/crazyflie_py:/opt/ros/humble LD_LIBRARY_PATH=/home/aurelio/verrueckter_schwarm/ros2_ws/install/crazyflie_interfaces/lib:/home/aurelio/verrueckter_schwarm/ros2_ws/install/motion_capture_tracking_interfaces/lib:/opt/ros/humble/opt/rviz_ogre_vendor/lib:/opt/ros/humble/lib/x86_64-linux-gnu:/opt/ros/humble/lib PYTHONPATH=/home/aurelio/verrueckter_schwarm/ros2_ws/build/crazyflie_py:/home/aurelio/verrueckter_schwarm/ros2_ws/install/crazyflie_py/lib/python3.10/site-packages:/home/aurelio/verrueckter_schwarm/ros2_ws/install/crazyflie_flight_path/local/lib/python3.10/dist-packages:/home/aurelio/verrueckter_schwarm/ros2_ws/install/crazyflie_flight_path/lib/python3.10/site-packages:/home/aurelio/verrueckter_schwarm/ros2_ws/install/motion_capture_tracking_interfaces/local/lib/python3.10/dist-packages:/home/aurelio/verrueckter_schwarm/ros2_ws/install/crazyflie_sim/local/lib/python3.10/dist-packages:/home/aurelio/verrueckter_schwarm/ros2_ws/install/crazyflie_examples/local/lib/python3.10/dist-packages:/home/aurelio/verrueckter_schwarm/ros2_ws/install/crazyflie_interfaces/local/lib/python3.10/dist-packages:/opt/ros/humble/lib/python3.10/site-packages:/opt/ros/humble/local/lib/python3.10/dist-packages /usr/bin/cmake --install /home/aurelio/verrueckter_schwarm/ros2_ws/build/crazyflie_flight_path
