[2.557s] Invoking command in '/home/aurelio/verrueckter_schwarm/ros2_ws/build/crazyflie_py': AMENT_PREFIX_PATH=/home/aurelio/verrueckter_schwarm/ros2_ws/install/crazyflie_interfaces:${AMENT_PREFIX_PATH} CMAKE_PREFIX_PATH=/home/aurelio/verrueckter_schwarm/ros2_ws/install/crazyflie_interfaces LD_LIBRARY_PATH=/home/aurelio/verrueckter_schwarm/ros2_ws/install/crazyflie_interfaces/lib:${LD_LIBRARY_PATH} PYTHONPATH=/home/aurelio/verrueckter_schwarm/ros2_ws/build/crazyflie_py/prefix_override:/home/aurelio/verrueckter_schwarm/ros2_ws/install/crazyflie_py/lib/python3.10/site-packages:/home/aurelio/verrueckter_schwarm/ros2_ws/install/crazyflie_interfaces/local/lib/python3.10/dist-packages:${PYTHONPATH} /usr/bin/python3 setup.py develop --editable --build-directory /home/aurelio/verrueckter_schwarm/ros2_ws/build/crazyflie_py/build --no-deps install_data
[3.326s] running develop
[3.327s] /usr/lib/python3/dist-packages/setuptools/command/easy_install.py:158: EasyInstallDeprecationWarning: easy_install command is deprecated. Use build and pip and other standards-based tools.
[3.328s]   warnings.warn(
[3.333s] /usr/lib/python3/dist-packages/setuptools/command/install.py:34: SetuptoolsDeprecationWarning: setup.py install is deprecated. Use build and pip and other standards-based tools.
[3.333s]   warnings.warn(
[3.874s] running egg_info
[3.874s] creating crazyflie_py.egg-info
[3.875s] writing crazyflie_py.egg-info/PKG-INFO
[3.875s] writing dependency_links to crazyflie_py.egg-info/dependency_links.txt
[3.876s] writing entry points to crazyflie_py.egg-info/entry_points.txt
[3.876s] writing requirements to crazyflie_py.egg-info/requires.txt
[3.876s] writing top-level names to crazyflie_py.egg-info/top_level.txt
[3.876s] writing manifest file 'crazyflie_py.egg-info/SOURCES.txt'
[3.885s] reading manifest file 'crazyflie_py.egg-info/SOURCES.txt'
[3.887s] writing manifest file 'crazyflie_py.egg-info/SOURCES.txt'
[3.890s] running build_ext
[3.890s] Creating /home/aurelio/verrueckter_schwarm/ros2_ws/install/crazyflie_py/lib/python3.10/site-packages/crazyflie-py.egg-link (link to .)
[3.892s] 
[3.893s] Installed /home/aurelio/verrueckter_schwarm/ros2_ws/build/crazyflie_py
[3.893s] running install_data
[3.893s] creating /home/aurelio/verrueckter_schwarm/ros2_ws/install/crazyflie_py/share/ament_index
[3.893s] creating /home/aurelio/verrueckter_schwarm/ros2_ws/install/crazyflie_py/share/ament_index/resource_index
[3.894s] creating /home/aurelio/verrueckter_schwarm/ros2_ws/install/crazyflie_py/share/ament_index/resource_index/packages
[3.894s] copying resource/crazyflie_py -> /home/aurelio/verrueckter_schwarm/ros2_ws/install/crazyflie_py/share/ament_index/resource_index/packages
[3.894s] copying package.xml -> /home/aurelio/verrueckter_schwarm/ros2_ws/install/crazyflie_py/share/crazyflie_py
[4.038s] Invoked command in '/home/aurelio/verrueckter_schwarm/ros2_ws/build/crazyflie_py' returned '0': AMENT_PREFIX_PATH=/home/aurelio/verrueckter_schwarm/ros2_ws/install/crazyflie_interfaces:${AMENT_PREFIX_PATH} CMAKE_PREFIX_PATH=/home/aurelio/verrueckter_schwarm/ros2_ws/install/crazyflie_interfaces LD_LIBRARY_PATH=/home/aurelio/verrueckter_schwarm/ros2_ws/install/crazyflie_interfaces/lib:${LD_LIBRARY_PATH} PYTHONPATH=/home/aurelio/verrueckter_schwarm/ros2_ws/build/crazyflie_py/prefix_override:/home/aurelio/verrueckter_schwarm/ros2_ws/install/crazyflie_py/lib/python3.10/site-packages:/home/aurelio/verrueckter_schwarm/ros2_ws/install/crazyflie_interfaces/local/lib/python3.10/dist-packages:${PYTHONPATH} /usr/bin/python3 setup.py develop --editable --build-directory /home/aurelio/verrueckter_schwarm/ros2_ws/build/crazyflie_py/build --no-deps install_data
