[0.151s] Invoking command in '/home/aurelio/verrueckter_schwarm/ros2_ws/build/motion_capture_tracking': CMAKE_PREFIX_PATH=/home/aurelio/verrueckter_schwarm/ros2_ws/install/motion_capture_tracking_interfaces:/home/aurelio/verrueckter_schwarm/ros2_ws/install/motion_capture_tracking:/home/aurelio/verrueckter_schwarm/ros2_ws/install/crazyflie:/home/aurelio/verrueckter_schwarm/ros2_ws/install/crazyflie_sim:/home/aurelio/verrueckter_schwarm/ros2_ws/install/crazyflie_examples:/home/aurelio/verrueckter_schwarm/ros2_ws/install/crazyflie_interfaces:/home/aurelio/verrueckter_schwarm/ros2_ws/install/crazyflie_flight_path:/home/aurelio/verrueckter_schwarm/ros2_ws/install/crazyflie_py:/opt/ros/humble /usr/bin/cmake --build /home/aurelio/verrueckter_schwarm/ros2_ws/build/motion_capture_tracking -- -j4 -l4
[0.397s] [  8%] Built target quat
[0.442s] [ 16%] Built target qualisys_cpp_sdk
[0.504s] [ 33%] Built target ViconDataStreamSDK_CPP
[0.509s] [ 37%] Built target librigidbodytracker
[0.543s] [ 83%] Built target vrpn
[0.634s] [ 96%] Built target libmotioncapture
[0.713s] [100%] Built target motion_capture_tracking_node
[0.857s] Invoked command in '/home/aurelio/verrueckter_schwarm/ros2_ws/build/motion_capture_tracking' returned '0': CMAKE_PREFIX_PATH=/home/aurelio/verrueckter_schwarm/ros2_ws/install/motion_capture_tracking_interfaces:/home/aurelio/verrueckter_schwarm/ros2_ws/install/motion_capture_tracking:/home/aurelio/verrueckter_schwarm/ros2_ws/install/crazyflie:/home/aurelio/verrueckter_schwarm/ros2_ws/install/crazyflie_sim:/home/aurelio/verrueckter_schwarm/ros2_ws/install/crazyflie_examples:/home/aurelio/verrueckter_schwarm/ros2_ws/install/crazyflie_interfaces:/home/aurelio/verrueckter_schwarm/ros2_ws/install/crazyflie_flight_path:/home/aurelio/verrueckter_schwarm/ros2_ws/install/crazyflie_py:/opt/ros/humble /usr/bin/cmake --build /home/aurelio/verrueckter_schwarm/ros2_ws/build/motion_capture_tracking -- -j4 -l4
[0.998s] Invoking command in '/home/aurelio/verrueckter_schwarm/ros2_ws/build/motion_capture_tracking': CMAKE_PREFIX_PATH=/home/aurelio/verrueckter_schwarm/ros2_ws/install/motion_capture_tracking_interfaces:/home/aurelio/verrueckter_schwarm/ros2_ws/install/motion_capture_tracking:/home/aurelio/verrueckter_schwarm/ros2_ws/install/crazyflie:/home/aurelio/verrueckter_schwarm/ros2_ws/install/crazyflie_sim:/home/aurelio/verrueckter_schwarm/ros2_ws/install/crazyflie_examples:/home/aurelio/verrueckter_schwarm/ros2_ws/install/crazyflie_interfaces:/home/aurelio/verrueckter_schwarm/ros2_ws/install/crazyflie_flight_path:/home/aurelio/verrueckter_schwarm/ros2_ws/install/crazyflie_py:/opt/ros/humble /usr/bin/cmake --install /home/aurelio/verrueckter_schwarm/ros2_ws/build/motion_capture_tracking
[1.018s] -- Install configuration: ""
[1.019s] -- Execute custom install script
[1.020s] -- Up-to-date symlink: /home/aurelio/verrueckter_schwarm/ros2_ws/install/motion_capture_tracking/lib/motion_capture_tracking/motion_capture_tracking_node
[1.021s] -- Up-to-date symlink: /home/aurelio/verrueckter_schwarm/ros2_ws/install/motion_capture_tracking/share/motion_capture_tracking//launch/launch.py
[1.022s] -- Up-to-date symlink: /home/aurelio/verrueckter_schwarm/ros2_ws/install/motion_capture_tracking/share/motion_capture_tracking//launch/node.launch
[1.023s] -- Up-to-date symlink: /home/aurelio/verrueckter_schwarm/ros2_ws/install/motion_capture_tracking/share/motion_capture_tracking//config/cfg.yaml
[1.023s] -- Up-to-date symlink: /home/aurelio/verrueckter_schwarm/ros2_ws/install/motion_capture_tracking/share/motion_capture_tracking//config/rviz.rviz
[1.023s] -- Up-to-date symlink: /home/aurelio/verrueckter_schwarm/ros2_ws/install/motion_capture_tracking/share/ament_index/resource_index/package_run_dependencies/motion_capture_tracking
[1.024s] -- Up-to-date symlink: /home/aurelio/verrueckter_schwarm/ros2_ws/install/motion_capture_tracking/share/ament_index/resource_index/parent_prefix_path/motion_capture_tracking
[1.025s] -- Up-to-date symlink: /home/aurelio/verrueckter_schwarm/ros2_ws/install/motion_capture_tracking/share/motion_capture_tracking/environment/ament_prefix_path.sh
[1.025s] -- Up-to-date symlink: /home/aurelio/verrueckter_schwarm/ros2_ws/install/motion_capture_tracking/share/motion_capture_tracking/environment/ament_prefix_path.dsv
[1.025s] -- Up-to-date symlink: /home/aurelio/verrueckter_schwarm/ros2_ws/install/motion_capture_tracking/share/motion_capture_tracking/environment/path.sh
[1.026s] -- Up-to-date symlink: /home/aurelio/verrueckter_schwarm/ros2_ws/install/motion_capture_tracking/share/motion_capture_tracking/environment/path.dsv
[1.026s] -- Up-to-date symlink: /home/aurelio/verrueckter_schwarm/ros2_ws/install/motion_capture_tracking/share/motion_capture_tracking/local_setup.bash
[1.027s] -- Up-to-date symlink: /home/aurelio/verrueckter_schwarm/ros2_ws/install/motion_capture_tracking/share/motion_capture_tracking/local_setup.sh
[1.027s] -- Up-to-date symlink: /home/aurelio/verrueckter_schwarm/ros2_ws/install/motion_capture_tracking/share/motion_capture_tracking/local_setup.zsh
[1.028s] -- Up-to-date symlink: /home/aurelio/verrueckter_schwarm/ros2_ws/install/motion_capture_tracking/share/motion_capture_tracking/local_setup.dsv
[1.028s] -- Symlinking: /home/aurelio/verrueckter_schwarm/ros2_ws/install/motion_capture_tracking/share/motion_capture_tracking/package.dsv
[1.050s] -- Up-to-date symlink: /home/aurelio/verrueckter_schwarm/ros2_ws/install/motion_capture_tracking/share/ament_index/resource_index/packages/motion_capture_tracking
[1.050s] -- Up-to-date symlink: /home/aurelio/verrueckter_schwarm/ros2_ws/install/motion_capture_tracking/share/motion_capture_tracking/cmake/motion_capture_trackingConfig.cmake
[1.050s] -- Up-to-date symlink: /home/aurelio/verrueckter_schwarm/ros2_ws/install/motion_capture_tracking/share/motion_capture_tracking/cmake/motion_capture_trackingConfig-version.cmake
[1.051s] -- Up-to-date symlink: /home/aurelio/verrueckter_schwarm/ros2_ws/install/motion_capture_tracking/share/motion_capture_tracking/package.xml
[1.057s] Invoked command in '/home/aurelio/verrueckter_schwarm/ros2_ws/build/motion_capture_tracking' returned '0': CMAKE_PREFIX_PATH=/home/aurelio/verrueckter_schwarm/ros2_ws/install/motion_capture_tracking_interfaces:/home/aurelio/verrueckter_schwarm/ros2_ws/install/motion_capture_tracking:/home/aurelio/verrueckter_schwarm/ros2_ws/install/crazyflie:/home/aurelio/verrueckter_schwarm/ros2_ws/install/crazyflie_sim:/home/aurelio/verrueckter_schwarm/ros2_ws/install/crazyflie_examples:/home/aurelio/verrueckter_schwarm/ros2_ws/install/crazyflie_interfaces:/home/aurelio/verrueckter_schwarm/ros2_ws/install/crazyflie_flight_path:/home/aurelio/verrueckter_schwarm/ros2_ws/install/crazyflie_py:/opt/ros/humble /usr/bin/cmake --install /home/aurelio/verrueckter_schwarm/ros2_ws/build/motion_capture_tracking
