[0.948s] Invoking command in '/home/aurelio/verrueckter_schwarm/ros2_ws/build/crazyflie': CMAKE_PREFIX_PATH=/home/aurelio/verrueckter_schwarm/ros2_ws/install/motion_capture_tracking_interfaces:/home/aurelio/verrueckter_schwarm/ros2_ws/install/crazyflie_interfaces:/home/aurelio/verrueckter_schwarm/ros2_ws/install/motion_capture_tracking:/home/aurelio/verrueckter_schwarm/ros2_ws/install/crazyflie:/home/aurelio/verrueckter_schwarm/ros2_ws/install/crazyflie_sim:/home/aurelio/verrueckter_schwarm/ros2_ws/install/crazyflie_examples:/home/aurelio/verrueckter_schwarm/ros2_ws/install/crazyflie_py:/opt/ros/humble /usr/bin/cmake --build /home/aurelio/verrueckter_schwarm/ros2_ws/build/crazyflie -- -j4 -l4
[1.141s] [ 25%] Built target crazyflieLinkCpp
[1.190s] [ 30%] Built target teleop
[1.230s] [ 38%] Built target crazyflie_cpp
[1.408s] [ 44%] Built target crazyflie_server
[1.421s] [ 50%] Built target scan
[1.480s] [ 55%] Built target listParams
[1.499s] [ 61%] Built target listLogVariables
[1.622s] [ 66%] Built target listMemories
[1.723s] [ 72%] Built target reboot
[1.747s] [ 77%] Built target battery
[1.780s] [ 83%] Built target version
[1.889s] [ 88%] Built target console
[1.971s] [ 94%] Built target setParam
[1.982s] [100%] Built target log
[2.070s] Invoked command in '/home/aurelio/verrueckter_schwarm/ros2_ws/build/crazyflie' returned '0': CMAKE_PREFIX_PATH=/home/aurelio/verrueckter_schwarm/ros2_ws/install/motion_capture_tracking_interfaces:/home/aurelio/verrueckter_schwarm/ros2_ws/install/crazyflie_interfaces:/home/aurelio/verrueckter_schwarm/ros2_ws/install/motion_capture_tracking:/home/aurelio/verrueckter_schwarm/ros2_ws/install/crazyflie:/home/aurelio/verrueckter_schwarm/ros2_ws/install/crazyflie_sim:/home/aurelio/verrueckter_schwarm/ros2_ws/install/crazyflie_examples:/home/aurelio/verrueckter_schwarm/ros2_ws/install/crazyflie_py:/opt/ros/humble /usr/bin/cmake --build /home/aurelio/verrueckter_schwarm/ros2_ws/build/crazyflie -- -j4 -l4
[2.597s] Invoking command in '/home/aurelio/verrueckter_schwarm/ros2_ws/build/crazyflie': CMAKE_PREFIX_PATH=/home/aurelio/verrueckter_schwarm/ros2_ws/install/motion_capture_tracking_interfaces:/home/aurelio/verrueckter_schwarm/ros2_ws/install/crazyflie_interfaces:/home/aurelio/verrueckter_schwarm/ros2_ws/install/motion_capture_tracking:/home/aurelio/verrueckter_schwarm/ros2_ws/install/crazyflie:/home/aurelio/verrueckter_schwarm/ros2_ws/install/crazyflie_sim:/home/aurelio/verrueckter_schwarm/ros2_ws/install/crazyflie_examples:/home/aurelio/verrueckter_schwarm/ros2_ws/install/crazyflie_py:/opt/ros/humble /usr/bin/cmake --install /home/aurelio/verrueckter_schwarm/ros2_ws/build/crazyflie
[2.631s] -- Install configuration: ""
[2.635s] -- Execute custom install script
[2.644s] -- Up-to-date symlink: /home/aurelio/verrueckter_schwarm/ros2_ws/install/crazyflie/lib/crazyflie/scan
[2.646s] -- Up-to-date symlink: /home/aurelio/verrueckter_schwarm/ros2_ws/install/crazyflie/lib/crazyflie/listParams
[2.648s] -- Up-to-date symlink: /home/aurelio/verrueckter_schwarm/ros2_ws/install/crazyflie/lib/crazyflie/listLogVariables
[2.655s] -- Up-to-date symlink: /home/aurelio/verrueckter_schwarm/ros2_ws/install/crazyflie/lib/crazyflie/listMemories
[2.660s] -- Up-to-date symlink: /home/aurelio/verrueckter_schwarm/ros2_ws/install/crazyflie/lib/crazyflie/reboot
[2.662s] -- Up-to-date symlink: /home/aurelio/verrueckter_schwarm/ros2_ws/install/crazyflie/lib/crazyflie/battery
[2.664s] -- Up-to-date symlink: /home/aurelio/verrueckter_schwarm/ros2_ws/install/crazyflie/lib/crazyflie/version
[2.666s] -- Up-to-date symlink: /home/aurelio/verrueckter_schwarm/ros2_ws/install/crazyflie/lib/crazyflie/console
[2.668s] -- Up-to-date symlink: /home/aurelio/verrueckter_schwarm/ros2_ws/install/crazyflie/lib/crazyflie/log
[2.670s] -- Up-to-date symlink: /home/aurelio/verrueckter_schwarm/ros2_ws/install/crazyflie/lib/crazyflie/setParam
[2.671s] -- Up-to-date symlink: /home/aurelio/verrueckter_schwarm/ros2_ws/install/crazyflie/lib/crazyflie/teleop
[2.674s] -- Up-to-date symlink: /home/aurelio/verrueckter_schwarm/ros2_ws/install/crazyflie/lib/crazyflie/crazyflie_server
[2.675s] -- Up-to-date symlink: /home/aurelio/verrueckter_schwarm/ros2_ws/install/crazyflie/lib/crazyflie/crazyflie_server.py
[2.676s] -- Up-to-date symlink: /home/aurelio/verrueckter_schwarm/ros2_ws/install/crazyflie/lib/crazyflie/chooser.py
[2.676s] -- Up-to-date symlink: /home/aurelio/verrueckter_schwarm/ros2_ws/install/crazyflie/lib/crazyflie/vel_mux.py
[2.681s] -- Up-to-date symlink: /home/aurelio/verrueckter_schwarm/ros2_ws/install/crazyflie/lib/crazyflie/cfmult.py
[2.682s] -- Up-to-date symlink: /home/aurelio/verrueckter_schwarm/ros2_ws/install/crazyflie/share/crazyflie//launch/launch.py
[2.683s] -- Up-to-date symlink: /home/aurelio/verrueckter_schwarm/ros2_ws/install/crazyflie/share/crazyflie//launch/launch_teleop2.py
[2.683s] -- Up-to-date symlink: /home/aurelio/verrueckter_schwarm/ros2_ws/install/crazyflie/share/crazyflie//launch/teleop_launch.py
[2.685s] -- Up-to-date symlink: /home/aurelio/verrueckter_schwarm/ros2_ws/install/crazyflie/share/crazyflie//config/config.rviz
[2.685s] -- Up-to-date symlink: /home/aurelio/verrueckter_schwarm/ros2_ws/install/crazyflie/share/crazyflie//config/crazyflies.yaml
[2.690s] -- Up-to-date symlink: /home/aurelio/verrueckter_schwarm/ros2_ws/install/crazyflie/share/crazyflie//config/motion_capture.yaml
[2.691s] -- Up-to-date symlink: /home/aurelio/verrueckter_schwarm/ros2_ws/install/crazyflie/share/crazyflie//config/server.yaml
[2.692s] -- Up-to-date symlink: /home/aurelio/verrueckter_schwarm/ros2_ws/install/crazyflie/share/crazyflie//config/teleop.yaml
[2.693s] -- Up-to-date symlink: /home/aurelio/verrueckter_schwarm/ros2_ws/install/crazyflie/share/ament_index/resource_index/package_run_dependencies/crazyflie
[2.694s] -- Up-to-date symlink: /home/aurelio/verrueckter_schwarm/ros2_ws/install/crazyflie/share/ament_index/resource_index/parent_prefix_path/crazyflie
[2.695s] -- Up-to-date symlink: /home/aurelio/verrueckter_schwarm/ros2_ws/install/crazyflie/share/crazyflie/environment/ament_prefix_path.sh
[2.696s] -- Up-to-date symlink: /home/aurelio/verrueckter_schwarm/ros2_ws/install/crazyflie/share/crazyflie/environment/ament_prefix_path.dsv
[2.697s] -- Up-to-date symlink: /home/aurelio/verrueckter_schwarm/ros2_ws/install/crazyflie/share/crazyflie/environment/path.sh
[2.708s] -- Up-to-date symlink: /home/aurelio/verrueckter_schwarm/ros2_ws/install/crazyflie/share/crazyflie/environment/path.dsv
[2.709s] -- Up-to-date symlink: /home/aurelio/verrueckter_schwarm/ros2_ws/install/crazyflie/share/crazyflie/local_setup.bash
[2.710s] -- Up-to-date symlink: /home/aurelio/verrueckter_schwarm/ros2_ws/install/crazyflie/share/crazyflie/local_setup.sh
[2.711s] -- Up-to-date symlink: /home/aurelio/verrueckter_schwarm/ros2_ws/install/crazyflie/share/crazyflie/local_setup.zsh
[2.712s] -- Up-to-date symlink: /home/aurelio/verrueckter_schwarm/ros2_ws/install/crazyflie/share/crazyflie/local_setup.dsv
[2.712s] -- Symlinking: /home/aurelio/verrueckter_schwarm/ros2_ws/install/crazyflie/share/crazyflie/package.dsv
[2.757s] -- Up-to-date symlink: /home/aurelio/verrueckter_schwarm/ros2_ws/install/crazyflie/share/ament_index/resource_index/packages/crazyflie
[2.759s] -- Up-to-date symlink: /home/aurelio/verrueckter_schwarm/ros2_ws/install/crazyflie/share/crazyflie/cmake/crazyflieConfig.cmake
[2.761s] -- Up-to-date symlink: /home/aurelio/verrueckter_schwarm/ros2_ws/install/crazyflie/share/crazyflie/cmake/crazyflieConfig-version.cmake
[2.762s] -- Up-to-date symlink: /home/aurelio/verrueckter_schwarm/ros2_ws/install/crazyflie/share/crazyflie/package.xml
[2.779s] Invoked command in '/home/aurelio/verrueckter_schwarm/ros2_ws/build/crazyflie' returned '0': CMAKE_PREFIX_PATH=/home/aurelio/verrueckter_schwarm/ros2_ws/install/motion_capture_tracking_interfaces:/home/aurelio/verrueckter_schwarm/ros2_ws/install/crazyflie_interfaces:/home/aurelio/verrueckter_schwarm/ros2_ws/install/motion_capture_tracking:/home/aurelio/verrueckter_schwarm/ros2_ws/install/crazyflie:/home/aurelio/verrueckter_schwarm/ros2_ws/install/crazyflie_sim:/home/aurelio/verrueckter_schwarm/ros2_ws/install/crazyflie_examples:/home/aurelio/verrueckter_schwarm/ros2_ws/install/crazyflie_py:/opt/ros/humble /usr/bin/cmake --install /home/aurelio/verrueckter_schwarm/ros2_ws/build/crazyflie
