[0.236s] Invoking command in '/home/aurelio/verrueckter_schwarm/ros2_ws/build/crazyflie_interfaces': CMAKE_PREFIX_PATH=${CMAKE_PREFIX_PATH}:/home/aurelio/verrueckter_schwarm/ros2_ws/install/crazyflie_py:/opt/ros/humble /usr/bin/cmake --build /home/aurelio/verrueckter_schwarm/ros2_ws/build/crazyflie_interfaces -- -j4 -l4
[0.384s] [  0%] Built target crazyflie_interfaces__cpp
[0.433s] [ 12%] Built target crazyflie_interfaces__rosidl_generator_c
[0.450s] [ 12%] Built target ament_cmake_python_symlink_crazyflie_interfaces
[0.527s] [ 24%] Built target crazyflie_interfaces__rosidl_typesupport_fastrtps_cpp
[0.566s] [ 36%] Built target crazyflie_interfaces__rosidl_typesupport_cpp
[0.597s] [ 48%] Built target crazyflie_interfaces__rosidl_typesupport_fastrtps_c
[0.634s] [ 60%] Built target crazyflie_interfaces__rosidl_typesupport_introspection_cpp
[0.676s] [ 72%] Built target crazyflie_interfaces__rosidl_typesupport_c
[0.685s] [ 84%] Built target crazyflie_interfaces__rosidl_typesupport_introspection_c
[0.739s] [ 84%] Built target crazyflie_interfaces
[0.790s] [ 85%] Built target crazyflie_interfaces__py
[0.910s] [ 96%] Built target crazyflie_interfaces__rosidl_generator_py
[1.006s] [ 98%] Built target crazyflie_interfaces__rosidl_typesupport_introspection_c__pyext
[1.011s] [ 99%] Built target crazyflie_interfaces__rosidl_typesupport_fastrtps_c__pyext
[1.021s] [100%] Built target crazyflie_interfaces__rosidl_typesupport_c__pyext
[1.239s] running egg_info
[1.241s] writing crazyflie_interfaces.egg-info/PKG-INFO
[1.242s] writing dependency_links to crazyflie_interfaces.egg-info/dependency_links.txt
[1.242s] writing top-level names to crazyflie_interfaces.egg-info/top_level.txt
[1.247s] reading manifest file 'crazyflie_interfaces.egg-info/SOURCES.txt'
[1.248s] writing manifest file 'crazyflie_interfaces.egg-info/SOURCES.txt'
[1.297s] [100%] Built target ament_cmake_python_build_crazyflie_interfaces_egg
[1.319s] Invoked command in '/home/aurelio/verrueckter_schwarm/ros2_ws/build/crazyflie_interfaces' returned '0': CMAKE_PREFIX_PATH=${CMAKE_PREFIX_PATH}:/home/aurelio/verrueckter_schwarm/ros2_ws/install/crazyflie_py:/opt/ros/humble /usr/bin/cmake --build /home/aurelio/verrueckter_schwarm/ros2_ws/build/crazyflie_interfaces -- -j4 -l4
[2.423s] Invoking command in '/home/aurelio/verrueckter_schwarm/ros2_ws/build/crazyflie_interfaces': CMAKE_PREFIX_PATH=${CMAKE_PREFIX_PATH}:/home/aurelio/verrueckter_schwarm/ros2_ws/install/crazyflie_py:/opt/ros/humble /usr/bin/cmake --install /home/aurelio/verrueckter_schwarm/ros2_ws/build/crazyflie_interfaces
[2.445s] -- Install configuration: ""
[2.448s] -- Execute custom install script
[2.450s] -- Up-to-date symlink: /home/aurelio/verrueckter_schwarm/ros2_ws/install/crazyflie_interfaces/share/ament_index/resource_index/rosidl_interfaces/crazyflie_interfaces
[2.453s] -- Up-to-date symlink: /home/aurelio/verrueckter_schwarm/ros2_ws/install/crazyflie_interfaces/include/crazyflie_interfaces/crazyflie_interfaces/msg/detail/full_state__functions.h
[2.453s] -- Up-to-date symlink: /home/aurelio/verrueckter_schwarm/ros2_ws/install/crazyflie_interfaces/include/crazyflie_interfaces/crazyflie_interfaces/msg/detail/full_state__struct.h
[2.453s] -- Up-to-date symlink: /home/aurelio/verrueckter_schwarm/ros2_ws/install/crazyflie_interfaces/include/crazyflie_interfaces/crazyflie_interfaces/msg/detail/full_state__type_support.h
[2.454s] -- Up-to-date symlink: /home/aurelio/verrueckter_schwarm/ros2_ws/install/crazyflie_interfaces/include/crazyflie_interfaces/crazyflie_interfaces/msg/detail/hover__functions.h
[2.455s] -- Up-to-date symlink: /home/aurelio/verrueckter_schwarm/ros2_ws/install/crazyflie_interfaces/include/crazyflie_interfaces/crazyflie_interfaces/msg/detail/hover__struct.h
[2.455s] -- Up-to-date symlink: /home/aurelio/verrueckter_schwarm/ros2_ws/install/crazyflie_interfaces/include/crazyflie_interfaces/crazyflie_interfaces/msg/detail/hover__type_support.h
[2.455s] -- Up-to-date symlink: /home/aurelio/verrueckter_schwarm/ros2_ws/install/crazyflie_interfaces/include/crazyflie_interfaces/crazyflie_interfaces/msg/detail/log_block__functions.h
[2.455s] -- Up-to-date symlink: /home/aurelio/verrueckter_schwarm/ros2_ws/install/crazyflie_interfaces/include/crazyflie_interfaces/crazyflie_interfaces/msg/detail/log_block__struct.h
[2.455s] -- Up-to-date symlink: /home/aurelio/verrueckter_schwarm/ros2_ws/install/crazyflie_interfaces/include/crazyflie_interfaces/crazyflie_interfaces/msg/detail/log_block__type_support.h
[2.456s] -- Up-to-date symlink: /home/aurelio/verrueckter_schwarm/ros2_ws/install/crazyflie_interfaces/include/crazyflie_interfaces/crazyflie_interfaces/msg/detail/log_data_generic__functions.h
[2.456s] -- Up-to-date symlink: /home/aurelio/verrueckter_schwarm/ros2_ws/install/crazyflie_interfaces/include/crazyflie_interfaces/crazyflie_interfaces/msg/detail/log_data_generic__struct.h
[2.458s] -- Up-to-date symlink: /home/aurelio/verrueckter_schwarm/ros2_ws/install/crazyflie_interfaces/include/crazyflie_interfaces/crazyflie_interfaces/msg/detail/log_data_generic__type_support.h
[2.458s] -- Up-to-date symlink: /home/aurelio/verrueckter_schwarm/ros2_ws/install/crazyflie_interfaces/include/crazyflie_interfaces/crazyflie_interfaces/msg/detail/position__functions.h
[2.458s] -- Up-to-date symlink: /home/aurelio/verrueckter_schwarm/ros2_ws/install/crazyflie_interfaces/include/crazyflie_interfaces/crazyflie_interfaces/msg/detail/position__struct.h
[2.459s] -- Up-to-date symlink: /home/aurelio/verrueckter_schwarm/ros2_ws/install/crazyflie_interfaces/include/crazyflie_interfaces/crazyflie_interfaces/msg/detail/position__type_support.h
[2.459s] -- Up-to-date symlink: /home/aurelio/verrueckter_schwarm/ros2_ws/install/crazyflie_interfaces/include/crazyflie_interfaces/crazyflie_interfaces/msg/detail/trajectory_polynomial_piece__functions.h
[2.459s] -- Up-to-date symlink: /home/aurelio/verrueckter_schwarm/ros2_ws/install/crazyflie_interfaces/include/crazyflie_interfaces/crazyflie_interfaces/msg/detail/trajectory_polynomial_piece__struct.h
[2.459s] -- Up-to-date symlink: /home/aurelio/verrueckter_schwarm/ros2_ws/install/crazyflie_interfaces/include/crazyflie_interfaces/crazyflie_interfaces/msg/detail/trajectory_polynomial_piece__type_support.h
[2.460s] -- Up-to-date symlink: /home/aurelio/verrueckter_schwarm/ros2_ws/install/crazyflie_interfaces/include/crazyflie_interfaces/crazyflie_interfaces/msg/detail/velocity_world__functions.h
[2.460s] -- Up-to-date symlink: /home/aurelio/verrueckter_schwarm/ros2_ws/install/crazyflie_interfaces/include/crazyflie_interfaces/crazyflie_interfaces/msg/detail/velocity_world__struct.h
[2.460s] -- Up-to-date symlink: /home/aurelio/verrueckter_schwarm/ros2_ws/install/crazyflie_interfaces/include/crazyflie_interfaces/crazyflie_interfaces/msg/detail/velocity_world__type_support.h
[2.461s] -- Up-to-date symlink: /home/aurelio/verrueckter_schwarm/ros2_ws/install/crazyflie_interfaces/include/crazyflie_interfaces/crazyflie_interfaces/msg/full_state.h
[2.461s] -- Up-to-date symlink: /home/aurelio/verrueckter_schwarm/ros2_ws/install/crazyflie_interfaces/include/crazyflie_interfaces/crazyflie_interfaces/msg/hover.h
[2.461s] -- Up-to-date symlink: /home/aurelio/verrueckter_schwarm/ros2_ws/install/crazyflie_interfaces/include/crazyflie_interfaces/crazyflie_interfaces/msg/log_block.h
[2.461s] -- Up-to-date symlink: /home/aurelio/verrueckter_schwarm/ros2_ws/install/crazyflie_interfaces/include/crazyflie_interfaces/crazyflie_interfaces/msg/log_data_generic.h
[2.462s] -- Up-to-date symlink: /home/aurelio/verrueckter_schwarm/ros2_ws/install/crazyflie_interfaces/include/crazyflie_interfaces/crazyflie_interfaces/msg/position.h
[2.462s] -- Up-to-date symlink: /home/aurelio/verrueckter_schwarm/ros2_ws/install/crazyflie_interfaces/include/crazyflie_interfaces/crazyflie_interfaces/msg/rosidl_generator_c__visibility_control.h
[2.462s] -- Up-to-date symlink: /home/aurelio/verrueckter_schwarm/ros2_ws/install/crazyflie_interfaces/include/crazyflie_interfaces/crazyflie_interfaces/msg/trajectory_polynomial_piece.h
[2.463s] -- Up-to-date symlink: /home/aurelio/verrueckter_schwarm/ros2_ws/install/crazyflie_interfaces/include/crazyflie_interfaces/crazyflie_interfaces/msg/velocity_world.h
[2.463s] -- Up-to-date symlink: /home/aurelio/verrueckter_schwarm/ros2_ws/install/crazyflie_interfaces/include/crazyflie_interfaces/crazyflie_interfaces/srv/add_logging.h
[2.463s] -- Up-to-date symlink: /home/aurelio/verrueckter_schwarm/ros2_ws/install/crazyflie_interfaces/include/crazyflie_interfaces/crazyflie_interfaces/srv/detail/add_logging__functions.h
[2.464s] -- Up-to-date symlink: /home/aurelio/verrueckter_schwarm/ros2_ws/install/crazyflie_interfaces/include/crazyflie_interfaces/crazyflie_interfaces/srv/detail/add_logging__struct.h
[2.464s] -- Up-to-date symlink: /home/aurelio/verrueckter_schwarm/ros2_ws/install/crazyflie_interfaces/include/crazyflie_interfaces/crazyflie_interfaces/srv/detail/add_logging__type_support.h
[2.464s] -- Up-to-date symlink: /home/aurelio/verrueckter_schwarm/ros2_ws/install/crazyflie_interfaces/include/crazyflie_interfaces/crazyflie_interfaces/srv/detail/go_to__functions.h
[2.465s] -- Up-to-date symlink: /home/aurelio/verrueckter_schwarm/ros2_ws/install/crazyflie_interfaces/include/crazyflie_interfaces/crazyflie_interfaces/srv/detail/go_to__struct.h
[2.465s] -- Up-to-date symlink: /home/aurelio/verrueckter_schwarm/ros2_ws/install/crazyflie_interfaces/include/crazyflie_interfaces/crazyflie_interfaces/srv/detail/go_to__type_support.h
[2.465s] -- Up-to-date symlink: /home/aurelio/verrueckter_schwarm/ros2_ws/install/crazyflie_interfaces/include/crazyflie_interfaces/crazyflie_interfaces/srv/detail/land__functions.h
[2.466s] -- Up-to-date symlink: /home/aurelio/verrueckter_schwarm/ros2_ws/install/crazyflie_interfaces/include/crazyflie_interfaces/crazyflie_interfaces/srv/detail/land__struct.h
[2.466s] -- Up-to-date symlink: /home/aurelio/verrueckter_schwarm/ros2_ws/install/crazyflie_interfaces/include/crazyflie_interfaces/crazyflie_interfaces/srv/detail/land__type_support.h
[2.467s] -- Up-to-date symlink: /home/aurelio/verrueckter_schwarm/ros2_ws/install/crazyflie_interfaces/include/crazyflie_interfaces/crazyflie_interfaces/srv/detail/notify_setpoints_stop__functions.h
[2.467s] -- Up-to-date symlink: /home/aurelio/verrueckter_schwarm/ros2_ws/install/crazyflie_interfaces/include/crazyflie_interfaces/crazyflie_interfaces/srv/detail/notify_setpoints_stop__struct.h
[2.467s] -- Up-to-date symlink: /home/aurelio/verrueckter_schwarm/ros2_ws/install/crazyflie_interfaces/include/crazyflie_interfaces/crazyflie_interfaces/srv/detail/notify_setpoints_stop__type_support.h
[2.468s] -- Up-to-date symlink: /home/aurelio/verrueckter_schwarm/ros2_ws/install/crazyflie_interfaces/include/crazyflie_interfaces/crazyflie_interfaces/srv/detail/remove_logging__functions.h
[2.468s] -- Up-to-date symlink: /home/aurelio/verrueckter_schwarm/ros2_ws/install/crazyflie_interfaces/include/crazyflie_interfaces/crazyflie_interfaces/srv/detail/remove_logging__struct.h
[2.468s] -- Up-to-date symlink: /home/aurelio/verrueckter_schwarm/ros2_ws/install/crazyflie_interfaces/include/crazyflie_interfaces/crazyflie_interfaces/srv/detail/remove_logging__type_support.h
[2.469s] -- Up-to-date symlink: /home/aurelio/verrueckter_schwarm/ros2_ws/install/crazyflie_interfaces/include/crazyflie_interfaces/crazyflie_interfaces/srv/detail/set_group_mask__functions.h
[2.469s] -- Up-to-date symlink: /home/aurelio/verrueckter_schwarm/ros2_ws/install/crazyflie_interfaces/include/crazyflie_interfaces/crazyflie_interfaces/srv/detail/set_group_mask__struct.h
[2.470s] -- Up-to-date symlink: /home/aurelio/verrueckter_schwarm/ros2_ws/install/crazyflie_interfaces/include/crazyflie_interfaces/crazyflie_interfaces/srv/detail/set_group_mask__type_support.h
[2.470s] -- Up-to-date symlink: /home/aurelio/verrueckter_schwarm/ros2_ws/install/crazyflie_interfaces/include/crazyflie_interfaces/crazyflie_interfaces/srv/detail/start_trajectory__functions.h
[2.470s] -- Up-to-date symlink: /home/aurelio/verrueckter_schwarm/ros2_ws/install/crazyflie_interfaces/include/crazyflie_interfaces/crazyflie_interfaces/srv/detail/start_trajectory__struct.h
[2.471s] -- Up-to-date symlink: /home/aurelio/verrueckter_schwarm/ros2_ws/install/crazyflie_interfaces/include/crazyflie_interfaces/crazyflie_interfaces/srv/detail/start_trajectory__type_support.h
[2.471s] -- Up-to-date symlink: /home/aurelio/verrueckter_schwarm/ros2_ws/install/crazyflie_interfaces/include/crazyflie_interfaces/crazyflie_interfaces/srv/detail/stop__functions.h
[2.471s] -- Up-to-date symlink: /home/aurelio/verrueckter_schwarm/ros2_ws/install/crazyflie_interfaces/include/crazyflie_interfaces/crazyflie_interfaces/srv/detail/stop__struct.h
[2.472s] -- Up-to-date symlink: /home/aurelio/verrueckter_schwarm/ros2_ws/install/crazyflie_interfaces/include/crazyflie_interfaces/crazyflie_interfaces/srv/detail/stop__type_support.h
[2.472s] -- Up-to-date symlink: /home/aurelio/verrueckter_schwarm/ros2_ws/install/crazyflie_interfaces/include/crazyflie_interfaces/crazyflie_interfaces/srv/detail/takeoff__functions.h
[2.472s] -- Up-to-date symlink: /home/aurelio/verrueckter_schwarm/ros2_ws/install/crazyflie_interfaces/include/crazyflie_interfaces/crazyflie_interfaces/srv/detail/takeoff__struct.h
[2.473s] -- Up-to-date symlink: /home/aurelio/verrueckter_schwarm/ros2_ws/install/crazyflie_interfaces/include/crazyflie_interfaces/crazyflie_interfaces/srv/detail/takeoff__type_support.h
[2.473s] -- Up-to-date symlink: /home/aurelio/verrueckter_schwarm/ros2_ws/install/crazyflie_interfaces/include/crazyflie_interfaces/crazyflie_interfaces/srv/detail/update_params__functions.h
[2.473s] -- Up-to-date symlink: /home/aurelio/verrueckter_schwarm/ros2_ws/install/crazyflie_interfaces/include/crazyflie_interfaces/crazyflie_interfaces/srv/detail/update_params__struct.h
[2.474s] -- Up-to-date symlink: /home/aurelio/verrueckter_schwarm/ros2_ws/install/crazyflie_interfaces/include/crazyflie_interfaces/crazyflie_interfaces/srv/detail/update_params__type_support.h
[2.474s] -- Up-to-date symlink: /home/aurelio/verrueckter_schwarm/ros2_ws/install/crazyflie_interfaces/include/crazyflie_interfaces/crazyflie_interfaces/srv/detail/upload_trajectory__functions.h
[2.474s] -- Up-to-date symlink: /home/aurelio/verrueckter_schwarm/ros2_ws/install/crazyflie_interfaces/include/crazyflie_interfaces/crazyflie_interfaces/srv/detail/upload_trajectory__struct.h
[2.475s] -- Up-to-date symlink: /home/aurelio/verrueckter_schwarm/ros2_ws/install/crazyflie_interfaces/include/crazyflie_interfaces/crazyflie_interfaces/srv/detail/upload_trajectory__type_support.h
[2.475s] -- Up-to-date symlink: /home/aurelio/verrueckter_schwarm/ros2_ws/install/crazyflie_interfaces/include/crazyflie_interfaces/crazyflie_interfaces/srv/go_to.h
[2.476s] -- Up-to-date symlink: /home/aurelio/verrueckter_schwarm/ros2_ws/install/crazyflie_interfaces/include/crazyflie_interfaces/crazyflie_interfaces/srv/land.h
[2.476s] -- Up-to-date symlink: /home/aurelio/verrueckter_schwarm/ros2_ws/install/crazyflie_interfaces/include/crazyflie_interfaces/crazyflie_interfaces/srv/notify_setpoints_stop.h
[2.476s] -- Up-to-date symlink: /home/aurelio/verrueckter_schwarm/ros2_ws/install/crazyflie_interfaces/include/crazyflie_interfaces/crazyflie_interfaces/srv/remove_logging.h
[2.477s] -- Up-to-date symlink: /home/aurelio/verrueckter_schwarm/ros2_ws/install/crazyflie_interfaces/include/crazyflie_interfaces/crazyflie_interfaces/srv/set_group_mask.h
[2.477s] -- Up-to-date symlink: /home/aurelio/verrueckter_schwarm/ros2_ws/install/crazyflie_interfaces/include/crazyflie_interfaces/crazyflie_interfaces/srv/start_trajectory.h
[2.478s] -- Up-to-date symlink: /home/aurelio/verrueckter_schwarm/ros2_ws/install/crazyflie_interfaces/include/crazyflie_interfaces/crazyflie_interfaces/srv/stop.h
[2.478s] -- Up-to-date symlink: /home/aurelio/verrueckter_schwarm/ros2_ws/install/crazyflie_interfaces/include/crazyflie_interfaces/crazyflie_interfaces/srv/takeoff.h
[2.478s] -- Up-to-date symlink: /home/aurelio/verrueckter_schwarm/ros2_ws/install/crazyflie_interfaces/include/crazyflie_interfaces/crazyflie_interfaces/srv/update_params.h
[2.479s] -- Up-to-date symlink: /home/aurelio/verrueckter_schwarm/ros2_ws/install/crazyflie_interfaces/include/crazyflie_interfaces/crazyflie_interfaces/srv/upload_trajectory.h
[2.480s] -- Up-to-date symlink: /home/aurelio/verrueckter_schwarm/ros2_ws/install/crazyflie_interfaces/share/crazyflie_interfaces/environment/library_path.sh
[2.480s] -- Up-to-date symlink: /home/aurelio/verrueckter_schwarm/ros2_ws/install/crazyflie_interfaces/share/crazyflie_interfaces/environment/library_path.dsv
[2.482s] -- Up-to-date symlink: /home/aurelio/verrueckter_schwarm/ros2_ws/install/crazyflie_interfaces/include/crazyflie_interfaces/crazyflie_interfaces/msg/detail/full_state__rosidl_typesupport_fastrtps_c.h
[2.483s] -- Up-to-date symlink: /home/aurelio/verrueckter_schwarm/ros2_ws/install/crazyflie_interfaces/include/crazyflie_interfaces/crazyflie_interfaces/msg/detail/hover__rosidl_typesupport_fastrtps_c.h
[2.483s] -- Up-to-date symlink: /home/aurelio/verrueckter_schwarm/ros2_ws/install/crazyflie_interfaces/include/crazyflie_interfaces/crazyflie_interfaces/msg/detail/log_block__rosidl_typesupport_fastrtps_c.h
[2.483s] -- Up-to-date symlink: /home/aurelio/verrueckter_schwarm/ros2_ws/install/crazyflie_interfaces/include/crazyflie_interfaces/crazyflie_interfaces/msg/detail/log_data_generic__rosidl_typesupport_fastrtps_c.h
[2.484s] -- Up-to-date symlink: /home/aurelio/verrueckter_schwarm/ros2_ws/install/crazyflie_interfaces/include/crazyflie_interfaces/crazyflie_interfaces/msg/detail/position__rosidl_typesupport_fastrtps_c.h
[2.484s] -- Up-to-date symlink: /home/aurelio/verrueckter_schwarm/ros2_ws/install/crazyflie_interfaces/include/crazyflie_interfaces/crazyflie_interfaces/msg/detail/trajectory_polynomial_piece__rosidl_typesupport_fastrtps_c.h
[2.484s] -- Up-to-date symlink: /home/aurelio/verrueckter_schwarm/ros2_ws/install/crazyflie_interfaces/include/crazyflie_interfaces/crazyflie_interfaces/msg/detail/velocity_world__rosidl_typesupport_fastrtps_c.h
[2.485s] -- Up-to-date symlink: /home/aurelio/verrueckter_schwarm/ros2_ws/install/crazyflie_interfaces/include/crazyflie_interfaces/crazyflie_interfaces/msg/rosidl_typesupport_fastrtps_c__visibility_control.h
[2.485s] -- Up-to-date symlink: /home/aurelio/verrueckter_schwarm/ros2_ws/install/crazyflie_interfaces/include/crazyflie_interfaces/crazyflie_interfaces/srv/detail/add_logging__rosidl_typesupport_fastrtps_c.h
[2.485s] -- Up-to-date symlink: /home/aurelio/verrueckter_schwarm/ros2_ws/install/crazyflie_interfaces/include/crazyflie_interfaces/crazyflie_interfaces/srv/detail/go_to__rosidl_typesupport_fastrtps_c.h
[2.486s] -- Up-to-date symlink: /home/aurelio/verrueckter_schwarm/ros2_ws/install/crazyflie_interfaces/include/crazyflie_interfaces/crazyflie_interfaces/srv/detail/land__rosidl_typesupport_fastrtps_c.h
[2.486s] -- Up-to-date symlink: /home/aurelio/verrueckter_schwarm/ros2_ws/install/crazyflie_interfaces/include/crazyflie_interfaces/crazyflie_interfaces/srv/detail/notify_setpoints_stop__rosidl_typesupport_fastrtps_c.h
[2.487s] -- Up-to-date symlink: /home/aurelio/verrueckter_schwarm/ros2_ws/install/crazyflie_interfaces/include/crazyflie_interfaces/crazyflie_interfaces/srv/detail/remove_logging__rosidl_typesupport_fastrtps_c.h
[2.487s] -- Up-to-date symlink: /home/aurelio/verrueckter_schwarm/ros2_ws/install/crazyflie_interfaces/include/crazyflie_interfaces/crazyflie_interfaces/srv/detail/set_group_mask__rosidl_typesupport_fastrtps_c.h
[2.487s] -- Up-to-date symlink: /home/aurelio/verrueckter_schwarm/ros2_ws/install/crazyflie_interfaces/include/crazyflie_interfaces/crazyflie_interfaces/srv/detail/start_trajectory__rosidl_typesupport_fastrtps_c.h
[2.488s] -- Up-to-date symlink: /home/aurelio/verrueckter_schwarm/ros2_ws/install/crazyflie_interfaces/include/crazyflie_interfaces/crazyflie_interfaces/srv/detail/stop__rosidl_typesupport_fastrtps_c.h
[2.488s] -- Up-to-date symlink: /home/aurelio/verrueckter_schwarm/ros2_ws/install/crazyflie_interfaces/include/crazyflie_interfaces/crazyflie_interfaces/srv/detail/takeoff__rosidl_typesupport_fastrtps_c.h
[2.488s] -- Up-to-date symlink: /home/aurelio/verrueckter_schwarm/ros2_ws/install/crazyflie_interfaces/include/crazyflie_interfaces/crazyflie_interfaces/srv/detail/update_params__rosidl_typesupport_fastrtps_c.h
[2.489s] -- Up-to-date symlink: /home/aurelio/verrueckter_schwarm/ros2_ws/install/crazyflie_interfaces/include/crazyflie_interfaces/crazyflie_interfaces/srv/detail/upload_trajectory__rosidl_typesupport_fastrtps_c.h
[2.492s] -- Up-to-date symlink: /home/aurelio/verrueckter_schwarm/ros2_ws/install/crazyflie_interfaces/include/crazyflie_interfaces/crazyflie_interfaces/msg/detail/full_state__builder.hpp
[2.492s] -- Up-to-date symlink: /home/aurelio/verrueckter_schwarm/ros2_ws/install/crazyflie_interfaces/include/crazyflie_interfaces/crazyflie_interfaces/msg/detail/full_state__struct.hpp
[2.493s] -- Up-to-date symlink: /home/aurelio/verrueckter_schwarm/ros2_ws/install/crazyflie_interfaces/include/crazyflie_interfaces/crazyflie_interfaces/msg/detail/full_state__traits.hpp
[2.493s] -- Up-to-date symlink: /home/aurelio/verrueckter_schwarm/ros2_ws/install/crazyflie_interfaces/include/crazyflie_interfaces/crazyflie_interfaces/msg/detail/hover__builder.hpp
[2.493s] -- Up-to-date symlink: /home/aurelio/verrueckter_schwarm/ros2_ws/install/crazyflie_interfaces/include/crazyflie_interfaces/crazyflie_interfaces/msg/detail/hover__struct.hpp
[2.494s] -- Up-to-date symlink: /home/aurelio/verrueckter_schwarm/ros2_ws/install/crazyflie_interfaces/include/crazyflie_interfaces/crazyflie_interfaces/msg/detail/hover__traits.hpp
[2.494s] -- Up-to-date symlink: /home/aurelio/verrueckter_schwarm/ros2_ws/install/crazyflie_interfaces/include/crazyflie_interfaces/crazyflie_interfaces/msg/detail/log_block__builder.hpp
[2.494s] -- Up-to-date symlink: /home/aurelio/verrueckter_schwarm/ros2_ws/install/crazyflie_interfaces/include/crazyflie_interfaces/crazyflie_interfaces/msg/detail/log_block__struct.hpp
[2.495s] -- Up-to-date symlink: /home/aurelio/verrueckter_schwarm/ros2_ws/install/crazyflie_interfaces/include/crazyflie_interfaces/crazyflie_interfaces/msg/detail/log_block__traits.hpp
[2.495s] -- Up-to-date symlink: /home/aurelio/verrueckter_schwarm/ros2_ws/install/crazyflie_interfaces/include/crazyflie_interfaces/crazyflie_interfaces/msg/detail/log_data_generic__builder.hpp
[2.496s] -- Up-to-date symlink: /home/aurelio/verrueckter_schwarm/ros2_ws/install/crazyflie_interfaces/include/crazyflie_interfaces/crazyflie_interfaces/msg/detail/log_data_generic__struct.hpp
[2.496s] -- Up-to-date symlink: /home/aurelio/verrueckter_schwarm/ros2_ws/install/crazyflie_interfaces/include/crazyflie_interfaces/crazyflie_interfaces/msg/detail/log_data_generic__traits.hpp
[2.496s] -- Up-to-date symlink: /home/aurelio/verrueckter_schwarm/ros2_ws/install/crazyflie_interfaces/include/crazyflie_interfaces/crazyflie_interfaces/msg/detail/position__builder.hpp
[2.497s] -- Up-to-date symlink: /home/aurelio/verrueckter_schwarm/ros2_ws/install/crazyflie_interfaces/include/crazyflie_interfaces/crazyflie_interfaces/msg/detail/position__struct.hpp
[2.497s] -- Up-to-date symlink: /home/aurelio/verrueckter_schwarm/ros2_ws/install/crazyflie_interfaces/include/crazyflie_interfaces/crazyflie_interfaces/msg/detail/position__traits.hpp
[2.497s] -- Up-to-date symlink: /home/aurelio/verrueckter_schwarm/ros2_ws/install/crazyflie_interfaces/include/crazyflie_interfaces/crazyflie_interfaces/msg/detail/trajectory_polynomial_piece__builder.hpp
[2.498s] -- Up-to-date symlink: /home/aurelio/verrueckter_schwarm/ros2_ws/install/crazyflie_interfaces/include/crazyflie_interfaces/crazyflie_interfaces/msg/detail/trajectory_polynomial_piece__struct.hpp
[2.498s] -- Up-to-date symlink: /home/aurelio/verrueckter_schwarm/ros2_ws/install/crazyflie_interfaces/include/crazyflie_interfaces/crazyflie_interfaces/msg/detail/trajectory_polynomial_piece__traits.hpp
[2.498s] -- Up-to-date symlink: /home/aurelio/verrueckter_schwarm/ros2_ws/install/crazyflie_interfaces/include/crazyflie_interfaces/crazyflie_interfaces/msg/detail/velocity_world__builder.hpp
[2.499s] -- Up-to-date symlink: /home/aurelio/verrueckter_schwarm/ros2_ws/install/crazyflie_interfaces/include/crazyflie_interfaces/crazyflie_interfaces/msg/detail/velocity_world__struct.hpp
[2.499s] -- Up-to-date symlink: /home/aurelio/verrueckter_schwarm/ros2_ws/install/crazyflie_interfaces/include/crazyflie_interfaces/crazyflie_interfaces/msg/detail/velocity_world__traits.hpp
[2.500s] -- Up-to-date symlink: /home/aurelio/verrueckter_schwarm/ros2_ws/install/crazyflie_interfaces/include/crazyflie_interfaces/crazyflie_interfaces/msg/full_state.hpp
[2.500s] -- Up-to-date symlink: /home/aurelio/verrueckter_schwarm/ros2_ws/install/crazyflie_interfaces/include/crazyflie_interfaces/crazyflie_interfaces/msg/hover.hpp
[2.500s] -- Up-to-date symlink: /home/aurelio/verrueckter_schwarm/ros2_ws/install/crazyflie_interfaces/include/crazyflie_interfaces/crazyflie_interfaces/msg/log_block.hpp
[2.501s] -- Up-to-date symlink: /home/aurelio/verrueckter_schwarm/ros2_ws/install/crazyflie_interfaces/include/crazyflie_interfaces/crazyflie_interfaces/msg/log_data_generic.hpp
[2.501s] -- Up-to-date symlink: /home/aurelio/verrueckter_schwarm/ros2_ws/install/crazyflie_interfaces/include/crazyflie_interfaces/crazyflie_interfaces/msg/position.hpp
[2.501s] -- Up-to-date symlink: /home/aurelio/verrueckter_schwarm/ros2_ws/install/crazyflie_interfaces/include/crazyflie_interfaces/crazyflie_interfaces/msg/trajectory_polynomial_piece.hpp
[2.502s] -- Up-to-date symlink: /home/aurelio/verrueckter_schwarm/ros2_ws/install/crazyflie_interfaces/include/crazyflie_interfaces/crazyflie_interfaces/msg/velocity_world.hpp
[2.502s] -- Up-to-date symlink: /home/aurelio/verrueckter_schwarm/ros2_ws/install/crazyflie_interfaces/include/crazyflie_interfaces/crazyflie_interfaces/srv/add_logging.hpp
[2.503s] -- Up-to-date symlink: /home/aurelio/verrueckter_schwarm/ros2_ws/install/crazyflie_interfaces/include/crazyflie_interfaces/crazyflie_interfaces/srv/detail/add_logging__builder.hpp
[2.503s] -- Up-to-date symlink: /home/aurelio/verrueckter_schwarm/ros2_ws/install/crazyflie_interfaces/include/crazyflie_interfaces/crazyflie_interfaces/srv/detail/add_logging__struct.hpp
[2.503s] -- Up-to-date symlink: /home/aurelio/verrueckter_schwarm/ros2_ws/install/crazyflie_interfaces/include/crazyflie_interfaces/crazyflie_interfaces/srv/detail/add_logging__traits.hpp
[2.504s] -- Up-to-date symlink: /home/aurelio/verrueckter_schwarm/ros2_ws/install/crazyflie_interfaces/include/crazyflie_interfaces/crazyflie_interfaces/srv/detail/go_to__builder.hpp
[2.504s] -- Up-to-date symlink: /home/aurelio/verrueckter_schwarm/ros2_ws/install/crazyflie_interfaces/include/crazyflie_interfaces/crazyflie_interfaces/srv/detail/go_to__struct.hpp
[2.504s] -- Up-to-date symlink: /home/aurelio/verrueckter_schwarm/ros2_ws/install/crazyflie_interfaces/include/crazyflie_interfaces/crazyflie_interfaces/srv/detail/go_to__traits.hpp
[2.505s] -- Up-to-date symlink: /home/aurelio/verrueckter_schwarm/ros2_ws/install/crazyflie_interfaces/include/crazyflie_interfaces/crazyflie_interfaces/srv/detail/land__builder.hpp
[2.506s] -- Up-to-date symlink: /home/aurelio/verrueckter_schwarm/ros2_ws/install/crazyflie_interfaces/include/crazyflie_interfaces/crazyflie_interfaces/srv/detail/land__struct.hpp
[2.507s] -- Up-to-date symlink: /home/aurelio/verrueckter_schwarm/ros2_ws/install/crazyflie_interfaces/include/crazyflie_interfaces/crazyflie_interfaces/srv/detail/land__traits.hpp
[2.508s] -- Up-to-date symlink: /home/aurelio/verrueckter_schwarm/ros2_ws/install/crazyflie_interfaces/include/crazyflie_interfaces/crazyflie_interfaces/srv/detail/notify_setpoints_stop__builder.hpp
[2.508s] -- Up-to-date symlink: /home/aurelio/verrueckter_schwarm/ros2_ws/install/crazyflie_interfaces/include/crazyflie_interfaces/crazyflie_interfaces/srv/detail/notify_setpoints_stop__struct.hpp
[2.509s] -- Up-to-date symlink: /home/aurelio/verrueckter_schwarm/ros2_ws/install/crazyflie_interfaces/include/crazyflie_interfaces/crazyflie_interfaces/srv/detail/notify_setpoints_stop__traits.hpp
[2.510s] -- Up-to-date symlink: /home/aurelio/verrueckter_schwarm/ros2_ws/install/crazyflie_interfaces/include/crazyflie_interfaces/crazyflie_interfaces/srv/detail/remove_logging__builder.hpp
[2.510s] -- Up-to-date symlink: /home/aurelio/verrueckter_schwarm/ros2_ws/install/crazyflie_interfaces/include/crazyflie_interfaces/crazyflie_interfaces/srv/detail/remove_logging__struct.hpp
[2.511s] -- Up-to-date symlink: /home/aurelio/verrueckter_schwarm/ros2_ws/install/crazyflie_interfaces/include/crazyflie_interfaces/crazyflie_interfaces/srv/detail/remove_logging__traits.hpp
[2.512s] -- Up-to-date symlink: /home/aurelio/verrueckter_schwarm/ros2_ws/install/crazyflie_interfaces/include/crazyflie_interfaces/crazyflie_interfaces/srv/detail/set_group_mask__builder.hpp
[2.512s] -- Up-to-date symlink: /home/aurelio/verrueckter_schwarm/ros2_ws/install/crazyflie_interfaces/include/crazyflie_interfaces/crazyflie_interfaces/srv/detail/set_group_mask__struct.hpp
[2.513s] -- Up-to-date symlink: /home/aurelio/verrueckter_schwarm/ros2_ws/install/crazyflie_interfaces/include/crazyflie_interfaces/crazyflie_interfaces/srv/detail/set_group_mask__traits.hpp
[2.514s] -- Up-to-date symlink: /home/aurelio/verrueckter_schwarm/ros2_ws/install/crazyflie_interfaces/include/crazyflie_interfaces/crazyflie_interfaces/srv/detail/start_trajectory__builder.hpp
[2.514s] -- Up-to-date symlink: /home/aurelio/verrueckter_schwarm/ros2_ws/install/crazyflie_interfaces/include/crazyflie_interfaces/crazyflie_interfaces/srv/detail/start_trajectory__struct.hpp
[2.515s] -- Up-to-date symlink: /home/aurelio/verrueckter_schwarm/ros2_ws/install/crazyflie_interfaces/include/crazyflie_interfaces/crazyflie_interfaces/srv/detail/start_trajectory__traits.hpp
[2.515s] -- Up-to-date symlink: /home/aurelio/verrueckter_schwarm/ros2_ws/install/crazyflie_interfaces/include/crazyflie_interfaces/crazyflie_interfaces/srv/detail/stop__builder.hpp
[2.516s] -- Up-to-date symlink: /home/aurelio/verrueckter_schwarm/ros2_ws/install/crazyflie_interfaces/include/crazyflie_interfaces/crazyflie_interfaces/srv/detail/stop__struct.hpp
[2.517s] -- Up-to-date symlink: /home/aurelio/verrueckter_schwarm/ros2_ws/install/crazyflie_interfaces/include/crazyflie_interfaces/crazyflie_interfaces/srv/detail/stop__traits.hpp
[2.517s] -- Up-to-date symlink: /home/aurelio/verrueckter_schwarm/ros2_ws/install/crazyflie_interfaces/include/crazyflie_interfaces/crazyflie_interfaces/srv/detail/takeoff__builder.hpp
[2.518s] -- Up-to-date symlink: /home/aurelio/verrueckter_schwarm/ros2_ws/install/crazyflie_interfaces/include/crazyflie_interfaces/crazyflie_interfaces/srv/detail/takeoff__struct.hpp
[2.518s] -- Up-to-date symlink: /home/aurelio/verrueckter_schwarm/ros2_ws/install/crazyflie_interfaces/include/crazyflie_interfaces/crazyflie_interfaces/srv/detail/takeoff__traits.hpp
[2.518s] -- Up-to-date symlink: /home/aurelio/verrueckter_schwarm/ros2_ws/install/crazyflie_interfaces/include/crazyflie_interfaces/crazyflie_interfaces/srv/detail/update_params__builder.hpp
[2.518s] -- Up-to-date symlink: /home/aurelio/verrueckter_schwarm/ros2_ws/install/crazyflie_interfaces/include/crazyflie_interfaces/crazyflie_interfaces/srv/detail/update_params__struct.hpp
[2.523s] -- Up-to-date symlink: /home/aurelio/verrueckter_schwarm/ros2_ws/install/crazyflie_interfaces/include/crazyflie_interfaces/crazyflie_interfaces/srv/detail/update_params__traits.hpp
[2.523s] -- Up-to-date symlink: /home/aurelio/verrueckter_schwarm/ros2_ws/install/crazyflie_interfaces/include/crazyflie_interfaces/crazyflie_interfaces/srv/detail/upload_trajectory__builder.hpp
[2.524s] -- Up-to-date symlink: /home/aurelio/verrueckter_schwarm/ros2_ws/install/crazyflie_interfaces/include/crazyflie_interfaces/crazyflie_interfaces/srv/detail/upload_trajectory__struct.hpp
[2.525s] -- Up-to-date symlink: /home/aurelio/verrueckter_schwarm/ros2_ws/install/crazyflie_interfaces/include/crazyflie_interfaces/crazyflie_interfaces/srv/detail/upload_trajectory__traits.hpp
[2.525s] -- Up-to-date symlink: /home/aurelio/verrueckter_schwarm/ros2_ws/install/crazyflie_interfaces/include/crazyflie_interfaces/crazyflie_interfaces/srv/go_to.hpp
[2.526s] -- Up-to-date symlink: /home/aurelio/verrueckter_schwarm/ros2_ws/install/crazyflie_interfaces/include/crazyflie_interfaces/crazyflie_interfaces/srv/land.hpp
[2.528s] -- Up-to-date symlink: /home/aurelio/verrueckter_schwarm/ros2_ws/install/crazyflie_interfaces/include/crazyflie_interfaces/crazyflie_interfaces/srv/notify_setpoints_stop.hpp
[2.529s] -- Up-to-date symlink: /home/aurelio/verrueckter_schwarm/ros2_ws/install/crazyflie_interfaces/include/crazyflie_interfaces/crazyflie_interfaces/srv/remove_logging.hpp
[2.529s] -- Up-to-date symlink: /home/aurelio/verrueckter_schwarm/ros2_ws/install/crazyflie_interfaces/include/crazyflie_interfaces/crazyflie_interfaces/srv/set_group_mask.hpp
[2.529s] -- Up-to-date symlink: /home/aurelio/verrueckter_schwarm/ros2_ws/install/crazyflie_interfaces/include/crazyflie_interfaces/crazyflie_interfaces/srv/start_trajectory.hpp
[2.530s] -- Up-to-date symlink: /home/aurelio/verrueckter_schwarm/ros2_ws/install/crazyflie_interfaces/include/crazyflie_interfaces/crazyflie_interfaces/srv/stop.hpp
[2.530s] -- Up-to-date symlink: /home/aurelio/verrueckter_schwarm/ros2_ws/install/crazyflie_interfaces/include/crazyflie_interfaces/crazyflie_interfaces/srv/takeoff.hpp
[2.531s] -- Up-to-date symlink: /home/aurelio/verrueckter_schwarm/ros2_ws/install/crazyflie_interfaces/include/crazyflie_interfaces/crazyflie_interfaces/srv/update_params.hpp
[2.532s] -- Up-to-date symlink: /home/aurelio/verrueckter_schwarm/ros2_ws/install/crazyflie_interfaces/include/crazyflie_interfaces/crazyflie_interfaces/srv/upload_trajectory.hpp
[2.532s] -- Up-to-date symlink: /home/aurelio/verrueckter_schwarm/ros2_ws/install/crazyflie_interfaces/include/crazyflie_interfaces/crazyflie_interfaces/msg/detail/full_state__rosidl_typesupport_fastrtps_cpp.hpp
[2.533s] -- Up-to-date symlink: /home/aurelio/verrueckter_schwarm/ros2_ws/install/crazyflie_interfaces/include/crazyflie_interfaces/crazyflie_interfaces/msg/detail/hover__rosidl_typesupport_fastrtps_cpp.hpp
[2.534s] -- Up-to-date symlink: /home/aurelio/verrueckter_schwarm/ros2_ws/install/crazyflie_interfaces/include/crazyflie_interfaces/crazyflie_interfaces/msg/detail/log_block__rosidl_typesupport_fastrtps_cpp.hpp
[2.537s] -- Up-to-date symlink: /home/aurelio/verrueckter_schwarm/ros2_ws/install/crazyflie_interfaces/include/crazyflie_interfaces/crazyflie_interfaces/msg/detail/log_data_generic__rosidl_typesupport_fastrtps_cpp.hpp
[2.537s] -- Up-to-date symlink: /home/aurelio/verrueckter_schwarm/ros2_ws/install/crazyflie_interfaces/include/crazyflie_interfaces/crazyflie_interfaces/msg/detail/position__rosidl_typesupport_fastrtps_cpp.hpp
[2.538s] -- Up-to-date symlink: /home/aurelio/verrueckter_schwarm/ros2_ws/install/crazyflie_interfaces/include/crazyflie_interfaces/crazyflie_interfaces/msg/detail/trajectory_polynomial_piece__rosidl_typesupport_fastrtps_cpp.hpp
[2.539s] -- Up-to-date symlink: /home/aurelio/verrueckter_schwarm/ros2_ws/install/crazyflie_interfaces/include/crazyflie_interfaces/crazyflie_interfaces/msg/detail/velocity_world__rosidl_typesupport_fastrtps_cpp.hpp
[2.539s] -- Up-to-date symlink: /home/aurelio/verrueckter_schwarm/ros2_ws/install/crazyflie_interfaces/include/crazyflie_interfaces/crazyflie_interfaces/msg/rosidl_typesupport_fastrtps_cpp__visibility_control.h
[2.540s] -- Up-to-date symlink: /home/aurelio/verrueckter_schwarm/ros2_ws/install/crazyflie_interfaces/include/crazyflie_interfaces/crazyflie_interfaces/srv/detail/add_logging__rosidl_typesupport_fastrtps_cpp.hpp
[2.541s] -- Up-to-date symlink: /home/aurelio/verrueckter_schwarm/ros2_ws/install/crazyflie_interfaces/include/crazyflie_interfaces/crazyflie_interfaces/srv/detail/go_to__rosidl_typesupport_fastrtps_cpp.hpp
[2.541s] -- Up-to-date symlink: /home/aurelio/verrueckter_schwarm/ros2_ws/install/crazyflie_interfaces/include/crazyflie_interfaces/crazyflie_interfaces/srv/detail/land__rosidl_typesupport_fastrtps_cpp.hpp
[2.542s] -- Up-to-date symlink: /home/aurelio/verrueckter_schwarm/ros2_ws/install/crazyflie_interfaces/include/crazyflie_interfaces/crazyflie_interfaces/srv/detail/notify_setpoints_stop__rosidl_typesupport_fastrtps_cpp.hpp
[2.543s] -- Up-to-date symlink: /home/aurelio/verrueckter_schwarm/ros2_ws/install/crazyflie_interfaces/include/crazyflie_interfaces/crazyflie_interfaces/srv/detail/remove_logging__rosidl_typesupport_fastrtps_cpp.hpp
[2.543s] -- Up-to-date symlink: /home/aurelio/verrueckter_schwarm/ros2_ws/install/crazyflie_interfaces/include/crazyflie_interfaces/crazyflie_interfaces/srv/detail/set_group_mask__rosidl_typesupport_fastrtps_cpp.hpp
[2.543s] -- Up-to-date symlink: /home/aurelio/verrueckter_schwarm/ros2_ws/install/crazyflie_interfaces/include/crazyflie_interfaces/crazyflie_interfaces/srv/detail/start_trajectory__rosidl_typesupport_fastrtps_cpp.hpp
[2.544s] -- Up-to-date symlink: /home/aurelio/verrueckter_schwarm/ros2_ws/install/crazyflie_interfaces/include/crazyflie_interfaces/crazyflie_interfaces/srv/detail/stop__rosidl_typesupport_fastrtps_cpp.hpp
[2.545s] -- Up-to-date symlink: /home/aurelio/verrueckter_schwarm/ros2_ws/install/crazyflie_interfaces/include/crazyflie_interfaces/crazyflie_interfaces/srv/detail/takeoff__rosidl_typesupport_fastrtps_cpp.hpp
[2.545s] -- Up-to-date symlink: /home/aurelio/verrueckter_schwarm/ros2_ws/install/crazyflie_interfaces/include/crazyflie_interfaces/crazyflie_interfaces/srv/detail/update_params__rosidl_typesupport_fastrtps_cpp.hpp
[2.545s] -- Up-to-date symlink: /home/aurelio/verrueckter_schwarm/ros2_ws/install/crazyflie_interfaces/include/crazyflie_interfaces/crazyflie_interfaces/srv/detail/upload_trajectory__rosidl_typesupport_fastrtps_cpp.hpp
[2.545s] -- Up-to-date symlink: /home/aurelio/verrueckter_schwarm/ros2_ws/install/crazyflie_interfaces/include/crazyflie_interfaces/crazyflie_interfaces/msg/detail/full_state__rosidl_typesupport_introspection_c.h
[2.546s] -- Up-to-date symlink: /home/aurelio/verrueckter_schwarm/ros2_ws/install/crazyflie_interfaces/include/crazyflie_interfaces/crazyflie_interfaces/msg/detail/hover__rosidl_typesupport_introspection_c.h
[2.546s] -- Up-to-date symlink: /home/aurelio/verrueckter_schwarm/ros2_ws/install/crazyflie_interfaces/include/crazyflie_interfaces/crazyflie_interfaces/msg/detail/log_block__rosidl_typesupport_introspection_c.h
[2.546s] -- Up-to-date symlink: /home/aurelio/verrueckter_schwarm/ros2_ws/install/crazyflie_interfaces/include/crazyflie_interfaces/crazyflie_interfaces/msg/detail/log_data_generic__rosidl_typesupport_introspection_c.h
[2.546s] -- Up-to-date symlink: /home/aurelio/verrueckter_schwarm/ros2_ws/install/crazyflie_interfaces/include/crazyflie_interfaces/crazyflie_interfaces/msg/detail/position__rosidl_typesupport_introspection_c.h
[2.546s] -- Up-to-date symlink: /home/aurelio/verrueckter_schwarm/ros2_ws/install/crazyflie_interfaces/include/crazyflie_interfaces/crazyflie_interfaces/msg/detail/trajectory_polynomial_piece__rosidl_typesupport_introspection_c.h
[2.547s] -- Up-to-date symlink: /home/aurelio/verrueckter_schwarm/ros2_ws/install/crazyflie_interfaces/include/crazyflie_interfaces/crazyflie_interfaces/msg/detail/velocity_world__rosidl_typesupport_introspection_c.h
[2.547s] -- Up-to-date symlink: /home/aurelio/verrueckter_schwarm/ros2_ws/install/crazyflie_interfaces/include/crazyflie_interfaces/crazyflie_interfaces/msg/rosidl_typesupport_introspection_c__visibility_control.h
[2.547s] -- Up-to-date symlink: /home/aurelio/verrueckter_schwarm/ros2_ws/install/crazyflie_interfaces/include/crazyflie_interfaces/crazyflie_interfaces/srv/detail/add_logging__rosidl_typesupport_introspection_c.h
[2.547s] -- Up-to-date symlink: /home/aurelio/verrueckter_schwarm/ros2_ws/install/crazyflie_interfaces/include/crazyflie_interfaces/crazyflie_interfaces/srv/detail/go_to__rosidl_typesupport_introspection_c.h
[2.548s] -- Up-to-date symlink: /home/aurelio/verrueckter_schwarm/ros2_ws/install/crazyflie_interfaces/include/crazyflie_interfaces/crazyflie_interfaces/srv/detail/land__rosidl_typesupport_introspection_c.h
[2.548s] -- Up-to-date symlink: /home/aurelio/verrueckter_schwarm/ros2_ws/install/crazyflie_interfaces/include/crazyflie_interfaces/crazyflie_interfaces/srv/detail/notify_setpoints_stop__rosidl_typesupport_introspection_c.h
[2.552s] -- Up-to-date symlink: /home/aurelio/verrueckter_schwarm/ros2_ws/install/crazyflie_interfaces/include/crazyflie_interfaces/crazyflie_interfaces/srv/detail/remove_logging__rosidl_typesupport_introspection_c.h
[2.552s] -- Up-to-date symlink: /home/aurelio/verrueckter_schwarm/ros2_ws/install/crazyflie_interfaces/include/crazyflie_interfaces/crazyflie_interfaces/srv/detail/set_group_mask__rosidl_typesupport_introspection_c.h
[2.553s] -- Up-to-date symlink: /home/aurelio/verrueckter_schwarm/ros2_ws/install/crazyflie_interfaces/include/crazyflie_interfaces/crazyflie_interfaces/srv/detail/start_trajectory__rosidl_typesupport_introspection_c.h
[2.554s] -- Up-to-date symlink: /home/aurelio/verrueckter_schwarm/ros2_ws/install/crazyflie_interfaces/include/crazyflie_interfaces/crazyflie_interfaces/srv/detail/stop__rosidl_typesupport_introspection_c.h
[2.555s] -- Up-to-date symlink: /home/aurelio/verrueckter_schwarm/ros2_ws/install/crazyflie_interfaces/include/crazyflie_interfaces/crazyflie_interfaces/srv/detail/takeoff__rosidl_typesupport_introspection_c.h
[2.555s] -- Up-to-date symlink: /home/aurelio/verrueckter_schwarm/ros2_ws/install/crazyflie_interfaces/include/crazyflie_interfaces/crazyflie_interfaces/srv/detail/update_params__rosidl_typesupport_introspection_c.h
[2.556s] -- Up-to-date symlink: /home/aurelio/verrueckter_schwarm/ros2_ws/install/crazyflie_interfaces/include/crazyflie_interfaces/crazyflie_interfaces/srv/detail/upload_trajectory__rosidl_typesupport_introspection_c.h
[2.556s] -- Up-to-date symlink: /home/aurelio/verrueckter_schwarm/ros2_ws/install/crazyflie_interfaces/include/crazyflie_interfaces/crazyflie_interfaces/msg/detail/full_state__rosidl_typesupport_introspection_cpp.hpp
[2.557s] -- Up-to-date symlink: /home/aurelio/verrueckter_schwarm/ros2_ws/install/crazyflie_interfaces/include/crazyflie_interfaces/crazyflie_interfaces/msg/detail/hover__rosidl_typesupport_introspection_cpp.hpp
[2.557s] -- Up-to-date symlink: /home/aurelio/verrueckter_schwarm/ros2_ws/install/crazyflie_interfaces/include/crazyflie_interfaces/crazyflie_interfaces/msg/detail/log_block__rosidl_typesupport_introspection_cpp.hpp
[2.558s] -- Up-to-date symlink: /home/aurelio/verrueckter_schwarm/ros2_ws/install/crazyflie_interfaces/include/crazyflie_interfaces/crazyflie_interfaces/msg/detail/log_data_generic__rosidl_typesupport_introspection_cpp.hpp
[2.559s] -- Up-to-date symlink: /home/aurelio/verrueckter_schwarm/ros2_ws/install/crazyflie_interfaces/include/crazyflie_interfaces/crazyflie_interfaces/msg/detail/position__rosidl_typesupport_introspection_cpp.hpp
[2.559s] -- Up-to-date symlink: /home/aurelio/verrueckter_schwarm/ros2_ws/install/crazyflie_interfaces/include/crazyflie_interfaces/crazyflie_interfaces/msg/detail/trajectory_polynomial_piece__rosidl_typesupport_introspection_cpp.hpp
[2.560s] -- Up-to-date symlink: /home/aurelio/verrueckter_schwarm/ros2_ws/install/crazyflie_interfaces/include/crazyflie_interfaces/crazyflie_interfaces/msg/detail/velocity_world__rosidl_typesupport_introspection_cpp.hpp
[2.561s] -- Up-to-date symlink: /home/aurelio/verrueckter_schwarm/ros2_ws/install/crazyflie_interfaces/include/crazyflie_interfaces/crazyflie_interfaces/srv/detail/add_logging__rosidl_typesupport_introspection_cpp.hpp
[2.561s] -- Up-to-date symlink: /home/aurelio/verrueckter_schwarm/ros2_ws/install/crazyflie_interfaces/include/crazyflie_interfaces/crazyflie_interfaces/srv/detail/go_to__rosidl_typesupport_introspection_cpp.hpp
[2.562s] -- Up-to-date symlink: /home/aurelio/verrueckter_schwarm/ros2_ws/install/crazyflie_interfaces/include/crazyflie_interfaces/crazyflie_interfaces/srv/detail/land__rosidl_typesupport_introspection_cpp.hpp
[2.563s] -- Up-to-date symlink: /home/aurelio/verrueckter_schwarm/ros2_ws/install/crazyflie_interfaces/include/crazyflie_interfaces/crazyflie_interfaces/srv/detail/notify_setpoints_stop__rosidl_typesupport_introspection_cpp.hpp
[2.563s] -- Up-to-date symlink: /home/aurelio/verrueckter_schwarm/ros2_ws/install/crazyflie_interfaces/include/crazyflie_interfaces/crazyflie_interfaces/srv/detail/remove_logging__rosidl_typesupport_introspection_cpp.hpp
[2.563s] -- Up-to-date symlink: /home/aurelio/verrueckter_schwarm/ros2_ws/install/crazyflie_interfaces/include/crazyflie_interfaces/crazyflie_interfaces/srv/detail/set_group_mask__rosidl_typesupport_introspection_cpp.hpp
[2.564s] -- Up-to-date symlink: /home/aurelio/verrueckter_schwarm/ros2_ws/install/crazyflie_interfaces/include/crazyflie_interfaces/crazyflie_interfaces/srv/detail/start_trajectory__rosidl_typesupport_introspection_cpp.hpp
[2.564s] -- Up-to-date symlink: /home/aurelio/verrueckter_schwarm/ros2_ws/install/crazyflie_interfaces/include/crazyflie_interfaces/crazyflie_interfaces/srv/detail/stop__rosidl_typesupport_introspection_cpp.hpp
[2.565s] -- Up-to-date symlink: /home/aurelio/verrueckter_schwarm/ros2_ws/install/crazyflie_interfaces/include/crazyflie_interfaces/crazyflie_interfaces/srv/detail/takeoff__rosidl_typesupport_introspection_cpp.hpp
[2.565s] -- Up-to-date symlink: /home/aurelio/verrueckter_schwarm/ros2_ws/install/crazyflie_interfaces/include/crazyflie_interfaces/crazyflie_interfaces/srv/detail/update_params__rosidl_typesupport_introspection_cpp.hpp
[2.566s] -- Up-to-date symlink: /home/aurelio/verrueckter_schwarm/ros2_ws/install/crazyflie_interfaces/include/crazyflie_interfaces/crazyflie_interfaces/srv/detail/upload_trajectory__rosidl_typesupport_introspection_cpp.hpp
[2.567s] -- Up-to-date symlink: /home/aurelio/verrueckter_schwarm/ros2_ws/install/crazyflie_interfaces/share/crazyflie_interfaces/environment/pythonpath.sh
[2.567s] -- Up-to-date symlink: /home/aurelio/verrueckter_schwarm/ros2_ws/install/crazyflie_interfaces/share/crazyflie_interfaces/environment/pythonpath.dsv
[2.568s] -- Up-to-date symlink: /home/aurelio/verrueckter_schwarm/ros2_ws/install/crazyflie_interfaces/local/lib/python3.10/dist-packages/crazyflie_interfaces-2.0.0-py3.10.egg-info/PKG-INFO
[2.568s] -- Up-to-date symlink: /home/aurelio/verrueckter_schwarm/ros2_ws/install/crazyflie_interfaces/local/lib/python3.10/dist-packages/crazyflie_interfaces-2.0.0-py3.10.egg-info/SOURCES.txt
[2.569s] -- Up-to-date symlink: /home/aurelio/verrueckter_schwarm/ros2_ws/install/crazyflie_interfaces/local/lib/python3.10/dist-packages/crazyflie_interfaces-2.0.0-py3.10.egg-info/dependency_links.txt
[2.570s] -- Up-to-date symlink: /home/aurelio/verrueckter_schwarm/ros2_ws/install/crazyflie_interfaces/local/lib/python3.10/dist-packages/crazyflie_interfaces-2.0.0-py3.10.egg-info/top_level.txt
[2.570s] -- Up-to-date symlink: /home/aurelio/verrueckter_schwarm/ros2_ws/install/crazyflie_interfaces/local/lib/python3.10/dist-packages/crazyflie_interfaces/__init__.py
[2.570s] -- Up-to-date symlink: /home/aurelio/verrueckter_schwarm/ros2_ws/install/crazyflie_interfaces/local/lib/python3.10/dist-packages/crazyflie_interfaces/_crazyflie_interfaces_s.ep.rosidl_typesupport_c.c
[2.570s] -- Up-to-date symlink: /home/aurelio/verrueckter_schwarm/ros2_ws/install/crazyflie_interfaces/local/lib/python3.10/dist-packages/crazyflie_interfaces/_crazyflie_interfaces_s.ep.rosidl_typesupport_fastrtps_c.c
[2.571s] -- Up-to-date symlink: /home/aurelio/verrueckter_schwarm/ros2_ws/install/crazyflie_interfaces/local/lib/python3.10/dist-packages/crazyflie_interfaces/_crazyflie_interfaces_s.ep.rosidl_typesupport_introspection_c.c
[2.572s] -- Up-to-date symlink: /home/aurelio/verrueckter_schwarm/ros2_ws/install/crazyflie_interfaces/local/lib/python3.10/dist-packages/crazyflie_interfaces/crazyflie_interfaces_s__rosidl_typesupport_c.cpython-310-x86_64-linux-gnu.so
[2.572s] -- Up-to-date symlink: /home/aurelio/verrueckter_schwarm/ros2_ws/install/crazyflie_interfaces/local/lib/python3.10/dist-packages/crazyflie_interfaces/crazyflie_interfaces_s__rosidl_typesupport_fastrtps_c.cpython-310-x86_64-linux-gnu.so
[2.573s] -- Up-to-date symlink: /home/aurelio/verrueckter_schwarm/ros2_ws/install/crazyflie_interfaces/local/lib/python3.10/dist-packages/crazyflie_interfaces/crazyflie_interfaces_s__rosidl_typesupport_introspection_c.cpython-310-x86_64-linux-gnu.so
[2.574s] -- Up-to-date symlink: /home/aurelio/verrueckter_schwarm/ros2_ws/install/crazyflie_interfaces/local/lib/python3.10/dist-packages/crazyflie_interfaces/libcrazyflie_interfaces__rosidl_generator_py.so
[2.574s] -- Up-to-date symlink: /home/aurelio/verrueckter_schwarm/ros2_ws/install/crazyflie_interfaces/local/lib/python3.10/dist-packages/crazyflie_interfaces/msg/__init__.py
[2.575s] -- Up-to-date symlink: /home/aurelio/verrueckter_schwarm/ros2_ws/install/crazyflie_interfaces/local/lib/python3.10/dist-packages/crazyflie_interfaces/msg/_full_state.py
[2.576s] -- Up-to-date symlink: /home/aurelio/verrueckter_schwarm/ros2_ws/install/crazyflie_interfaces/local/lib/python3.10/dist-packages/crazyflie_interfaces/msg/_full_state_s.c
[2.576s] -- Up-to-date symlink: /home/aurelio/verrueckter_schwarm/ros2_ws/install/crazyflie_interfaces/local/lib/python3.10/dist-packages/crazyflie_interfaces/msg/_hover.py
[2.577s] -- Up-to-date symlink: /home/aurelio/verrueckter_schwarm/ros2_ws/install/crazyflie_interfaces/local/lib/python3.10/dist-packages/crazyflie_interfaces/msg/_hover_s.c
[2.577s] -- Up-to-date symlink: /home/aurelio/verrueckter_schwarm/ros2_ws/install/crazyflie_interfaces/local/lib/python3.10/dist-packages/crazyflie_interfaces/msg/_log_block.py
[2.577s] -- Up-to-date symlink: /home/aurelio/verrueckter_schwarm/ros2_ws/install/crazyflie_interfaces/local/lib/python3.10/dist-packages/crazyflie_interfaces/msg/_log_block_s.c
[2.578s] -- Up-to-date symlink: /home/aurelio/verrueckter_schwarm/ros2_ws/install/crazyflie_interfaces/local/lib/python3.10/dist-packages/crazyflie_interfaces/msg/_log_data_generic.py
[2.578s] -- Up-to-date symlink: /home/aurelio/verrueckter_schwarm/ros2_ws/install/crazyflie_interfaces/local/lib/python3.10/dist-packages/crazyflie_interfaces/msg/_log_data_generic_s.c
[2.579s] -- Up-to-date symlink: /home/aurelio/verrueckter_schwarm/ros2_ws/install/crazyflie_interfaces/local/lib/python3.10/dist-packages/crazyflie_interfaces/msg/_position.py
[2.580s] -- Up-to-date symlink: /home/aurelio/verrueckter_schwarm/ros2_ws/install/crazyflie_interfaces/local/lib/python3.10/dist-packages/crazyflie_interfaces/msg/_position_s.c
[2.580s] -- Up-to-date symlink: /home/aurelio/verrueckter_schwarm/ros2_ws/install/crazyflie_interfaces/local/lib/python3.10/dist-packages/crazyflie_interfaces/msg/_trajectory_polynomial_piece.py
[2.581s] -- Up-to-date symlink: /home/aurelio/verrueckter_schwarm/ros2_ws/install/crazyflie_interfaces/local/lib/python3.10/dist-packages/crazyflie_interfaces/msg/_trajectory_polynomial_piece_s.c
[2.581s] -- Up-to-date symlink: /home/aurelio/verrueckter_schwarm/ros2_ws/install/crazyflie_interfaces/local/lib/python3.10/dist-packages/crazyflie_interfaces/msg/_velocity_world.py
[2.582s] -- Up-to-date symlink: /home/aurelio/verrueckter_schwarm/ros2_ws/install/crazyflie_interfaces/local/lib/python3.10/dist-packages/crazyflie_interfaces/msg/_velocity_world_s.c
[2.582s] -- Up-to-date symlink: /home/aurelio/verrueckter_schwarm/ros2_ws/install/crazyflie_interfaces/local/lib/python3.10/dist-packages/crazyflie_interfaces/srv/__init__.py
[2.583s] -- Up-to-date symlink: /home/aurelio/verrueckter_schwarm/ros2_ws/install/crazyflie_interfaces/local/lib/python3.10/dist-packages/crazyflie_interfaces/srv/_add_logging.py
[2.584s] -- Up-to-date symlink: /home/aurelio/verrueckter_schwarm/ros2_ws/install/crazyflie_interfaces/local/lib/python3.10/dist-packages/crazyflie_interfaces/srv/_add_logging_s.c
[2.585s] -- Up-to-date symlink: /home/aurelio/verrueckter_schwarm/ros2_ws/install/crazyflie_interfaces/local/lib/python3.10/dist-packages/crazyflie_interfaces/srv/_go_to.py
[2.585s] -- Up-to-date symlink: /home/aurelio/verrueckter_schwarm/ros2_ws/install/crazyflie_interfaces/local/lib/python3.10/dist-packages/crazyflie_interfaces/srv/_go_to_s.c
[2.586s] -- Up-to-date symlink: /home/aurelio/verrueckter_schwarm/ros2_ws/install/crazyflie_interfaces/local/lib/python3.10/dist-packages/crazyflie_interfaces/srv/_land.py
[2.586s] -- Up-to-date symlink: /home/aurelio/verrueckter_schwarm/ros2_ws/install/crazyflie_interfaces/local/lib/python3.10/dist-packages/crazyflie_interfaces/srv/_land_s.c
[2.587s] -- Up-to-date symlink: /home/aurelio/verrueckter_schwarm/ros2_ws/install/crazyflie_interfaces/local/lib/python3.10/dist-packages/crazyflie_interfaces/srv/_notify_setpoints_stop.py
[2.587s] -- Up-to-date symlink: /home/aurelio/verrueckter_schwarm/ros2_ws/install/crazyflie_interfaces/local/lib/python3.10/dist-packages/crazyflie_interfaces/srv/_notify_setpoints_stop_s.c
[2.588s] -- Up-to-date symlink: /home/aurelio/verrueckter_schwarm/ros2_ws/install/crazyflie_interfaces/local/lib/python3.10/dist-packages/crazyflie_interfaces/srv/_remove_logging.py
[2.588s] -- Up-to-date symlink: /home/aurelio/verrueckter_schwarm/ros2_ws/install/crazyflie_interfaces/local/lib/python3.10/dist-packages/crazyflie_interfaces/srv/_remove_logging_s.c
[2.588s] -- Up-to-date symlink: /home/aurelio/verrueckter_schwarm/ros2_ws/install/crazyflie_interfaces/local/lib/python3.10/dist-packages/crazyflie_interfaces/srv/_set_group_mask.py
[2.588s] -- Up-to-date symlink: /home/aurelio/verrueckter_schwarm/ros2_ws/install/crazyflie_interfaces/local/lib/python3.10/dist-packages/crazyflie_interfaces/srv/_set_group_mask_s.c
[2.589s] -- Up-to-date symlink: /home/aurelio/verrueckter_schwarm/ros2_ws/install/crazyflie_interfaces/local/lib/python3.10/dist-packages/crazyflie_interfaces/srv/_start_trajectory.py
[2.589s] -- Up-to-date symlink: /home/aurelio/verrueckter_schwarm/ros2_ws/install/crazyflie_interfaces/local/lib/python3.10/dist-packages/crazyflie_interfaces/srv/_start_trajectory_s.c
[2.589s] -- Up-to-date symlink: /home/aurelio/verrueckter_schwarm/ros2_ws/install/crazyflie_interfaces/local/lib/python3.10/dist-packages/crazyflie_interfaces/srv/_stop.py
[2.589s] -- Up-to-date symlink: /home/aurelio/verrueckter_schwarm/ros2_ws/install/crazyflie_interfaces/local/lib/python3.10/dist-packages/crazyflie_interfaces/srv/_stop_s.c
[2.590s] -- Up-to-date symlink: /home/aurelio/verrueckter_schwarm/ros2_ws/install/crazyflie_interfaces/local/lib/python3.10/dist-packages/crazyflie_interfaces/srv/_takeoff.py
[2.590s] -- Up-to-date symlink: /home/aurelio/verrueckter_schwarm/ros2_ws/install/crazyflie_interfaces/local/lib/python3.10/dist-packages/crazyflie_interfaces/srv/_takeoff_s.c
[2.590s] -- Up-to-date symlink: /home/aurelio/verrueckter_schwarm/ros2_ws/install/crazyflie_interfaces/local/lib/python3.10/dist-packages/crazyflie_interfaces/srv/_update_params.py
[2.590s] -- Up-to-date symlink: /home/aurelio/verrueckter_schwarm/ros2_ws/install/crazyflie_interfaces/local/lib/python3.10/dist-packages/crazyflie_interfaces/srv/_update_params_s.c
[2.591s] -- Up-to-date symlink: /home/aurelio/verrueckter_schwarm/ros2_ws/install/crazyflie_interfaces/local/lib/python3.10/dist-packages/crazyflie_interfaces/srv/_upload_trajectory.py
[2.591s] -- Up-to-date symlink: /home/aurelio/verrueckter_schwarm/ros2_ws/install/crazyflie_interfaces/local/lib/python3.10/dist-packages/crazyflie_interfaces/srv/_upload_trajectory_s.c
[2.591s] -- Up-to-date symlink: /home/aurelio/verrueckter_schwarm/ros2_ws/install/crazyflie_interfaces/local/lib/python3.10/dist-packages/crazyflie_interfaces/crazyflie_interfaces_s__rosidl_typesupport_fastrtps_c.cpython-310-x86_64-linux-gnu.so
[2.591s] -- Up-to-date symlink: /home/aurelio/verrueckter_schwarm/ros2_ws/install/crazyflie_interfaces/local/lib/python3.10/dist-packages/crazyflie_interfaces/crazyflie_interfaces_s__rosidl_typesupport_introspection_c.cpython-310-x86_64-linux-gnu.so
[2.592s] -- Up-to-date symlink: /home/aurelio/verrueckter_schwarm/ros2_ws/install/crazyflie_interfaces/local/lib/python3.10/dist-packages/crazyflie_interfaces/crazyflie_interfaces_s__rosidl_typesupport_c.cpython-310-x86_64-linux-gnu.so
[2.592s] -- Up-to-date symlink: /home/aurelio/verrueckter_schwarm/ros2_ws/install/crazyflie_interfaces/share/crazyflie_interfaces/msg/FullState.idl
[2.592s] -- Up-to-date symlink: /home/aurelio/verrueckter_schwarm/ros2_ws/install/crazyflie_interfaces/share/crazyflie_interfaces/msg/LogDataGeneric.idl
[2.592s] -- Up-to-date symlink: /home/aurelio/verrueckter_schwarm/ros2_ws/install/crazyflie_interfaces/share/crazyflie_interfaces/msg/Hover.idl
[2.593s] -- Up-to-date symlink: /home/aurelio/verrueckter_schwarm/ros2_ws/install/crazyflie_interfaces/share/crazyflie_interfaces/msg/LogBlock.idl
[2.593s] -- Up-to-date symlink: /home/aurelio/verrueckter_schwarm/ros2_ws/install/crazyflie_interfaces/share/crazyflie_interfaces/msg/Position.idl
[2.593s] -- Up-to-date symlink: /home/aurelio/verrueckter_schwarm/ros2_ws/install/crazyflie_interfaces/share/crazyflie_interfaces/msg/TrajectoryPolynomialPiece.idl
[2.593s] -- Up-to-date symlink: /home/aurelio/verrueckter_schwarm/ros2_ws/install/crazyflie_interfaces/share/crazyflie_interfaces/msg/VelocityWorld.idl
[2.594s] -- Up-to-date symlink: /home/aurelio/verrueckter_schwarm/ros2_ws/install/crazyflie_interfaces/share/crazyflie_interfaces/srv/GoTo.idl
[2.594s] -- Up-to-date symlink: /home/aurelio/verrueckter_schwarm/ros2_ws/install/crazyflie_interfaces/share/crazyflie_interfaces/srv/Land.idl
[2.594s] -- Up-to-date symlink: /home/aurelio/verrueckter_schwarm/ros2_ws/install/crazyflie_interfaces/share/crazyflie_interfaces/srv/NotifySetpointsStop.idl
[2.594s] -- Up-to-date symlink: /home/aurelio/verrueckter_schwarm/ros2_ws/install/crazyflie_interfaces/share/crazyflie_interfaces/srv/SetGroupMask.idl
[2.595s] -- Up-to-date symlink: /home/aurelio/verrueckter_schwarm/ros2_ws/install/crazyflie_interfaces/share/crazyflie_interfaces/srv/StartTrajectory.idl
[2.595s] -- Up-to-date symlink: /home/aurelio/verrueckter_schwarm/ros2_ws/install/crazyflie_interfaces/share/crazyflie_interfaces/srv/Stop.idl
[2.595s] -- Up-to-date symlink: /home/aurelio/verrueckter_schwarm/ros2_ws/install/crazyflie_interfaces/share/crazyflie_interfaces/srv/Takeoff.idl
[2.595s] -- Up-to-date symlink: /home/aurelio/verrueckter_schwarm/ros2_ws/install/crazyflie_interfaces/share/crazyflie_interfaces/srv/UpdateParams.idl
[2.596s] -- Up-to-date symlink: /home/aurelio/verrueckter_schwarm/ros2_ws/install/crazyflie_interfaces/share/crazyflie_interfaces/srv/UploadTrajectory.idl
[2.596s] -- Up-to-date symlink: /home/aurelio/verrueckter_schwarm/ros2_ws/install/crazyflie_interfaces/share/crazyflie_interfaces/srv/RemoveLogging.idl
[2.596s] -- Up-to-date symlink: /home/aurelio/verrueckter_schwarm/ros2_ws/install/crazyflie_interfaces/share/crazyflie_interfaces/srv/AddLogging.idl
[2.596s] -- Up-to-date symlink: /home/aurelio/verrueckter_schwarm/ros2_ws/install/crazyflie_interfaces/share/crazyflie_interfaces/msg/FullState.msg
[2.597s] -- Up-to-date symlink: /home/aurelio/verrueckter_schwarm/ros2_ws/install/crazyflie_interfaces/share/crazyflie_interfaces/msg/LogDataGeneric.msg
[2.597s] -- Up-to-date symlink: /home/aurelio/verrueckter_schwarm/ros2_ws/install/crazyflie_interfaces/share/crazyflie_interfaces/msg/Hover.msg
[2.597s] -- Up-to-date symlink: /home/aurelio/verrueckter_schwarm/ros2_ws/install/crazyflie_interfaces/share/crazyflie_interfaces/msg/LogBlock.msg
[2.597s] -- Up-to-date symlink: /home/aurelio/verrueckter_schwarm/ros2_ws/install/crazyflie_interfaces/share/crazyflie_interfaces/msg/Position.msg
[2.598s] -- Up-to-date symlink: /home/aurelio/verrueckter_schwarm/ros2_ws/install/crazyflie_interfaces/share/crazyflie_interfaces/msg/TrajectoryPolynomialPiece.msg
[2.598s] -- Up-to-date symlink: /home/aurelio/verrueckter_schwarm/ros2_ws/install/crazyflie_interfaces/share/crazyflie_interfaces/msg/VelocityWorld.msg
[2.598s] -- Up-to-date symlink: /home/aurelio/verrueckter_schwarm/ros2_ws/install/crazyflie_interfaces/share/crazyflie_interfaces/srv/GoTo.srv
[2.598s] -- Up-to-date symlink: /home/aurelio/verrueckter_schwarm/ros2_ws/install/crazyflie_interfaces/share/crazyflie_interfaces/srv/GoTo_Request.msg
[2.599s] -- Up-to-date symlink: /home/aurelio/verrueckter_schwarm/ros2_ws/install/crazyflie_interfaces/share/crazyflie_interfaces/srv/GoTo_Response.msg
[2.599s] -- Up-to-date symlink: /home/aurelio/verrueckter_schwarm/ros2_ws/install/crazyflie_interfaces/share/crazyflie_interfaces/srv/Land.srv
[2.599s] -- Up-to-date symlink: /home/aurelio/verrueckter_schwarm/ros2_ws/install/crazyflie_interfaces/share/crazyflie_interfaces/srv/Land_Request.msg
[2.599s] -- Up-to-date symlink: /home/aurelio/verrueckter_schwarm/ros2_ws/install/crazyflie_interfaces/share/crazyflie_interfaces/srv/Land_Response.msg
[2.600s] -- Up-to-date symlink: /home/aurelio/verrueckter_schwarm/ros2_ws/install/crazyflie_interfaces/share/crazyflie_interfaces/srv/NotifySetpointsStop.srv
[2.600s] -- Up-to-date symlink: /home/aurelio/verrueckter_schwarm/ros2_ws/install/crazyflie_interfaces/share/crazyflie_interfaces/srv/NotifySetpointsStop_Request.msg
[2.600s] -- Up-to-date symlink: /home/aurelio/verrueckter_schwarm/ros2_ws/install/crazyflie_interfaces/share/crazyflie_interfaces/srv/NotifySetpointsStop_Response.msg
[2.600s] -- Up-to-date symlink: /home/aurelio/verrueckter_schwarm/ros2_ws/install/crazyflie_interfaces/share/crazyflie_interfaces/srv/SetGroupMask.srv
[2.600s] -- Up-to-date symlink: /home/aurelio/verrueckter_schwarm/ros2_ws/install/crazyflie_interfaces/share/crazyflie_interfaces/srv/SetGroupMask_Request.msg
[2.601s] -- Up-to-date symlink: /home/aurelio/verrueckter_schwarm/ros2_ws/install/crazyflie_interfaces/share/crazyflie_interfaces/srv/SetGroupMask_Response.msg
[2.601s] -- Up-to-date symlink: /home/aurelio/verrueckter_schwarm/ros2_ws/install/crazyflie_interfaces/share/crazyflie_interfaces/srv/StartTrajectory.srv
[2.601s] -- Up-to-date symlink: /home/aurelio/verrueckter_schwarm/ros2_ws/install/crazyflie_interfaces/share/crazyflie_interfaces/srv/StartTrajectory_Request.msg
[2.601s] -- Up-to-date symlink: /home/aurelio/verrueckter_schwarm/ros2_ws/install/crazyflie_interfaces/share/crazyflie_interfaces/srv/StartTrajectory_Response.msg
[2.602s] -- Up-to-date symlink: /home/aurelio/verrueckter_schwarm/ros2_ws/install/crazyflie_interfaces/share/crazyflie_interfaces/srv/Stop.srv
[2.602s] -- Up-to-date symlink: /home/aurelio/verrueckter_schwarm/ros2_ws/install/crazyflie_interfaces/share/crazyflie_interfaces/srv/Stop_Request.msg
[2.602s] -- Up-to-date symlink: /home/aurelio/verrueckter_schwarm/ros2_ws/install/crazyflie_interfaces/share/crazyflie_interfaces/srv/Stop_Response.msg
[2.602s] -- Up-to-date symlink: /home/aurelio/verrueckter_schwarm/ros2_ws/install/crazyflie_interfaces/share/crazyflie_interfaces/srv/Takeoff.srv
[2.603s] -- Up-to-date symlink: /home/aurelio/verrueckter_schwarm/ros2_ws/install/crazyflie_interfaces/share/crazyflie_interfaces/srv/Takeoff_Request.msg
[2.603s] -- Up-to-date symlink: /home/aurelio/verrueckter_schwarm/ros2_ws/install/crazyflie_interfaces/share/crazyflie_interfaces/srv/Takeoff_Response.msg
[2.603s] -- Up-to-date symlink: /home/aurelio/verrueckter_schwarm/ros2_ws/install/crazyflie_interfaces/share/crazyflie_interfaces/srv/UpdateParams.srv
[2.603s] -- Up-to-date symlink: /home/aurelio/verrueckter_schwarm/ros2_ws/install/crazyflie_interfaces/share/crazyflie_interfaces/srv/UpdateParams_Request.msg
[2.604s] -- Up-to-date symlink: /home/aurelio/verrueckter_schwarm/ros2_ws/install/crazyflie_interfaces/share/crazyflie_interfaces/srv/UpdateParams_Response.msg
[2.604s] -- Up-to-date symlink: /home/aurelio/verrueckter_schwarm/ros2_ws/install/crazyflie_interfaces/share/crazyflie_interfaces/srv/UploadTrajectory.srv
[2.604s] -- Up-to-date symlink: /home/aurelio/verrueckter_schwarm/ros2_ws/install/crazyflie_interfaces/share/crazyflie_interfaces/srv/UploadTrajectory_Request.msg
[2.604s] -- Up-to-date symlink: /home/aurelio/verrueckter_schwarm/ros2_ws/install/crazyflie_interfaces/share/crazyflie_interfaces/srv/UploadTrajectory_Response.msg
[2.605s] -- Up-to-date symlink: /home/aurelio/verrueckter_schwarm/ros2_ws/install/crazyflie_interfaces/share/crazyflie_interfaces/srv/RemoveLogging.srv
[2.605s] -- Up-to-date symlink: /home/aurelio/verrueckter_schwarm/ros2_ws/install/crazyflie_interfaces/share/crazyflie_interfaces/srv/RemoveLogging_Request.msg
[2.605s] -- Up-to-date symlink: /home/aurelio/verrueckter_schwarm/ros2_ws/install/crazyflie_interfaces/share/crazyflie_interfaces/srv/RemoveLogging_Response.msg
[2.605s] -- Up-to-date symlink: /home/aurelio/verrueckter_schwarm/ros2_ws/install/crazyflie_interfaces/share/crazyflie_interfaces/srv/AddLogging.srv
[2.605s] -- Up-to-date symlink: /home/aurelio/verrueckter_schwarm/ros2_ws/install/crazyflie_interfaces/share/crazyflie_interfaces/srv/AddLogging_Request.msg
[2.606s] -- Up-to-date symlink: /home/aurelio/verrueckter_schwarm/ros2_ws/install/crazyflie_interfaces/share/crazyflie_interfaces/srv/AddLogging_Response.msg
[2.606s] -- Up-to-date symlink: /home/aurelio/verrueckter_schwarm/ros2_ws/install/crazyflie_interfaces/share/ament_index/resource_index/package_run_dependencies/crazyflie_interfaces
[2.606s] -- Up-to-date symlink: /home/aurelio/verrueckter_schwarm/ros2_ws/install/crazyflie_interfaces/share/ament_index/resource_index/parent_prefix_path/crazyflie_interfaces
[2.607s] -- Up-to-date symlink: /home/aurelio/verrueckter_schwarm/ros2_ws/install/crazyflie_interfaces/share/crazyflie_interfaces/environment/ament_prefix_path.sh
[2.607s] -- Up-to-date symlink: /home/aurelio/verrueckter_schwarm/ros2_ws/install/crazyflie_interfaces/share/crazyflie_interfaces/environment/ament_prefix_path.dsv
[2.607s] -- Up-to-date symlink: /home/aurelio/verrueckter_schwarm/ros2_ws/install/crazyflie_interfaces/share/crazyflie_interfaces/environment/path.sh
[2.607s] -- Up-to-date symlink: /home/aurelio/verrueckter_schwarm/ros2_ws/install/crazyflie_interfaces/share/crazyflie_interfaces/environment/path.dsv
[2.607s] -- Up-to-date symlink: /home/aurelio/verrueckter_schwarm/ros2_ws/install/crazyflie_interfaces/share/crazyflie_interfaces/local_setup.bash
[2.608s] -- Up-to-date symlink: /home/aurelio/verrueckter_schwarm/ros2_ws/install/crazyflie_interfaces/share/crazyflie_interfaces/local_setup.sh
[2.608s] -- Up-to-date symlink: /home/aurelio/verrueckter_schwarm/ros2_ws/install/crazyflie_interfaces/share/crazyflie_interfaces/local_setup.zsh
[2.608s] -- Up-to-date symlink: /home/aurelio/verrueckter_schwarm/ros2_ws/install/crazyflie_interfaces/share/crazyflie_interfaces/local_setup.dsv
[2.608s] -- Symlinking: /home/aurelio/verrueckter_schwarm/ros2_ws/install/crazyflie_interfaces/share/crazyflie_interfaces/package.dsv
[2.618s] -- Up-to-date symlink: /home/aurelio/verrueckter_schwarm/ros2_ws/install/crazyflie_interfaces/share/ament_index/resource_index/packages/crazyflie_interfaces
[2.618s] -- Up-to-date symlink: /home/aurelio/verrueckter_schwarm/ros2_ws/install/crazyflie_interfaces/share/crazyflie_interfaces/cmake/rosidl_cmake-extras.cmake
[2.619s] -- Up-to-date symlink: /home/aurelio/verrueckter_schwarm/ros2_ws/install/crazyflie_interfaces/share/crazyflie_interfaces/cmake/ament_cmake_export_dependencies-extras.cmake
[2.619s] -- Up-to-date symlink: /home/aurelio/verrueckter_schwarm/ros2_ws/install/crazyflie_interfaces/share/crazyflie_interfaces/cmake/ament_cmake_export_include_directories-extras.cmake
[2.619s] -- Up-to-date symlink: /home/aurelio/verrueckter_schwarm/ros2_ws/install/crazyflie_interfaces/share/crazyflie_interfaces/cmake/ament_cmake_export_libraries-extras.cmake
[2.620s] -- Up-to-date symlink: /home/aurelio/verrueckter_schwarm/ros2_ws/install/crazyflie_interfaces/share/crazyflie_interfaces/cmake/ament_cmake_export_targets-extras.cmake
[2.620s] -- Up-to-date symlink: /home/aurelio/verrueckter_schwarm/ros2_ws/install/crazyflie_interfaces/share/crazyflie_interfaces/cmake/rosidl_cmake_export_typesupport_targets-extras.cmake
[2.621s] -- Up-to-date symlink: /home/aurelio/verrueckter_schwarm/ros2_ws/install/crazyflie_interfaces/share/crazyflie_interfaces/cmake/rosidl_cmake_export_typesupport_libraries-extras.cmake
[2.621s] -- Up-to-date symlink: /home/aurelio/verrueckter_schwarm/ros2_ws/install/crazyflie_interfaces/share/crazyflie_interfaces/cmake/crazyflie_interfacesConfig.cmake
[2.622s] -- Up-to-date symlink: /home/aurelio/verrueckter_schwarm/ros2_ws/install/crazyflie_interfaces/share/crazyflie_interfaces/cmake/crazyflie_interfacesConfig-version.cmake
[2.622s] -- Up-to-date symlink: /home/aurelio/verrueckter_schwarm/ros2_ws/install/crazyflie_interfaces/share/crazyflie_interfaces/package.xml
[2.623s] -- Up-to-date: /home/aurelio/verrueckter_schwarm/ros2_ws/install/crazyflie_interfaces/lib/libcrazyflie_interfaces__rosidl_generator_c.so
[2.624s] -- Up-to-date: /home/aurelio/verrueckter_schwarm/ros2_ws/install/crazyflie_interfaces/lib/libcrazyflie_interfaces__rosidl_typesupport_fastrtps_c.so
[2.625s] -- Up-to-date: /home/aurelio/verrueckter_schwarm/ros2_ws/install/crazyflie_interfaces/lib/libcrazyflie_interfaces__rosidl_typesupport_fastrtps_cpp.so
[2.626s] -- Up-to-date: /home/aurelio/verrueckter_schwarm/ros2_ws/install/crazyflie_interfaces/lib/libcrazyflie_interfaces__rosidl_typesupport_introspection_c.so
[2.626s] -- Up-to-date: /home/aurelio/verrueckter_schwarm/ros2_ws/install/crazyflie_interfaces/lib/libcrazyflie_interfaces__rosidl_typesupport_c.so
[2.627s] -- Up-to-date: /home/aurelio/verrueckter_schwarm/ros2_ws/install/crazyflie_interfaces/lib/libcrazyflie_interfaces__rosidl_typesupport_introspection_cpp.so
[2.628s] -- Up-to-date: /home/aurelio/verrueckter_schwarm/ros2_ws/install/crazyflie_interfaces/lib/libcrazyflie_interfaces__rosidl_typesupport_cpp.so
[2.785s] Listing '/home/aurelio/verrueckter_schwarm/ros2_ws/install/crazyflie_interfaces/local/lib/python3.10/dist-packages/crazyflie_interfaces'...
[2.786s] Listing '/home/aurelio/verrueckter_schwarm/ros2_ws/install/crazyflie_interfaces/local/lib/python3.10/dist-packages/crazyflie_interfaces/msg'...
[2.786s] Listing '/home/aurelio/verrueckter_schwarm/ros2_ws/install/crazyflie_interfaces/local/lib/python3.10/dist-packages/crazyflie_interfaces/srv'...
[2.799s] -- Up-to-date: /home/aurelio/verrueckter_schwarm/ros2_ws/install/crazyflie_interfaces/lib/libcrazyflie_interfaces__rosidl_generator_py.so
[2.800s] -- Up-to-date: /home/aurelio/verrueckter_schwarm/ros2_ws/install/crazyflie_interfaces/share/crazyflie_interfaces/cmake/export_crazyflie_interfaces__rosidl_generator_cExport.cmake
[2.800s] -- Up-to-date: /home/aurelio/verrueckter_schwarm/ros2_ws/install/crazyflie_interfaces/share/crazyflie_interfaces/cmake/export_crazyflie_interfaces__rosidl_generator_cExport-noconfig.cmake
[2.801s] -- Up-to-date: /home/aurelio/verrueckter_schwarm/ros2_ws/install/crazyflie_interfaces/share/crazyflie_interfaces/cmake/export_crazyflie_interfaces__rosidl_typesupport_fastrtps_cExport.cmake
[2.801s] -- Up-to-date: /home/aurelio/verrueckter_schwarm/ros2_ws/install/crazyflie_interfaces/share/crazyflie_interfaces/cmake/export_crazyflie_interfaces__rosidl_typesupport_fastrtps_cExport-noconfig.cmake
[2.801s] -- Up-to-date: /home/aurelio/verrueckter_schwarm/ros2_ws/install/crazyflie_interfaces/share/crazyflie_interfaces/cmake/export_crazyflie_interfaces__rosidl_generator_cppExport.cmake
[2.802s] -- Up-to-date: /home/aurelio/verrueckter_schwarm/ros2_ws/install/crazyflie_interfaces/share/crazyflie_interfaces/cmake/export_crazyflie_interfaces__rosidl_typesupport_fastrtps_cppExport.cmake
[2.802s] -- Up-to-date: /home/aurelio/verrueckter_schwarm/ros2_ws/install/crazyflie_interfaces/share/crazyflie_interfaces/cmake/export_crazyflie_interfaces__rosidl_typesupport_fastrtps_cppExport-noconfig.cmake
[2.802s] -- Up-to-date: /home/aurelio/verrueckter_schwarm/ros2_ws/install/crazyflie_interfaces/share/crazyflie_interfaces/cmake/crazyflie_interfaces__rosidl_typesupport_introspection_cExport.cmake
[2.803s] -- Up-to-date: /home/aurelio/verrueckter_schwarm/ros2_ws/install/crazyflie_interfaces/share/crazyflie_interfaces/cmake/crazyflie_interfaces__rosidl_typesupport_introspection_cExport-noconfig.cmake
[2.803s] -- Up-to-date: /home/aurelio/verrueckter_schwarm/ros2_ws/install/crazyflie_interfaces/share/crazyflie_interfaces/cmake/crazyflie_interfaces__rosidl_typesupport_cExport.cmake
[2.803s] -- Up-to-date: /home/aurelio/verrueckter_schwarm/ros2_ws/install/crazyflie_interfaces/share/crazyflie_interfaces/cmake/crazyflie_interfaces__rosidl_typesupport_cExport-noconfig.cmake
[2.803s] -- Up-to-date: /home/aurelio/verrueckter_schwarm/ros2_ws/install/crazyflie_interfaces/share/crazyflie_interfaces/cmake/crazyflie_interfaces__rosidl_typesupport_introspection_cppExport.cmake
[2.803s] -- Up-to-date: /home/aurelio/verrueckter_schwarm/ros2_ws/install/crazyflie_interfaces/share/crazyflie_interfaces/cmake/crazyflie_interfaces__rosidl_typesupport_introspection_cppExport-noconfig.cmake
[2.804s] -- Up-to-date: /home/aurelio/verrueckter_schwarm/ros2_ws/install/crazyflie_interfaces/share/crazyflie_interfaces/cmake/crazyflie_interfaces__rosidl_typesupport_cppExport.cmake
[2.804s] -- Up-to-date: /home/aurelio/verrueckter_schwarm/ros2_ws/install/crazyflie_interfaces/share/crazyflie_interfaces/cmake/crazyflie_interfaces__rosidl_typesupport_cppExport-noconfig.cmake
[2.804s] -- Up-to-date: /home/aurelio/verrueckter_schwarm/ros2_ws/install/crazyflie_interfaces/share/crazyflie_interfaces/cmake/export_crazyflie_interfaces__rosidl_generator_pyExport.cmake
[2.804s] -- Up-to-date: /home/aurelio/verrueckter_schwarm/ros2_ws/install/crazyflie_interfaces/share/crazyflie_interfaces/cmake/export_crazyflie_interfaces__rosidl_generator_pyExport-noconfig.cmake
[2.815s] Invoked command in '/home/aurelio/verrueckter_schwarm/ros2_ws/build/crazyflie_interfaces' returned '0': CMAKE_PREFIX_PATH=${CMAKE_PREFIX_PATH}:/home/aurelio/verrueckter_schwarm/ros2_ws/install/crazyflie_py:/opt/ros/humble /usr/bin/cmake --install /home/aurelio/verrueckter_schwarm/ros2_ws/build/crazyflie_interfaces
