[0.127s] Invoking command in '/home/aurelio/verrueckter_schwarm/ros2_ws/build/motion_capture_tracking_interfaces': CMAKE_PREFIX_PATH=${CMAKE_PREFIX_PATH}:/home/aurelio/verrueckter_schwarm/ros2_ws/install/crazyflie_flight_path:/home/aurelio/verrueckter_schwarm/ros2_ws/install/crazyflie_py:/opt/ros/humble /usr/bin/cmake --build /home/aurelio/verrueckter_schwarm/ros2_ws/build/motion_capture_tracking_interfaces -- -j4 -l4
[0.251s] [  2%] Built target motion_capture_tracking_interfaces__cpp
[0.262s] [ 12%] Built target motion_capture_tracking_interfaces__rosidl_generator_c
[0.295s] [ 12%] Built target ament_cmake_python_symlink_motion_capture_tracking_interfaces
[0.330s] [ 23%] Built target motion_capture_tracking_interfaces__rosidl_typesupport_fastrtps_cpp
[0.374s] [ 33%] Built target motion_capture_tracking_interfaces__rosidl_typesupport_cpp
[0.415s] [ 43%] Built target motion_capture_tracking_interfaces__rosidl_typesupport_introspection_cpp
[0.448s] [ 53%] Built target motion_capture_tracking_interfaces__rosidl_typesupport_fastrtps_c
[0.466s] [ 64%] Built target motion_capture_tracking_interfaces__rosidl_typesupport_introspection_c
[0.503s] [ 74%] Built target motion_capture_tracking_interfaces__rosidl_typesupport_c
[0.560s] [ 74%] Built target motion_capture_tracking_interfaces
[0.611s] [ 76%] Built target motion_capture_tracking_interfaces__py
[0.669s] [ 84%] Built target motion_capture_tracking_interfaces__rosidl_generator_py
[0.752s] [ 89%] Built target motion_capture_tracking_interfaces__rosidl_typesupport_introspection_c__pyext
[0.796s] [ 94%] Built target motion_capture_tracking_interfaces__rosidl_typesupport_fastrtps_c__pyext
[0.798s] [100%] Built target motion_capture_tracking_interfaces__rosidl_typesupport_c__pyext
[1.087s] running egg_info
[1.088s] writing motion_capture_tracking_interfaces.egg-info/PKG-INFO
[1.089s] writing dependency_links to motion_capture_tracking_interfaces.egg-info/dependency_links.txt
[1.089s] writing top-level names to motion_capture_tracking_interfaces.egg-info/top_level.txt
[1.093s] reading manifest file 'motion_capture_tracking_interfaces.egg-info/SOURCES.txt'
[1.094s] writing manifest file 'motion_capture_tracking_interfaces.egg-info/SOURCES.txt'
[1.147s] [100%] Built target ament_cmake_python_build_motion_capture_tracking_interfaces_egg
[1.169s] Invoked command in '/home/aurelio/verrueckter_schwarm/ros2_ws/build/motion_capture_tracking_interfaces' returned '0': CMAKE_PREFIX_PATH=${CMAKE_PREFIX_PATH}:/home/aurelio/verrueckter_schwarm/ros2_ws/install/crazyflie_flight_path:/home/aurelio/verrueckter_schwarm/ros2_ws/install/crazyflie_py:/opt/ros/humble /usr/bin/cmake --build /home/aurelio/verrueckter_schwarm/ros2_ws/build/motion_capture_tracking_interfaces -- -j4 -l4
[1.329s] Invoking command in '/home/aurelio/verrueckter_schwarm/ros2_ws/build/motion_capture_tracking_interfaces': CMAKE_PREFIX_PATH=${CMAKE_PREFIX_PATH}:/home/aurelio/verrueckter_schwarm/ros2_ws/install/crazyflie_flight_path:/home/aurelio/verrueckter_schwarm/ros2_ws/install/crazyflie_py:/opt/ros/humble /usr/bin/cmake --install /home/aurelio/verrueckter_schwarm/ros2_ws/build/motion_capture_tracking_interfaces
[1.343s] -- Install configuration: ""
[1.344s] -- Execute custom install script
[1.344s] -- Up-to-date symlink: /home/aurelio/verrueckter_schwarm/ros2_ws/install/motion_capture_tracking_interfaces/share/ament_index/resource_index/rosidl_interfaces/motion_capture_tracking_interfaces
[1.345s] -- Up-to-date symlink: /home/aurelio/verrueckter_schwarm/ros2_ws/install/motion_capture_tracking_interfaces/include/motion_capture_tracking_interfaces/motion_capture_tracking_interfaces/msg/detail/named_pose__functions.h
[1.346s] -- Up-to-date symlink: /home/aurelio/verrueckter_schwarm/ros2_ws/install/motion_capture_tracking_interfaces/include/motion_capture_tracking_interfaces/motion_capture_tracking_interfaces/msg/detail/named_pose__struct.h
[1.346s] -- Up-to-date symlink: /home/aurelio/verrueckter_schwarm/ros2_ws/install/motion_capture_tracking_interfaces/include/motion_capture_tracking_interfaces/motion_capture_tracking_interfaces/msg/detail/named_pose__type_support.h
[1.347s] -- Up-to-date symlink: /home/aurelio/verrueckter_schwarm/ros2_ws/install/motion_capture_tracking_interfaces/include/motion_capture_tracking_interfaces/motion_capture_tracking_interfaces/msg/detail/named_pose_array__functions.h
[1.347s] -- Up-to-date symlink: /home/aurelio/verrueckter_schwarm/ros2_ws/install/motion_capture_tracking_interfaces/include/motion_capture_tracking_interfaces/motion_capture_tracking_interfaces/msg/detail/named_pose_array__struct.h
[1.347s] -- Up-to-date symlink: /home/aurelio/verrueckter_schwarm/ros2_ws/install/motion_capture_tracking_interfaces/include/motion_capture_tracking_interfaces/motion_capture_tracking_interfaces/msg/detail/named_pose_array__type_support.h
[1.347s] -- Up-to-date symlink: /home/aurelio/verrueckter_schwarm/ros2_ws/install/motion_capture_tracking_interfaces/include/motion_capture_tracking_interfaces/motion_capture_tracking_interfaces/msg/named_pose.h
[1.348s] -- Up-to-date symlink: /home/aurelio/verrueckter_schwarm/ros2_ws/install/motion_capture_tracking_interfaces/include/motion_capture_tracking_interfaces/motion_capture_tracking_interfaces/msg/named_pose_array.h
[1.348s] -- Up-to-date symlink: /home/aurelio/verrueckter_schwarm/ros2_ws/install/motion_capture_tracking_interfaces/include/motion_capture_tracking_interfaces/motion_capture_tracking_interfaces/msg/rosidl_generator_c__visibility_control.h
[1.349s] -- Up-to-date symlink: /home/aurelio/verrueckter_schwarm/ros2_ws/install/motion_capture_tracking_interfaces/share/motion_capture_tracking_interfaces/environment/library_path.sh
[1.349s] -- Up-to-date symlink: /home/aurelio/verrueckter_schwarm/ros2_ws/install/motion_capture_tracking_interfaces/share/motion_capture_tracking_interfaces/environment/library_path.dsv
[1.350s] -- Up-to-date symlink: /home/aurelio/verrueckter_schwarm/ros2_ws/install/motion_capture_tracking_interfaces/include/motion_capture_tracking_interfaces/motion_capture_tracking_interfaces/msg/detail/named_pose__rosidl_typesupport_fastrtps_c.h
[1.351s] -- Up-to-date symlink: /home/aurelio/verrueckter_schwarm/ros2_ws/install/motion_capture_tracking_interfaces/include/motion_capture_tracking_interfaces/motion_capture_tracking_interfaces/msg/detail/named_pose_array__rosidl_typesupport_fastrtps_c.h
[1.351s] -- Up-to-date symlink: /home/aurelio/verrueckter_schwarm/ros2_ws/install/motion_capture_tracking_interfaces/include/motion_capture_tracking_interfaces/motion_capture_tracking_interfaces/msg/rosidl_typesupport_fastrtps_c__visibility_control.h
[1.352s] -- Up-to-date symlink: /home/aurelio/verrueckter_schwarm/ros2_ws/install/motion_capture_tracking_interfaces/include/motion_capture_tracking_interfaces/motion_capture_tracking_interfaces/msg/detail/named_pose__builder.hpp
[1.352s] -- Up-to-date symlink: /home/aurelio/verrueckter_schwarm/ros2_ws/install/motion_capture_tracking_interfaces/include/motion_capture_tracking_interfaces/motion_capture_tracking_interfaces/msg/detail/named_pose__struct.hpp
[1.353s] -- Up-to-date symlink: /home/aurelio/verrueckter_schwarm/ros2_ws/install/motion_capture_tracking_interfaces/include/motion_capture_tracking_interfaces/motion_capture_tracking_interfaces/msg/detail/named_pose__traits.hpp
[1.353s] -- Up-to-date symlink: /home/aurelio/verrueckter_schwarm/ros2_ws/install/motion_capture_tracking_interfaces/include/motion_capture_tracking_interfaces/motion_capture_tracking_interfaces/msg/detail/named_pose_array__builder.hpp
[1.353s] -- Up-to-date symlink: /home/aurelio/verrueckter_schwarm/ros2_ws/install/motion_capture_tracking_interfaces/include/motion_capture_tracking_interfaces/motion_capture_tracking_interfaces/msg/detail/named_pose_array__struct.hpp
[1.354s] -- Up-to-date symlink: /home/aurelio/verrueckter_schwarm/ros2_ws/install/motion_capture_tracking_interfaces/include/motion_capture_tracking_interfaces/motion_capture_tracking_interfaces/msg/detail/named_pose_array__traits.hpp
[1.354s] -- Up-to-date symlink: /home/aurelio/verrueckter_schwarm/ros2_ws/install/motion_capture_tracking_interfaces/include/motion_capture_tracking_interfaces/motion_capture_tracking_interfaces/msg/named_pose.hpp
[1.354s] -- Up-to-date symlink: /home/aurelio/verrueckter_schwarm/ros2_ws/install/motion_capture_tracking_interfaces/include/motion_capture_tracking_interfaces/motion_capture_tracking_interfaces/msg/named_pose_array.hpp
[1.355s] -- Up-to-date symlink: /home/aurelio/verrueckter_schwarm/ros2_ws/install/motion_capture_tracking_interfaces/include/motion_capture_tracking_interfaces/motion_capture_tracking_interfaces/msg/detail/named_pose__rosidl_typesupport_fastrtps_cpp.hpp
[1.356s] -- Up-to-date symlink: /home/aurelio/verrueckter_schwarm/ros2_ws/install/motion_capture_tracking_interfaces/include/motion_capture_tracking_interfaces/motion_capture_tracking_interfaces/msg/detail/named_pose_array__rosidl_typesupport_fastrtps_cpp.hpp
[1.356s] -- Up-to-date symlink: /home/aurelio/verrueckter_schwarm/ros2_ws/install/motion_capture_tracking_interfaces/include/motion_capture_tracking_interfaces/motion_capture_tracking_interfaces/msg/rosidl_typesupport_fastrtps_cpp__visibility_control.h
[1.357s] -- Up-to-date symlink: /home/aurelio/verrueckter_schwarm/ros2_ws/install/motion_capture_tracking_interfaces/include/motion_capture_tracking_interfaces/motion_capture_tracking_interfaces/msg/detail/named_pose__rosidl_typesupport_introspection_c.h
[1.358s] -- Up-to-date symlink: /home/aurelio/verrueckter_schwarm/ros2_ws/install/motion_capture_tracking_interfaces/include/motion_capture_tracking_interfaces/motion_capture_tracking_interfaces/msg/detail/named_pose_array__rosidl_typesupport_introspection_c.h
[1.359s] -- Up-to-date symlink: /home/aurelio/verrueckter_schwarm/ros2_ws/install/motion_capture_tracking_interfaces/include/motion_capture_tracking_interfaces/motion_capture_tracking_interfaces/msg/rosidl_typesupport_introspection_c__visibility_control.h
[1.360s] -- Up-to-date symlink: /home/aurelio/verrueckter_schwarm/ros2_ws/install/motion_capture_tracking_interfaces/include/motion_capture_tracking_interfaces/motion_capture_tracking_interfaces/msg/detail/named_pose__rosidl_typesupport_introspection_cpp.hpp
[1.360s] -- Up-to-date symlink: /home/aurelio/verrueckter_schwarm/ros2_ws/install/motion_capture_tracking_interfaces/include/motion_capture_tracking_interfaces/motion_capture_tracking_interfaces/msg/detail/named_pose_array__rosidl_typesupport_introspection_cpp.hpp
[1.361s] -- Up-to-date symlink: /home/aurelio/verrueckter_schwarm/ros2_ws/install/motion_capture_tracking_interfaces/share/motion_capture_tracking_interfaces/environment/pythonpath.sh
[1.361s] -- Up-to-date symlink: /home/aurelio/verrueckter_schwarm/ros2_ws/install/motion_capture_tracking_interfaces/share/motion_capture_tracking_interfaces/environment/pythonpath.dsv
[1.362s] -- Up-to-date symlink: /home/aurelio/verrueckter_schwarm/ros2_ws/install/motion_capture_tracking_interfaces/local/lib/python3.10/dist-packages/motion_capture_tracking_interfaces-1.0.0-py3.10.egg-info/PKG-INFO
[1.362s] -- Up-to-date symlink: /home/aurelio/verrueckter_schwarm/ros2_ws/install/motion_capture_tracking_interfaces/local/lib/python3.10/dist-packages/motion_capture_tracking_interfaces-1.0.0-py3.10.egg-info/SOURCES.txt
[1.363s] -- Up-to-date symlink: /home/aurelio/verrueckter_schwarm/ros2_ws/install/motion_capture_tracking_interfaces/local/lib/python3.10/dist-packages/motion_capture_tracking_interfaces-1.0.0-py3.10.egg-info/dependency_links.txt
[1.363s] -- Up-to-date symlink: /home/aurelio/verrueckter_schwarm/ros2_ws/install/motion_capture_tracking_interfaces/local/lib/python3.10/dist-packages/motion_capture_tracking_interfaces-1.0.0-py3.10.egg-info/top_level.txt
[1.364s] -- Up-to-date symlink: /home/aurelio/verrueckter_schwarm/ros2_ws/install/motion_capture_tracking_interfaces/local/lib/python3.10/dist-packages/motion_capture_tracking_interfaces/__init__.py
[1.365s] -- Up-to-date symlink: /home/aurelio/verrueckter_schwarm/ros2_ws/install/motion_capture_tracking_interfaces/local/lib/python3.10/dist-packages/motion_capture_tracking_interfaces/_motion_capture_tracking_interfaces_s.ep.rosidl_typesupport_c.c
[1.365s] -- Up-to-date symlink: /home/aurelio/verrueckter_schwarm/ros2_ws/install/motion_capture_tracking_interfaces/local/lib/python3.10/dist-packages/motion_capture_tracking_interfaces/_motion_capture_tracking_interfaces_s.ep.rosidl_typesupport_fastrtps_c.c
[1.366s] -- Up-to-date symlink: /home/aurelio/verrueckter_schwarm/ros2_ws/install/motion_capture_tracking_interfaces/local/lib/python3.10/dist-packages/motion_capture_tracking_interfaces/_motion_capture_tracking_interfaces_s.ep.rosidl_typesupport_introspection_c.c
[1.366s] -- Up-to-date symlink: /home/aurelio/verrueckter_schwarm/ros2_ws/install/motion_capture_tracking_interfaces/local/lib/python3.10/dist-packages/motion_capture_tracking_interfaces/libmotion_capture_tracking_interfaces__rosidl_generator_py.so
[1.367s] -- Up-to-date symlink: /home/aurelio/verrueckter_schwarm/ros2_ws/install/motion_capture_tracking_interfaces/local/lib/python3.10/dist-packages/motion_capture_tracking_interfaces/motion_capture_tracking_interfaces_s__rosidl_typesupport_c.cpython-310-x86_64-linux-gnu.so
[1.367s] -- Up-to-date symlink: /home/aurelio/verrueckter_schwarm/ros2_ws/install/motion_capture_tracking_interfaces/local/lib/python3.10/dist-packages/motion_capture_tracking_interfaces/motion_capture_tracking_interfaces_s__rosidl_typesupport_fastrtps_c.cpython-310-x86_64-linux-gnu.so
[1.367s] -- Up-to-date symlink: /home/aurelio/verrueckter_schwarm/ros2_ws/install/motion_capture_tracking_interfaces/local/lib/python3.10/dist-packages/motion_capture_tracking_interfaces/motion_capture_tracking_interfaces_s__rosidl_typesupport_introspection_c.cpython-310-x86_64-linux-gnu.so
[1.368s] -- Up-to-date symlink: /home/aurelio/verrueckter_schwarm/ros2_ws/install/motion_capture_tracking_interfaces/local/lib/python3.10/dist-packages/motion_capture_tracking_interfaces/msg/__init__.py
[1.368s] -- Up-to-date symlink: /home/aurelio/verrueckter_schwarm/ros2_ws/install/motion_capture_tracking_interfaces/local/lib/python3.10/dist-packages/motion_capture_tracking_interfaces/msg/_named_pose.py
[1.368s] -- Up-to-date symlink: /home/aurelio/verrueckter_schwarm/ros2_ws/install/motion_capture_tracking_interfaces/local/lib/python3.10/dist-packages/motion_capture_tracking_interfaces/msg/_named_pose_array.py
[1.369s] -- Up-to-date symlink: /home/aurelio/verrueckter_schwarm/ros2_ws/install/motion_capture_tracking_interfaces/local/lib/python3.10/dist-packages/motion_capture_tracking_interfaces/msg/_named_pose_array_s.c
[1.369s] -- Up-to-date symlink: /home/aurelio/verrueckter_schwarm/ros2_ws/install/motion_capture_tracking_interfaces/local/lib/python3.10/dist-packages/motion_capture_tracking_interfaces/msg/_named_pose_s.c
[1.369s] -- Up-to-date symlink: /home/aurelio/verrueckter_schwarm/ros2_ws/install/motion_capture_tracking_interfaces/local/lib/python3.10/dist-packages/motion_capture_tracking_interfaces/motion_capture_tracking_interfaces_s__rosidl_typesupport_fastrtps_c.cpython-310-x86_64-linux-gnu.so
[1.370s] -- Up-to-date symlink: /home/aurelio/verrueckter_schwarm/ros2_ws/install/motion_capture_tracking_interfaces/local/lib/python3.10/dist-packages/motion_capture_tracking_interfaces/motion_capture_tracking_interfaces_s__rosidl_typesupport_introspection_c.cpython-310-x86_64-linux-gnu.so
[1.371s] -- Up-to-date symlink: /home/aurelio/verrueckter_schwarm/ros2_ws/install/motion_capture_tracking_interfaces/local/lib/python3.10/dist-packages/motion_capture_tracking_interfaces/motion_capture_tracking_interfaces_s__rosidl_typesupport_c.cpython-310-x86_64-linux-gnu.so
[1.371s] -- Up-to-date symlink: /home/aurelio/verrueckter_schwarm/ros2_ws/install/motion_capture_tracking_interfaces/share/motion_capture_tracking_interfaces/msg/NamedPose.idl
[1.371s] -- Up-to-date symlink: /home/aurelio/verrueckter_schwarm/ros2_ws/install/motion_capture_tracking_interfaces/share/motion_capture_tracking_interfaces/msg/NamedPoseArray.idl
[1.372s] -- Up-to-date symlink: /home/aurelio/verrueckter_schwarm/ros2_ws/install/motion_capture_tracking_interfaces/share/motion_capture_tracking_interfaces/msg/NamedPose.msg
[1.373s] -- Up-to-date symlink: /home/aurelio/verrueckter_schwarm/ros2_ws/install/motion_capture_tracking_interfaces/share/motion_capture_tracking_interfaces/msg/NamedPoseArray.msg
[1.373s] -- Up-to-date symlink: /home/aurelio/verrueckter_schwarm/ros2_ws/install/motion_capture_tracking_interfaces/share/ament_index/resource_index/package_run_dependencies/motion_capture_tracking_interfaces
[1.373s] -- Up-to-date symlink: /home/aurelio/verrueckter_schwarm/ros2_ws/install/motion_capture_tracking_interfaces/share/ament_index/resource_index/parent_prefix_path/motion_capture_tracking_interfaces
[1.374s] -- Up-to-date symlink: /home/aurelio/verrueckter_schwarm/ros2_ws/install/motion_capture_tracking_interfaces/share/motion_capture_tracking_interfaces/environment/ament_prefix_path.sh
[1.374s] -- Up-to-date symlink: /home/aurelio/verrueckter_schwarm/ros2_ws/install/motion_capture_tracking_interfaces/share/motion_capture_tracking_interfaces/environment/ament_prefix_path.dsv
[1.375s] -- Up-to-date symlink: /home/aurelio/verrueckter_schwarm/ros2_ws/install/motion_capture_tracking_interfaces/share/motion_capture_tracking_interfaces/environment/path.sh
[1.375s] -- Up-to-date symlink: /home/aurelio/verrueckter_schwarm/ros2_ws/install/motion_capture_tracking_interfaces/share/motion_capture_tracking_interfaces/environment/path.dsv
[1.376s] -- Up-to-date symlink: /home/aurelio/verrueckter_schwarm/ros2_ws/install/motion_capture_tracking_interfaces/share/motion_capture_tracking_interfaces/local_setup.bash
[1.376s] -- Up-to-date symlink: /home/aurelio/verrueckter_schwarm/ros2_ws/install/motion_capture_tracking_interfaces/share/motion_capture_tracking_interfaces/local_setup.sh
[1.376s] -- Up-to-date symlink: /home/aurelio/verrueckter_schwarm/ros2_ws/install/motion_capture_tracking_interfaces/share/motion_capture_tracking_interfaces/local_setup.zsh
[1.377s] -- Up-to-date symlink: /home/aurelio/verrueckter_schwarm/ros2_ws/install/motion_capture_tracking_interfaces/share/motion_capture_tracking_interfaces/local_setup.dsv
[1.377s] -- Symlinking: /home/aurelio/verrueckter_schwarm/ros2_ws/install/motion_capture_tracking_interfaces/share/motion_capture_tracking_interfaces/package.dsv
[1.398s] -- Up-to-date symlink: /home/aurelio/verrueckter_schwarm/ros2_ws/install/motion_capture_tracking_interfaces/share/ament_index/resource_index/packages/motion_capture_tracking_interfaces
[1.398s] -- Up-to-date symlink: /home/aurelio/verrueckter_schwarm/ros2_ws/install/motion_capture_tracking_interfaces/share/motion_capture_tracking_interfaces/cmake/rosidl_cmake-extras.cmake
[1.398s] -- Up-to-date symlink: /home/aurelio/verrueckter_schwarm/ros2_ws/install/motion_capture_tracking_interfaces/share/motion_capture_tracking_interfaces/cmake/ament_cmake_export_dependencies-extras.cmake
[1.399s] -- Up-to-date symlink: /home/aurelio/verrueckter_schwarm/ros2_ws/install/motion_capture_tracking_interfaces/share/motion_capture_tracking_interfaces/cmake/ament_cmake_export_include_directories-extras.cmake
[1.399s] -- Up-to-date symlink: /home/aurelio/verrueckter_schwarm/ros2_ws/install/motion_capture_tracking_interfaces/share/motion_capture_tracking_interfaces/cmake/ament_cmake_export_libraries-extras.cmake
[1.400s] -- Up-to-date symlink: /home/aurelio/verrueckter_schwarm/ros2_ws/install/motion_capture_tracking_interfaces/share/motion_capture_tracking_interfaces/cmake/ament_cmake_export_targets-extras.cmake
[1.400s] -- Up-to-date symlink: /home/aurelio/verrueckter_schwarm/ros2_ws/install/motion_capture_tracking_interfaces/share/motion_capture_tracking_interfaces/cmake/rosidl_cmake_export_typesupport_targets-extras.cmake
[1.401s] -- Up-to-date symlink: /home/aurelio/verrueckter_schwarm/ros2_ws/install/motion_capture_tracking_interfaces/share/motion_capture_tracking_interfaces/cmake/rosidl_cmake_export_typesupport_libraries-extras.cmake
[1.401s] -- Up-to-date symlink: /home/aurelio/verrueckter_schwarm/ros2_ws/install/motion_capture_tracking_interfaces/share/motion_capture_tracking_interfaces/cmake/motion_capture_tracking_interfacesConfig.cmake
[1.401s] -- Up-to-date symlink: /home/aurelio/verrueckter_schwarm/ros2_ws/install/motion_capture_tracking_interfaces/share/motion_capture_tracking_interfaces/cmake/motion_capture_tracking_interfacesConfig-version.cmake
[1.402s] -- Up-to-date symlink: /home/aurelio/verrueckter_schwarm/ros2_ws/install/motion_capture_tracking_interfaces/share/motion_capture_tracking_interfaces/package.xml
[1.403s] -- Up-to-date: /home/aurelio/verrueckter_schwarm/ros2_ws/install/motion_capture_tracking_interfaces/lib/libmotion_capture_tracking_interfaces__rosidl_generator_c.so
[1.403s] -- Up-to-date: /home/aurelio/verrueckter_schwarm/ros2_ws/install/motion_capture_tracking_interfaces/lib/libmotion_capture_tracking_interfaces__rosidl_typesupport_fastrtps_c.so
[1.404s] -- Up-to-date: /home/aurelio/verrueckter_schwarm/ros2_ws/install/motion_capture_tracking_interfaces/lib/libmotion_capture_tracking_interfaces__rosidl_typesupport_fastrtps_cpp.so
[1.406s] -- Up-to-date: /home/aurelio/verrueckter_schwarm/ros2_ws/install/motion_capture_tracking_interfaces/lib/libmotion_capture_tracking_interfaces__rosidl_typesupport_introspection_c.so
[1.406s] -- Up-to-date: /home/aurelio/verrueckter_schwarm/ros2_ws/install/motion_capture_tracking_interfaces/lib/libmotion_capture_tracking_interfaces__rosidl_typesupport_c.so
[1.407s] -- Up-to-date: /home/aurelio/verrueckter_schwarm/ros2_ws/install/motion_capture_tracking_interfaces/lib/libmotion_capture_tracking_interfaces__rosidl_typesupport_introspection_cpp.so
[1.409s] -- Up-to-date: /home/aurelio/verrueckter_schwarm/ros2_ws/install/motion_capture_tracking_interfaces/lib/libmotion_capture_tracking_interfaces__rosidl_typesupport_cpp.so
[1.484s] Listing '/home/aurelio/verrueckter_schwarm/ros2_ws/install/motion_capture_tracking_interfaces/local/lib/python3.10/dist-packages/motion_capture_tracking_interfaces'...
[1.484s] Listing '/home/aurelio/verrueckter_schwarm/ros2_ws/install/motion_capture_tracking_interfaces/local/lib/python3.10/dist-packages/motion_capture_tracking_interfaces/msg'...
[1.493s] -- Up-to-date: /home/aurelio/verrueckter_schwarm/ros2_ws/install/motion_capture_tracking_interfaces/lib/libmotion_capture_tracking_interfaces__rosidl_generator_py.so
[1.494s] -- Up-to-date: /home/aurelio/verrueckter_schwarm/ros2_ws/install/motion_capture_tracking_interfaces/share/motion_capture_tracking_interfaces/cmake/export_motion_capture_tracking_interfaces__rosidl_generator_cExport.cmake
[1.494s] -- Up-to-date: /home/aurelio/verrueckter_schwarm/ros2_ws/install/motion_capture_tracking_interfaces/share/motion_capture_tracking_interfaces/cmake/export_motion_capture_tracking_interfaces__rosidl_generator_cExport-noconfig.cmake
[1.495s] -- Up-to-date: /home/aurelio/verrueckter_schwarm/ros2_ws/install/motion_capture_tracking_interfaces/share/motion_capture_tracking_interfaces/cmake/export_motion_capture_tracking_interfaces__rosidl_typesupport_fastrtps_cExport.cmake
[1.495s] -- Up-to-date: /home/aurelio/verrueckter_schwarm/ros2_ws/install/motion_capture_tracking_interfaces/share/motion_capture_tracking_interfaces/cmake/export_motion_capture_tracking_interfaces__rosidl_typesupport_fastrtps_cExport-noconfig.cmake
[1.495s] -- Up-to-date: /home/aurelio/verrueckter_schwarm/ros2_ws/install/motion_capture_tracking_interfaces/share/motion_capture_tracking_interfaces/cmake/export_motion_capture_tracking_interfaces__rosidl_generator_cppExport.cmake
[1.495s] -- Up-to-date: /home/aurelio/verrueckter_schwarm/ros2_ws/install/motion_capture_tracking_interfaces/share/motion_capture_tracking_interfaces/cmake/export_motion_capture_tracking_interfaces__rosidl_typesupport_fastrtps_cppExport.cmake
[1.496s] -- Up-to-date: /home/aurelio/verrueckter_schwarm/ros2_ws/install/motion_capture_tracking_interfaces/share/motion_capture_tracking_interfaces/cmake/export_motion_capture_tracking_interfaces__rosidl_typesupport_fastrtps_cppExport-noconfig.cmake
[1.496s] -- Up-to-date: /home/aurelio/verrueckter_schwarm/ros2_ws/install/motion_capture_tracking_interfaces/share/motion_capture_tracking_interfaces/cmake/motion_capture_tracking_interfaces__rosidl_typesupport_introspection_cExport.cmake
[1.496s] -- Up-to-date: /home/aurelio/verrueckter_schwarm/ros2_ws/install/motion_capture_tracking_interfaces/share/motion_capture_tracking_interfaces/cmake/motion_capture_tracking_interfaces__rosidl_typesupport_introspection_cExport-noconfig.cmake
[1.496s] -- Up-to-date: /home/aurelio/verrueckter_schwarm/ros2_ws/install/motion_capture_tracking_interfaces/share/motion_capture_tracking_interfaces/cmake/motion_capture_tracking_interfaces__rosidl_typesupport_cExport.cmake
[1.497s] -- Up-to-date: /home/aurelio/verrueckter_schwarm/ros2_ws/install/motion_capture_tracking_interfaces/share/motion_capture_tracking_interfaces/cmake/motion_capture_tracking_interfaces__rosidl_typesupport_cExport-noconfig.cmake
[1.497s] -- Up-to-date: /home/aurelio/verrueckter_schwarm/ros2_ws/install/motion_capture_tracking_interfaces/share/motion_capture_tracking_interfaces/cmake/motion_capture_tracking_interfaces__rosidl_typesupport_introspection_cppExport.cmake
[1.498s] -- Up-to-date: /home/aurelio/verrueckter_schwarm/ros2_ws/install/motion_capture_tracking_interfaces/share/motion_capture_tracking_interfaces/cmake/motion_capture_tracking_interfaces__rosidl_typesupport_introspection_cppExport-noconfig.cmake
[1.498s] -- Up-to-date: /home/aurelio/verrueckter_schwarm/ros2_ws/install/motion_capture_tracking_interfaces/share/motion_capture_tracking_interfaces/cmake/motion_capture_tracking_interfaces__rosidl_typesupport_cppExport.cmake
[1.498s] -- Up-to-date: /home/aurelio/verrueckter_schwarm/ros2_ws/install/motion_capture_tracking_interfaces/share/motion_capture_tracking_interfaces/cmake/motion_capture_tracking_interfaces__rosidl_typesupport_cppExport-noconfig.cmake
[1.498s] -- Up-to-date: /home/aurelio/verrueckter_schwarm/ros2_ws/install/motion_capture_tracking_interfaces/share/motion_capture_tracking_interfaces/cmake/export_motion_capture_tracking_interfaces__rosidl_generator_pyExport.cmake
[1.499s] -- Up-to-date: /home/aurelio/verrueckter_schwarm/ros2_ws/install/motion_capture_tracking_interfaces/share/motion_capture_tracking_interfaces/cmake/export_motion_capture_tracking_interfaces__rosidl_generator_pyExport-noconfig.cmake
[1.503s] Invoked command in '/home/aurelio/verrueckter_schwarm/ros2_ws/build/motion_capture_tracking_interfaces' returned '0': CMAKE_PREFIX_PATH=${CMAKE_PREFIX_PATH}:/home/aurelio/verrueckter_schwarm/ros2_ws/install/crazyflie_flight_path:/home/aurelio/verrueckter_schwarm/ros2_ws/install/crazyflie_py:/opt/ros/humble /usr/bin/cmake --install /home/aurelio/verrueckter_schwarm/ros2_ws/build/motion_capture_tracking_interfaces
